Using cuda device
Find 9524 files.
Reading 9524 files...
Read 154 sequences.
VQVAE(
  (egru): GRU(89, 96)
  (gru): GRU(96, 96)
  (relu): LeakyReLU(negative_slope=0.01)
  (dgru): GRU(96, 96)
  (linear): Linear(in_features=96, out_features=96, bias=True)
  (vq_layer): VectorQuantizer()
)
Start trainning...
Epoch 1
-----------------
loss = 0.24560901522636414
Epoch 2
-----------------
best loss = 0.24560901522636414, last loss = 0.24560901522636414, loss = 0.24430621415376663, diff loss = 0.0013028010725975037, per = 0.5332656302297407
Epoch 3
-----------------
best loss = 0.24560901522636414, last loss = 0.24430621415376663, loss = 0.24301334470510483, diff loss = 0.002595670521259308, per = 1.0681185119315721
Epoch 4
-----------------
best loss = 0.24560901522636414, last loss = 0.24301334470510483, loss = 0.24172911792993546, diff loss = 0.0038798972964286804, per = 1.6050599653258397
Epoch 5
-----------------
best loss = 0.24560901522636414, last loss = 0.24172911792993546, loss = 0.2404509335756302, diff loss = 0.005158081650733948, per = 2.14517014928185
Epoch 6
-----------------
best loss = 0.24560901522636414, last loss = 0.2404509335756302, loss = 0.23917701840400696, diff loss = 0.006431996822357178, per = 2.689220254218798
Epoch 7
-----------------
best loss = 0.24560901522636414, last loss = 0.23917701840400696, loss = 0.23791129887104034, diff loss = 0.0076977163553237915, per = 3.23554046901166
Epoch 8
-----------------
best loss = 0.24560901522636414, last loss = 0.23791129887104034, loss = 0.23665378242731094, diff loss = 0.008955232799053192, per = 3.7841071911892317
Epoch 9
-----------------
best loss = 0.24560901522636414, last loss = 0.23665378242731094, loss = 0.23540221899747849, diff loss = 0.01020679622888565, per = 4.33589635320939
Epoch 10
-----------------
best loss = 0.24560901522636414, last loss = 0.23540221899747849, loss = 0.23414699733257294, diff loss = 0.011462017893791199, per = 4.895223096758747
Epoch 11
-----------------
best loss = 0.24560901522636414, last loss = 0.23414699733257294, loss = 0.23290250450372696, diff loss = 0.012706510722637177, per = 5.455720946287138
Epoch 12
-----------------
best loss = 0.24560901522636414, last loss = 0.23290250450372696, loss = 0.23167549818754196, diff loss = 0.013933517038822174, per = 6.014238513708927
Epoch 13
-----------------
best loss = 0.24560901522636414, last loss = 0.23167549818754196, loss = 0.23044760525226593, diff loss = 0.015161409974098206, per = 6.579113702440667
Epoch 14
-----------------
best loss = 0.24560901522636414, last loss = 0.23044760525226593, loss = 0.2292346954345703, diff loss = 0.016374319791793823, per = 7.143037296667637
Epoch 15
-----------------
best loss = 0.24560901522636414, last loss = 0.2292346954345703, loss = 0.2280271202325821, diff loss = 0.017581894993782043, per = 7.710440308963662
Epoch 16
-----------------
best loss = 0.24560901522636414, last loss = 0.2280271202325821, loss = 0.22684236615896225, diff loss = 0.018766649067401886, per = 8.272991234032073
Epoch 17
-----------------
best loss = 0.24560901522636414, last loss = 0.22684236615896225, loss = 0.22566570341587067, diff loss = 0.01994331181049347, per = 8.83754664914265
Epoch 18
-----------------
best loss = 0.24560901522636414, last loss = 0.22566570341587067, loss = 0.22450558841228485, diff loss = 0.021103426814079285, per = 9.399956127294566
Epoch 19
-----------------
best loss = 0.24560901522636414, last loss = 0.22450558841228485, loss = 0.22335688769817352, diff loss = 0.022252127528190613, per = 9.962588464368443
Epoch 20
-----------------
best loss = 0.24560901522636414, last loss = 0.22335688769817352, loss = 0.22221969068050385, diff loss = 0.02338932454586029, per = 10.525315949381044
Epoch 21
-----------------
best loss = 0.24560901522636414, last loss = 0.22221969068050385, loss = 0.2210974246263504, diff loss = 0.024511590600013733, per = 11.086330219104886
Epoch 22
-----------------
best loss = 0.24560901522636414, last loss = 0.2210974246263504, loss = 0.21998100727796555, diff loss = 0.02562800794839859, per = 11.650100281619007
Epoch 23
-----------------
best loss = 0.24560901522636414, last loss = 0.21998100727796555, loss = 0.21886073052883148, diff loss = 0.026748284697532654, per = 12.221600756289618
Epoch 24
-----------------
best loss = 0.24560901522636414, last loss = 0.21886073052883148, loss = 0.2177618443965912, diff loss = 0.02784717082977295, per = 12.787901804807117
Epoch 25
-----------------
best loss = 0.24560901522636414, last loss = 0.2177618443965912, loss = 0.21667059510946274, diff loss = 0.028938420116901398, per = 13.355951739681892
Epoch 26
-----------------
best loss = 0.24560901522636414, last loss = 0.21667059510946274, loss = 0.21557923406362534, diff loss = 0.0300297811627388, per = 13.929811604152889
Epoch 27
-----------------
best loss = 0.24560901522636414, last loss = 0.21557923406362534, loss = 0.21450913697481155, diff loss = 0.031099878251552582, per = 14.49816016704428
Epoch 28
-----------------
best loss = 0.24560901522636414, last loss = 0.21450913697481155, loss = 0.21345214545726776, diff loss = 0.032156869769096375, per = 15.065142446897564
Epoch 29
-----------------
best loss = 0.24560901522636414, last loss = 0.21345214545726776, loss = 0.21240101754665375, diff loss = 0.03320799767971039, per = 15.634575607631577
Epoch 30
-----------------
best loss = 0.24560901522636414, last loss = 0.21240101754665375, loss = 0.2113613709807396, diff loss = 0.03424764424562454, per = 16.20336019146345
Epoch 31
-----------------
best loss = 0.24560901522636414, last loss = 0.2113613709807396, loss = 0.21033716946840286, diff loss = 0.03527184575796127, per = 16.769192932996972
Epoch 32
-----------------
best loss = 0.24560901522636414, last loss = 0.21033716946840286, loss = 0.2093106135725975, diff loss = 0.03629840165376663, per = 17.34188297201511
Epoch 33
-----------------
best loss = 0.24560901522636414, last loss = 0.2093106135725975, loss = 0.20827952027320862, diff loss = 0.03732949495315552, per = 17.92278708160501
Epoch 34
-----------------
best loss = 0.24560901522636414, last loss = 0.20827952027320862, loss = 0.20727653056383133, diff loss = 0.038332484662532806, per = 18.493403260977594
Epoch 35
-----------------
best loss = 0.24560901522636414, last loss = 0.20727653056383133, loss = 0.20627716928720474, diff loss = 0.03933184593915939, per = 19.06747415386368
Epoch 36
-----------------
best loss = 0.24560901522636414, last loss = 0.20627716928720474, loss = 0.20529192686080933, diff loss = 0.04031708836555481, per = 19.638905914157228
Epoch 37
-----------------
best loss = 0.24560901522636414, last loss = 0.20529192686080933, loss = 0.2043319270014763, diff loss = 0.04127708822488785, per = 20.200997871756783
Epoch 38
-----------------
best loss = 0.24560901522636414, last loss = 0.2043319270014763, loss = 0.20338688045740128, diff loss = 0.04222213476896286, per = 20.759517366119468
Epoch 39
-----------------
best loss = 0.24560901522636414, last loss = 0.20338688045740128, loss = 0.20246121287345886, diff loss = 0.04314780235290527, per = 21.311638777879526
Epoch 40
-----------------
best loss = 0.24560901522636414, last loss = 0.20246121287345886, loss = 0.20154119282960892, diff loss = 0.04406782239675522, per = 21.865417078290264
Epoch 41
-----------------
best loss = 0.24560901522636414, last loss = 0.20154119282960892, loss = 0.20063116401433945, diff loss = 0.04497785121202469, per = 22.418177870318313
Epoch 42
-----------------
best loss = 0.24560901522636414, last loss = 0.20063116401433945, loss = 0.19974327832460403, diff loss = 0.0458657369017601, per = 22.962343106847086
Epoch 43
-----------------
best loss = 0.24560901522636414, last loss = 0.19974327832460403, loss = 0.19886764138936996, diff loss = 0.04674137383699417, per = 23.503760345544393
Epoch 44
-----------------
best loss = 0.24560901522636414, last loss = 0.19886764138936996, loss = 0.19801770895719528, diff loss = 0.047591306269168854, per = 24.033863698249576
Epoch 45
-----------------
best loss = 0.24560901522636414, last loss = 0.19801770895719528, loss = 0.19715270400047302, diff loss = 0.04845631122589111, per = 24.578060682228763
Epoch 46
-----------------
best loss = 0.24560901522636414, last loss = 0.19715270400047302, loss = 0.1963130161166191, diff loss = 0.049295999109745026, per = 25.110917291628233
Epoch 47
-----------------
best loss = 0.24560901522636414, last loss = 0.1963130161166191, loss = 0.1954856440424919, diff loss = 0.05012337118387222, per = 25.64043586391291
Epoch 48
-----------------
best loss = 0.24560901522636414, last loss = 0.1954856440424919, loss = 0.19467413425445557, diff loss = 0.05093488097190857, per = 26.164174900263003
Epoch 49
-----------------
best loss = 0.24560901522636414, last loss = 0.19467413425445557, loss = 0.19386738538742065, diff loss = 0.05174162983894348, per = 26.689187423425587
Epoch 50
-----------------
best loss = 0.24560901522636414, last loss = 0.19386738538742065, loss = 0.19306666404008865, diff loss = 0.05254235118627548, per = 27.21461597086772
Epoch 51
-----------------
best loss = 0.24560901522636414, last loss = 0.19306666404008865, loss = 0.19228018075227737, diff loss = 0.05332883447408676, per = 27.734961692589906
Epoch 52
-----------------
best loss = 0.24560901522636414, last loss = 0.19228018075227737, loss = 0.1915038302540779, diff loss = 0.054105184972286224, per = 28.252795205454696
Epoch 53
-----------------
best loss = 0.24560901522636414, last loss = 0.1915038302540779, loss = 0.1907408908009529, diff loss = 0.054868124425411224, per = 28.765790174833928
Epoch 54
-----------------
best loss = 0.24560901522636414, last loss = 0.1907408908009529, loss = 0.18998493254184723, diff loss = 0.05562408268451691, per = 29.278154820127543
Epoch 55
-----------------
best loss = 0.24560901522636414, last loss = 0.18998493254184723, loss = 0.18921801447868347, diff loss = 0.056391000747680664, per = 29.80213110418905
Epoch 56
-----------------
best loss = 0.24560901522636414, last loss = 0.18921801447868347, loss = 0.188468836247921, diff loss = 0.057140178978443146, per = 30.31810463522903
Epoch 57
-----------------
best loss = 0.24560901522636414, last loss = 0.188468836247921, loss = 0.18771812319755554, diff loss = 0.057890892028808594, per = 30.83926636528531
Epoch 58
-----------------
best loss = 0.24560901522636414, last loss = 0.18771812319755554, loss = 0.18698296695947647, diff loss = 0.058626048266887665, per = 31.353683824897953
Epoch 59
-----------------
best loss = 0.24560901522636414, last loss = 0.18698296695947647, loss = 0.18624897301197052, diff loss = 0.059360042214393616, per = 31.87133934455491
Epoch 60
-----------------
best loss = 0.24560901522636414, last loss = 0.18624897301197052, loss = 0.1855216585099697, diff loss = 0.060087356716394424, per = 32.388324467876295
Epoch 61
-----------------
best loss = 0.24560901522636414, last loss = 0.1855216585099697, loss = 0.18479780107736588, diff loss = 0.06081121414899826, per = 32.90689271975674
Epoch 62
-----------------
best loss = 0.24560901522636414, last loss = 0.18479780107736588, loss = 0.18408145010471344, diff loss = 0.061527565121650696, per = 33.424098455684245
Epoch 63
-----------------
best loss = 0.24560901522636414, last loss = 0.18408145010471344, loss = 0.18336213007569313, diff loss = 0.062246885150671005, per = 33.947514203164566
Epoch 64
-----------------
best loss = 0.24560901522636414, last loss = 0.18336213007569313, loss = 0.18264663219451904, diff loss = 0.06296238303184509, per = 34.472238702321114
Epoch 65
-----------------
best loss = 0.24560901522636414, last loss = 0.18264663219451904, loss = 0.18194061517715454, diff loss = 0.0636684000492096, per = 34.994055608318156
Epoch 66
-----------------
best loss = 0.24560901522636414, last loss = 0.18194061517715454, loss = 0.18123679235577583, diff loss = 0.0643722228705883, per = 35.51829737982936
Epoch 67
-----------------
best loss = 0.24560901522636414, last loss = 0.18123679235577583, loss = 0.1805373728275299, diff loss = 0.06507164239883423, per = 36.043308584643114
Epoch 68
-----------------
best loss = 0.24560901522636414, last loss = 0.1805373728275299, loss = 0.17983295768499374, diff loss = 0.06577605754137039, per = 36.57619737122253
Epoch 69
-----------------
best loss = 0.24560901522636414, last loss = 0.17983295768499374, loss = 0.17913996428251266, diff loss = 0.06646905094385147, per = 37.104535110337785
Epoch 70
-----------------
best loss = 0.24560901522636414, last loss = 0.17913996428251266, loss = 0.17843293026089668, diff loss = 0.06717608496546745, per = 37.64780686347838
Epoch 71
-----------------
best loss = 0.24560901522636414, last loss = 0.17843293026089668, loss = 0.17775002121925354, diff loss = 0.0678589940071106, per = 38.17664467303042
Epoch 72
-----------------
best loss = 0.24560901522636414, last loss = 0.17775002121925354, loss = 0.17706986889243126, diff loss = 0.06853914633393288, per = 38.70740220379897
Epoch 73
-----------------
best loss = 0.24560901522636414, last loss = 0.17706986889243126, loss = 0.17640111222863197, diff loss = 0.06920790299773216, per = 39.233257729141975
Epoch 74
-----------------
best loss = 0.24560901522636414, last loss = 0.17640111222863197, loss = 0.17573153600096703, diff loss = 0.06987747922539711, per = 39.763767400867984
Epoch 75
-----------------
best loss = 0.24560901522636414, last loss = 0.17573153600096703, loss = 0.17507141828536987, diff loss = 0.07053759694099426, per = 40.29075541389434
Epoch 76
-----------------
best loss = 0.24560901522636414, last loss = 0.17507141828536987, loss = 0.17441318929195404, diff loss = 0.0711958259344101, per = 40.8202075906277
Epoch 77
-----------------
best loss = 0.24560901522636414, last loss = 0.17441318929195404, loss = 0.17376090958714485, diff loss = 0.07184810563921928, per = 41.34883145462928
Epoch 78
-----------------
best loss = 0.24560901522636414, last loss = 0.17376090958714485, loss = 0.17310191318392754, diff loss = 0.0725071020424366, per = 41.88694434901766
Epoch 79
-----------------
best loss = 0.24560901522636414, last loss = 0.17310191318392754, loss = 0.172452911734581, diff loss = 0.07315610349178314, per = 42.42091522605099
Epoch 80
-----------------
best loss = 0.24560901522636414, last loss = 0.172452911734581, loss = 0.17180530726909637, diff loss = 0.07380370795726776, per = 42.95775790073236
Epoch 81
-----------------
best loss = 0.24560901522636414, last loss = 0.17180530726909637, loss = 0.17115766182541847, diff loss = 0.07445135340094566, per = 43.49869740385117
Epoch 82
-----------------
best loss = 0.24560901522636414, last loss = 0.17115766182541847, loss = 0.17051143571734428, diff loss = 0.07509757950901985, per = 44.042547171738455
Epoch 83
-----------------
best loss = 0.24560901522636414, last loss = 0.17051143571734428, loss = 0.16987282782793045, diff loss = 0.07573618739843369, per = 44.58405053170084
Epoch 84
-----------------
best loss = 0.24560901522636414, last loss = 0.16987282782793045, loss = 0.16923556104302406, diff loss = 0.07637345418334007, per = 45.12849055638133
Epoch 85
-----------------
best loss = 0.24560901522636414, last loss = 0.16923556104302406, loss = 0.1685837097465992, diff loss = 0.07702530547976494, per = 45.68964913368135
Epoch 86
-----------------
best loss = 0.24560901522636414, last loss = 0.1685837097465992, loss = 0.1679496020078659, diff loss = 0.07765941321849823, per = 46.239712562618074
Epoch 87
-----------------
best loss = 0.24560901522636414, last loss = 0.1679496020078659, loss = 0.167317982763052, diff loss = 0.07829103246331215, per = 46.79176211094076
Epoch 88
-----------------
best loss = 0.24560901522636414, last loss = 0.167317982763052, loss = 0.16668391600251198, diff loss = 0.07892509922385216, per = 47.350158981543686
Epoch 89
-----------------
best loss = 0.24560901522636414, last loss = 0.16668391600251198, loss = 0.1660456545650959, diff loss = 0.07956336066126823, per = 47.91655696721441
Epoch 90
-----------------
best loss = 0.24560901522636414, last loss = 0.1660456545650959, loss = 0.16541915759444237, diff loss = 0.08018985763192177, per = 48.47676580999342
Epoch 91
-----------------
best loss = 0.24560901522636414, last loss = 0.16541915759444237, loss = 0.16480134427547455, diff loss = 0.08080767095088959, per = 49.03338095095578
Epoch 92
-----------------
best loss = 0.24560901522636414, last loss = 0.16480134427547455, loss = 0.16418467834591866, diff loss = 0.08142433688044548, per = 49.593139689255025
Epoch 93
-----------------
best loss = 0.24560901522636414, last loss = 0.16418467834591866, loss = 0.1635730005800724, diff loss = 0.08203601464629173, per = 50.15254006185048
Epoch 94
-----------------
best loss = 0.24560901522636414, last loss = 0.1635730005800724, loss = 0.16295817121863365, diff loss = 0.08265084400773048, per = 50.71905470566528
Epoch 95
-----------------
best loss = 0.24560901522636414, last loss = 0.16295817121863365, loss = 0.1623457781970501, diff loss = 0.08326323702931404, per = 51.28758995398809
Epoch 96
-----------------
best loss = 0.24560901522636414, last loss = 0.1623457781970501, loss = 0.1617363579571247, diff loss = 0.08387265726923943, per = 51.85763938833935
Epoch 97
-----------------
best loss = 0.24560901522636414, last loss = 0.1617363579571247, loss = 0.1611374393105507, diff loss = 0.08447157591581345, per = 52.42206670109506
Epoch 98
-----------------
best loss = 0.24560901522636414, last loss = 0.1611374393105507, loss = 0.16054732725024223, diff loss = 0.0850616879761219, per = 52.98231333589115
Epoch 99
-----------------
best loss = 0.24560901522636414, last loss = 0.16054732725024223, loss = 0.1599557138979435, diff loss = 0.08565330132842064, per = 53.548134818784895
Epoch 100
-----------------
best loss = 0.24560901522636414, last loss = 0.1599557138979435, loss = 0.15936538204550743, diff loss = 0.0862436331808567, per = 54.116918036960804
Epoch 101
-----------------
best loss = 0.24560901522636414, last loss = 0.15936538204550743, loss = 0.15878130495548248, diff loss = 0.08682771027088165, per = 54.683837177950856
Epoch 102
-----------------
best loss = 0.24560901522636414, last loss = 0.15878130495548248, loss = 0.15819457173347473, diff loss = 0.0874144434928894, per = 55.25754931728299
Epoch 103
-----------------
best loss = 0.24560901522636414, last loss = 0.15819457173347473, loss = 0.15761176869273186, diff loss = 0.08799724653363228, per = 55.83164713111313
Epoch 104
-----------------
best loss = 0.24560901522636414, last loss = 0.15761176869273186, loss = 0.15702875331044197, diff loss = 0.08858026191592216, per = 56.41021790499806
Epoch 105
-----------------
best loss = 0.24560901522636414, last loss = 0.15702875331044197, loss = 0.15645785257220268, diff loss = 0.08915116265416145, per = 56.9809448285887
Epoch 106
-----------------
best loss = 0.24560901522636414, last loss = 0.15645785257220268, loss = 0.15588903799653053, diff loss = 0.0897199772298336, per = 57.55374360051565
Epoch 107
-----------------
best loss = 0.24560901522636414, last loss = 0.15588903799653053, loss = 0.15533309802412987, diff loss = 0.09027591720223427, per = 58.11763130367139
Epoch 108
-----------------
best loss = 0.24560901522636414, last loss = 0.15533309802412987, loss = 0.15478020906448364, diff loss = 0.0908288061618805, per = 58.6824418385686
Epoch 109
-----------------
best loss = 0.24560901522636414, last loss = 0.15478020906448364, loss = 0.15422791615128517, diff loss = 0.09138109907507896, per = 59.25068648754967
Epoch 110
-----------------
best loss = 0.24560901522636414, last loss = 0.15422791615128517, loss = 0.1537397839128971, diff loss = 0.09186923131346703, per = 59.75631614359267
Epoch 111
-----------------
best loss = 0.24560901522636414, last loss = 0.1537397839128971, loss = 0.15319755300879478, diff loss = 0.09241146221756935, per = 60.321761283134975
Epoch 112
-----------------
best loss = 0.24560901522636414, last loss = 0.15319755300879478, loss = 0.15265236422419548, diff loss = 0.09295665100216866, per = 60.89434086041818
Epoch 113
-----------------
best loss = 0.24560901522636414, last loss = 0.15265236422419548, loss = 0.1521199271082878, diff loss = 0.09348908811807632, per = 61.457489426434805
Epoch 114
-----------------
best loss = 0.24560901522636414, last loss = 0.1521199271082878, loss = 0.1515902504324913, diff loss = 0.09401876479387283, per = 62.021643559288684
Epoch 115
-----------------
best loss = 0.24560901522636414, last loss = 0.1515902504324913, loss = 0.15107165277004242, diff loss = 0.09453736245632172, per = 62.57783026986815
Epoch 116
-----------------
best loss = 0.24560901522636414, last loss = 0.15107165277004242, loss = 0.15055903419852257, diff loss = 0.09504998102784157, per = 63.13137005283359
Epoch 117
-----------------
best loss = 0.24560901522636414, last loss = 0.15055903419852257, loss = 0.1500449739396572, diff loss = 0.09556404128670692, per = 63.69026484361909
Epoch 118
-----------------
best loss = 0.24560901522636414, last loss = 0.1500449739396572, loss = 0.14954309910535812, diff loss = 0.09606591612100601, per = 64.23961834128123
Epoch 119
-----------------
best loss = 0.24560901522636414, last loss = 0.14954309910535812, loss = 0.14904144778847694, diff loss = 0.09656756743788719, per = 64.79242443681714
Epoch 120
-----------------
best loss = 0.24560901522636414, last loss = 0.14904144778847694, loss = 0.148549634963274, diff loss = 0.09705938026309013, per = 65.33801330921222
Epoch 121
-----------------
best loss = 0.24560901522636414, last loss = 0.148549634963274, loss = 0.14806155115365982, diff loss = 0.09754746407270432, per = 65.88304884869707
Epoch 122
-----------------
best loss = 0.24560901522636414, last loss = 0.14806155115365982, loss = 0.14758078753948212, diff loss = 0.09802822768688202, per = 66.42343446002864
Epoch 123
-----------------
best loss = 0.24560901522636414, last loss = 0.14758078753948212, loss = 0.14710508286952972, diff loss = 0.09850393235683441, per = 66.96161032328122
Epoch 124
-----------------
best loss = 0.24560901522636414, last loss = 0.14710508286952972, loss = 0.14664040133357048, diff loss = 0.09896861389279366, per = 67.49068673623215
Epoch 125
-----------------
best loss = 0.24560901522636414, last loss = 0.14664040133357048, loss = 0.1461716890335083, diff loss = 0.09943732619285583, per = 68.02776026625847
Epoch 126
-----------------
best loss = 0.24560901522636414, last loss = 0.1461716890335083, loss = 0.14570750296115875, diff loss = 0.09990151226520538, per = 68.5630528524232
Epoch 127
-----------------
best loss = 0.24560901522636414, last loss = 0.14570750296115875, loss = 0.14523858204483986, diff loss = 0.10037043318152428, per = 69.10727973820116
Epoch 128
-----------------
best loss = 0.24560901522636414, last loss = 0.14523858204483986, loss = 0.1447913721203804, diff loss = 0.10081764310598373, per = 69.62959299961834
Epoch 129
-----------------
best loss = 0.24560901522636414, last loss = 0.1447913721203804, loss = 0.14434785023331642, diff loss = 0.10126116499304771, per = 70.15079533874207
Epoch 130
-----------------
best loss = 0.24560901522636414, last loss = 0.14434785023331642, loss = 0.14390883594751358, diff loss = 0.10170017927885056, per = 70.66986443830498
Epoch 131
-----------------
best loss = 0.24560901522636414, last loss = 0.14390883594751358, loss = 0.14347507804632187, diff loss = 0.10213393718004227, per = 71.18583838446678
Epoch 132
-----------------
best loss = 0.24560901522636414, last loss = 0.14347507804632187, loss = 0.14304177463054657, diff loss = 0.10256724059581757, per = 71.70439604844942
Epoch 133
-----------------
best loss = 0.24560901522636414, last loss = 0.14304177463054657, loss = 0.14260122552514076, diff loss = 0.10300778970122337, per = 72.2348558519667
Epoch 134
-----------------
best loss = 0.24560901522636414, last loss = 0.14260122552514076, loss = 0.1421777419745922, diff loss = 0.10343127325177193, per = 72.7478660269169
Epoch 135
-----------------
best loss = 0.24560901522636414, last loss = 0.1421777419745922, loss = 0.1417572908103466, diff loss = 0.10385172441601753, per = 73.26023502731725
Epoch 136
-----------------
best loss = 0.24560901522636414, last loss = 0.1417572908103466, loss = 0.1413387842476368, diff loss = 0.10427023097872734, per = 73.77326155292067
Epoch 137
-----------------
best loss = 0.24560901522636414, last loss = 0.1413387842476368, loss = 0.140921950340271, diff loss = 0.10468706488609314, per = 74.28726655664012
Epoch 138
-----------------
best loss = 0.24560901522636414, last loss = 0.140921950340271, loss = 0.14050700142979622, diff loss = 0.10510201379656792, per = 74.8019762197272
Epoch 139
-----------------
best loss = 0.24560901522636414, last loss = 0.14050700142979622, loss = 0.14007815346121788, diff loss = 0.10553086176514626, per = 75.3371308498606
Epoch 140
-----------------
best loss = 0.24560901522636414, last loss = 0.14007815346121788, loss = 0.13966749608516693, diff loss = 0.1059415191411972, per = 75.85266587481158
Epoch 141
-----------------
best loss = 0.24560901522636414, last loss = 0.13966749608516693, loss = 0.1392587460577488, diff loss = 0.10635026916861534, per = 76.3688257860036
Epoch 142
-----------------
best loss = 0.24560901522636414, last loss = 0.1392587460577488, loss = 0.13885238394141197, diff loss = 0.10675663128495216, per = 76.88498263738673
Epoch 143
-----------------
best loss = 0.24560901522636414, last loss = 0.13885238394141197, loss = 0.13845126330852509, diff loss = 0.10715775191783905, per = 77.39745333998759
Epoch 144
-----------------
best loss = 0.24560901522636414, last loss = 0.13845126330852509, loss = 0.13804608583450317, diff loss = 0.10756292939186096, per = 77.91813055881424
Epoch 145
-----------------
best loss = 0.24560901522636414, last loss = 0.13804608583450317, loss = 0.13764943182468414, diff loss = 0.10795958340167999, per = 78.43082384762884
Epoch 146
-----------------
best loss = 0.24560901522636414, last loss = 0.13764943182468414, loss = 0.13725348934531212, diff loss = 0.10835552588105202, per = 78.94555278550584
Epoch 147
-----------------
best loss = 0.24560901522636414, last loss = 0.13725348934531212, loss = 0.13687529787421227, diff loss = 0.10873371735215187, per = 79.4399859148271
Epoch 148
-----------------
best loss = 0.24560901522636414, last loss = 0.13687529787421227, loss = 0.13648149743676186, diff loss = 0.10912751778960228, per = 79.95773774402356
Epoch 149
-----------------
best loss = 0.24560901522636414, last loss = 0.13648149743676186, loss = 0.1360912062227726, diff loss = 0.10951780900359154, per = 80.47383225064365
Epoch 150
-----------------
best loss = 0.24560901522636414, last loss = 0.1360912062227726, loss = 0.13570314645767212, diff loss = 0.10990586876869202, per = 80.9899192742545
Epoch 151
-----------------
best loss = 0.24560901522636414, last loss = 0.13570314645767212, loss = 0.13531732559204102, diff loss = 0.11029168963432312, per = 81.50596322516307
Epoch 152
-----------------
best loss = 0.24560901522636414, last loss = 0.13531732559204102, loss = 0.13493544980883598, diff loss = 0.11067356541752815, per = 82.01963648123616
Epoch 153
-----------------
best loss = 0.24560901522636414, last loss = 0.13493544980883598, loss = 0.13456206023693085, diff loss = 0.11104695498943329, per = 82.52471372235739
Epoch 154
-----------------
best loss = 0.24560901522636414, last loss = 0.13456206023693085, loss = 0.13418660312891006, diff loss = 0.11142241209745407, per = 83.03542194179627
Epoch 155
-----------------
best loss = 0.24560901522636414, last loss = 0.13418660312891006, loss = 0.13381745666265488, diff loss = 0.11179155856370926, per = 83.54034021549859
Epoch 156
-----------------
best loss = 0.24560901522636414, last loss = 0.13381745666265488, loss = 0.13345695286989212, diff loss = 0.11215206235647202, per = 84.03613295877483
Epoch 157
-----------------
best loss = 0.24560901522636414, last loss = 0.13345695286989212, loss = 0.13309982046484947, diff loss = 0.11250919476151466, per = 84.52993728209226
Epoch 158
-----------------
best loss = 0.24560901522636414, last loss = 0.13309982046484947, loss = 0.13274666666984558, diff loss = 0.11286234855651855, per = 85.0208531693068
Epoch 159
-----------------
best loss = 0.24560901522636414, last loss = 0.13274666666984558, loss = 0.13239974901080132, diff loss = 0.11320926621556282, per = 85.50565017032403
Epoch 160
-----------------
best loss = 0.24560901522636414, last loss = 0.13239974901080132, loss = 0.13205570355057716, diff loss = 0.11355331167578697, per = 85.98894907427925
Epoch 161
-----------------
best loss = 0.24560901522636414, last loss = 0.13205570355057716, loss = 0.13171368837356567, diff loss = 0.11389532685279846, per = 86.47189844822289
Epoch 162
-----------------
best loss = 0.24560901522636414, last loss = 0.13171368837356567, loss = 0.13136692345142365, diff loss = 0.11424209177494049, per = 86.96412214995999
Epoch 163
-----------------
best loss = 0.24560901522636414, last loss = 0.13136692345142365, loss = 0.13102781027555466, diff loss = 0.11458120495080948, per = 87.44800413732202
Epoch 164
-----------------
best loss = 0.24560901522636414, last loss = 0.13102781027555466, loss = 0.13069010898470879, diff loss = 0.11491890624165535, per = 87.9323669820348
Epoch 165
-----------------
best loss = 0.24560901522636414, last loss = 0.13069010898470879, loss = 0.13035428151488304, diff loss = 0.1152547337114811, per = 88.41653098929629
Epoch 166
-----------------
best loss = 0.24560901522636414, last loss = 0.13035428151488304, loss = 0.13002167642116547, diff loss = 0.11558733880519867, per = 88.89851445292001
Epoch 167
-----------------
best loss = 0.24560901522636414, last loss = 0.13002167642116547, loss = 0.1296917237341404, diff loss = 0.11591729149222374, per = 89.37909694981514
Epoch 168
-----------------
best loss = 0.24560901522636414, last loss = 0.1296917237341404, loss = 0.12936463579535484, diff loss = 0.11624437943100929, per = 89.8579265626343
Epoch 169
-----------------
best loss = 0.24560901522636414, last loss = 0.12936463579535484, loss = 0.12904134392738342, diff loss = 0.11656767129898071, per = 90.3335843778703
Epoch 170
-----------------
best loss = 0.24560901522636414, last loss = 0.12904134392738342, loss = 0.12871409580111504, diff loss = 0.1168949194252491, per = 90.81749648140438
Epoch 171
-----------------
best loss = 0.24560901522636414, last loss = 0.12871409580111504, loss = 0.1283969059586525, diff loss = 0.11721210926771164, per = 91.28888923963426
Epoch 172
-----------------
best loss = 0.24560901522636414, last loss = 0.1283969059586525, loss = 0.128083948045969, diff loss = 0.11752506718039513, per = 91.75628091836744
Epoch 173
-----------------
best loss = 0.24560901522636414, last loss = 0.128083948045969, loss = 0.12777723744511604, diff loss = 0.11783177778124809, per = 92.21656387105739
Epoch 174
-----------------
best loss = 0.24560901522636414, last loss = 0.12777723744511604, loss = 0.12746340781450272, diff loss = 0.11814560741186142, per = 92.68982325013508
Epoch 175
-----------------
best loss = 0.24560901522636414, last loss = 0.12746340781450272, loss = 0.12716427072882652, diff loss = 0.11844474449753761, per = 93.14310050982559
Epoch 176
-----------------
best loss = 0.24560901522636414, last loss = 0.12716427072882652, loss = 0.1268690712749958, diff loss = 0.11873994395136833, per = 93.59250663543747
Epoch 177
-----------------
best loss = 0.24560901522636414, last loss = 0.1268690712749958, loss = 0.12652241438627243, diff loss = 0.1190866008400917, per = 94.12292787625817
Epoch 178
-----------------
best loss = 0.24560901522636414, last loss = 0.12652241438627243, loss = 0.12623139843344688, diff loss = 0.11937761679291725, per = 94.57046208345449
Epoch 179
-----------------
best loss = 0.24560901522636414, last loss = 0.12623139843344688, loss = 0.12593573331832886, diff loss = 0.11967328190803528, per = 95.02726410901668
Epoch 180
-----------------
best loss = 0.24560901522636414, last loss = 0.12593573331832886, loss = 0.12565093114972115, diff loss = 0.11995808407664299, per = 95.4693156501206
Epoch 181
-----------------
best loss = 0.24560901522636414, last loss = 0.12565093114972115, loss = 0.12536783888936043, diff loss = 0.12024117633700371, per = 95.91070357615314
Epoch 182
-----------------
best loss = 0.24560901522636414, last loss = 0.12536783888936043, loss = 0.12508637085556984, diff loss = 0.1205226443707943, per = 96.35153977722719
Epoch 183
-----------------
best loss = 0.24560901522636414, last loss = 0.12508637085556984, loss = 0.12481264024972916, diff loss = 0.12079637497663498, per = 96.7821646388873
Epoch 184
-----------------
best loss = 0.24560901522636414, last loss = 0.12481264024972916, loss = 0.12453652918338776, diff loss = 0.12107248604297638, per = 97.21845215767145
Epoch 185
-----------------
best loss = 0.24560901522636414, last loss = 0.12453652918338776, loss = 0.12425870820879936, diff loss = 0.12135030701756477, per = 97.65939849757055
Epoch 186
-----------------
best loss = 0.24560901522636414, last loss = 0.12425870820879936, loss = 0.12398497015237808, diff loss = 0.12162404507398605, per = 98.09579735713898
Epoch 187
-----------------
best loss = 0.24560901522636414, last loss = 0.12398497015237808, loss = 0.12371210381388664, diff loss = 0.1218969114124775, per = 98.53272853225425
Epoch 188
-----------------
best loss = 0.24560901522636414, last loss = 0.12371210381388664, loss = 0.12343138456344604, diff loss = 0.12217763066291809, per = 98.98425031448667
Epoch 189
-----------------
best loss = 0.24560901522636414, last loss = 0.12343138456344604, loss = 0.12316043674945831, diff loss = 0.12244857847690582, per = 99.42200734964865
Epoch 190
-----------------
best loss = 0.24560901522636414, last loss = 0.12316043674945831, loss = 0.12289132177829742, diff loss = 0.12271769344806671, per = 99.85871392078934
Epoch 191
-----------------
best loss = 0.24560901522636414, last loss = 0.12289132177829742, loss = 0.12262406200170517, diff loss = 0.12298495322465897, per = 100.29430702022314
Epoch 192
-----------------
best loss = 0.24560901522636414, last loss = 0.12262406200170517, loss = 0.12235739082098007, diff loss = 0.12325162440538406, per = 100.73083740867959
Epoch 193
-----------------
best loss = 0.24560901522636414, last loss = 0.12235739082098007, loss = 0.1220923624932766, diff loss = 0.12351665273308754, per = 101.16656784316822
Epoch 194
-----------------
best loss = 0.24560901522636414, last loss = 0.1220923624932766, loss = 0.1218288503587246, diff loss = 0.12378016486763954, per = 101.60168507145009
Epoch 195
-----------------
best loss = 0.24560901522636414, last loss = 0.1218288503587246, loss = 0.12156689167022705, diff loss = 0.12404212355613708, per = 102.03610691357032
Epoch 196
-----------------
best loss = 0.24560901522636414, last loss = 0.12156689167022705, loss = 0.12130861729383469, diff loss = 0.12430039793252945, per = 102.4662556588606
Epoch 197
-----------------
best loss = 0.24560901522636414, last loss = 0.12130861729383469, loss = 0.12104776501655579, diff loss = 0.12456125020980835, per = 102.9025609789425
Epoch 198
-----------------
best loss = 0.24560901522636414, last loss = 0.12104776501655579, loss = 0.12078839540481567, diff loss = 0.12482061982154846, per = 103.33825480768995
Epoch 199
-----------------
best loss = 0.24560901522636414, last loss = 0.12078839540481567, loss = 0.12053386494517326, diff loss = 0.12507515028119087, per = 103.76764267708771
Epoch 200
-----------------
best loss = 0.24560901522636414, last loss = 0.12053386494517326, loss = 0.12027548253536224, diff loss = 0.1253335326910019, per = 104.20538753951998
[(448, 1), (103, 1), (35, 1), (308, 1), (375, 1), (490, 1), (74, 1), (34, 1), (185, 1), (464, 1), (422, 1), (412, 1), (296, 1), (102, 1), (165, 1), (425, 2), (330, 2), (413, 2), (155, 2), (89, 2), (258, 2), (496, 2), (0, 2), (390, 2), (61, 2), (391, 2), (1, 2), (460, 2), (356, 2), (143, 2), (112, 2), (310, 3), (183, 3), (507, 3), (20, 3), (305, 3), (98, 3), (485, 3), (26, 3), (209, 4), (417, 4), (157, 4), (190, 4), (19, 4), (115, 4), (323, 4), (231, 5), (241, 5), (184, 5), (254, 5), (316, 6), (212, 6), (196, 7), (137, 7), (138, 7), (315, 7), (427, 7), (441, 7), (198, 7), (90, 8), (167, 8), (384, 9), (443, 9), (477, 10), (39, 10), (277, 11), (144, 12), (281, 13), (232, 13), (240, 13), (110, 13), (493, 14), (429, 14), (123, 14), (210, 14), (2, 16), (47, 17), (299, 17), (80, 17), (113, 18), (357, 18), (111, 21), (75, 23), (166, 24), (179, 26), (118, 26), (4, 27), (104, 28), (81, 29), (203, 29), (36, 29), (272, 30), (302, 31), (353, 33), (180, 34), (271, 37), (15, 39), (319, 39), (65, 41), (171, 42), (483, 43), (283, 48), (348, 49), (181, 50), (202, 51), (350, 53), (338, 53), (220, 55), (388, 57), (301, 58), (64, 58), (204, 64), (294, 65), (72, 66), (399, 67), (205, 67), (457, 68), (51, 69), (84, 69), (489, 71), (414, 73), (416, 74), (226, 75), (154, 83), (6, 83), (279, 83), (189, 85), (269, 86), (292, 86), (99, 88), (119, 91), (463, 93), (377, 93), (345, 94), (25, 95), (276, 103), (17, 108), (358, 109), (495, 111), (152, 111), (92, 112), (500, 114), (270, 122), (215, 127), (33, 128), (195, 131), (499, 132), (126, 134), (508, 136), (432, 136), (438, 139), (59, 144), (191, 151), (141, 156), (355, 157), (300, 158), (114, 161), (247, 163), (386, 164), (415, 172), (66, 172), (54, 173), (351, 176), (394, 176), (509, 185), (498, 188), (389, 194), (428, 200), (265, 200), (11, 200), (306, 214), (426, 222), (199, 225), (461, 235), (252, 261), (456, 262), (289, 276), (69, 293), (187, 311), (234, 315), (453, 319), (161, 327), (505, 332), (307, 336), (478, 342), (239, 349), (349, 370), (208, 391), (379, 417), (381, 418), (458, 418), (320, 468), (43, 492), (13, 508), (246, 573), (186, 753), (442, 766), (404, 780), (285, 884), (73, 982), (135, 990), (67, 1053), (31, 1275), (121, 1340), (133, 1470), (245, 1478), (444, 1593)]
Done!
Saved PyTorch Model State to model.pth
