Using cuda device
Find 9524 files.
Reading 9524 files...
Read 154 sequences.
VQVAE(
  (egru): GRU(89, 96)
  (gru): GRU(96, 96)
  (relu): LeakyReLU(negative_slope=0.01)
  (dgru): GRU(96, 96)
  (linear): Linear(in_features=96, out_features=96, bias=True)
  (vq_layer): VectorQuantizer()
)
Start trainning...
Epoch 1
-----------------
loss = 0.27033814042806625
Epoch 2
-----------------
best loss = 0.27033814042806625, last loss = 0.27033814042806625, loss = 0.26882508397102356, diff loss = 0.001513056457042694, per = 0.5628405038295404
Epoch 3
-----------------
best loss = 0.27033814042806625, last loss = 0.26882508397102356, loss = 0.2673318684101105, diff loss = 0.00300627201795578, per = 1.1245468173453588
Epoch 4
-----------------
best loss = 0.27033814042806625, last loss = 0.2673318684101105, loss = 0.26585516333580017, diff loss = 0.004482977092266083, per = 1.6862478937840524
Epoch 5
-----------------
best loss = 0.27033814042806625, last loss = 0.26585516333580017, loss = 0.26439935714006424, diff loss = 0.005938783288002014, per = 2.2461413492983544
Epoch 6
-----------------
best loss = 0.27033814042806625, last loss = 0.26439935714006424, loss = 0.26295657455921173, diff loss = 0.007381565868854523, per = 2.807142541017686
Epoch 7
-----------------
best loss = 0.27033814042806625, last loss = 0.26295657455921173, loss = 0.2615344673395157, diff loss = 0.008803673088550568, per = 3.366161706373455
Epoch 8
-----------------
best loss = 0.27033814042806625, last loss = 0.2615344673395157, loss = 0.260131798684597, diff loss = 0.010206341743469238, per = 3.923527148576003
Epoch 9
-----------------
best loss = 0.27033814042806625, last loss = 0.260131798684597, loss = 0.2587449997663498, diff loss = 0.011593140661716461, per = 4.480527419731868
Epoch 10
-----------------
best loss = 0.27033814042806625, last loss = 0.2587449997663498, loss = 0.2573704496026039, diff loss = 0.012967690825462341, per = 5.038531364220433
Epoch 11
-----------------
best loss = 0.27033814042806625, last loss = 0.2573704496026039, loss = 0.2560132220387459, diff loss = 0.014324918389320374, per = 5.595382252230861
Epoch 12
-----------------
best loss = 0.27033814042806625, last loss = 0.2560132220387459, loss = 0.254684254527092, diff loss = 0.015653885900974274, per = 6.14638935180388
Epoch 13
-----------------
best loss = 0.27033814042806625, last loss = 0.254684254527092, loss = 0.25339125096797943, diff loss = 0.016946889460086823, per = 6.688032595974819
Epoch 14
-----------------
best loss = 0.27033814042806625, last loss = 0.25339125096797943, loss = 0.25212398916482925, diff loss = 0.018214151263237, per = 7.224283307420329
Epoch 15
-----------------
best loss = 0.27033814042806625, last loss = 0.25212398916482925, loss = 0.25087764859199524, diff loss = 0.019460491836071014, per = 7.7569651761683245
Epoch 16
-----------------
best loss = 0.27033814042806625, last loss = 0.25087764859199524, loss = 0.24964458495378494, diff loss = 0.02069355547428131, per = 8.289206624734991
Epoch 17
-----------------
best loss = 0.27033814042806625, last loss = 0.24964458495378494, loss = 0.2484227493405342, diff loss = 0.021915391087532043, per = 8.821813278256071
Epoch 18
-----------------
best loss = 0.27033814042806625, last loss = 0.2484227493405342, loss = 0.24723540991544724, diff loss = 0.02310273051261902, per = 9.344426237536116
Epoch 19
-----------------
best loss = 0.27033814042806625, last loss = 0.24723540991544724, loss = 0.24602732807397842, diff loss = 0.02431081235408783, per = 9.881346330265297
Epoch 20
-----------------
best loss = 0.27033814042806625, last loss = 0.24602732807397842, loss = 0.24482552707195282, diff loss = 0.025512613356113434, per = 10.420732536037969
Epoch 21
-----------------
best loss = 0.27033814042806625, last loss = 0.24482552707195282, loss = 0.2436298057436943, diff loss = 0.026708334684371948, per = 10.962671255613895
Epoch 22
-----------------
best loss = 0.27033814042806625, last loss = 0.2436298057436943, loss = 0.24243954569101334, diff loss = 0.027898594737052917, per = 11.507443910412778
Epoch 23
-----------------
best loss = 0.27033814042806625, last loss = 0.24243954569101334, loss = 0.24125519394874573, diff loss = 0.029082946479320526, per = 12.054847816250186
Epoch 24
-----------------
best loss = 0.27033814042806625, last loss = 0.24125519394874573, loss = 0.24007485061883926, diff loss = 0.03026328980922699, per = 12.605772629335194
Epoch 25
-----------------
best loss = 0.27033814042806625, last loss = 0.24007485061883926, loss = 0.23889503628015518, diff loss = 0.03144310414791107, per = 13.161890944873948
Epoch 26
-----------------
best loss = 0.27033814042806625, last loss = 0.23889503628015518, loss = 0.23772384226322174, diff loss = 0.03261429816484451, per = 13.719405615500719
Epoch 27
-----------------
best loss = 0.27033814042806625, last loss = 0.23772384226322174, loss = 0.2365567684173584, diff loss = 0.033781372010707855, per = 14.280450412269413
Epoch 28
-----------------
best loss = 0.27033814042806625, last loss = 0.2365567684173584, loss = 0.23539990931749344, diff loss = 0.034938231110572815, per = 14.842075008385072
Epoch 29
-----------------
best loss = 0.27033814042806625, last loss = 0.23539990931749344, loss = 0.2342495173215866, diff loss = 0.036088623106479645, per = 15.406060818872817
Epoch 30
-----------------
best loss = 0.27033814042806625, last loss = 0.2342495173215866, loss = 0.23310263454914093, diff loss = 0.037235505878925323, per = 15.97386745582904
Epoch 31
-----------------
best loss = 0.27033814042806625, last loss = 0.23310263454914093, loss = 0.23196903616189957, diff loss = 0.03836910426616669, per = 16.54061460141926
Epoch 32
-----------------
best loss = 0.27033814042806625, last loss = 0.23196903616189957, loss = 0.23083924502134323, diff loss = 0.03949889540672302, per = 17.110996617178756
Epoch 33
-----------------
best loss = 0.27033814042806625, last loss = 0.23083924502134323, loss = 0.22971343249082565, diff loss = 0.0406247079372406, per = 17.684950982943967
Epoch 34
-----------------
best loss = 0.27033814042806625, last loss = 0.22971343249082565, loss = 0.2285890355706215, diff loss = 0.04174910485744476, per = 18.26382650122629
Epoch 35
-----------------
best loss = 0.27033814042806625, last loss = 0.2285890355706215, loss = 0.22747469693422318, diff loss = 0.04286344349384308, per = 18.843169843298007
Epoch 36
-----------------
best loss = 0.27033814042806625, last loss = 0.22747469693422318, loss = 0.2263665795326233, diff loss = 0.04397156089544296, per = 19.424934982112017
Epoch 37
-----------------
best loss = 0.27033814042806625, last loss = 0.2263665795326233, loss = 0.22525633871555328, diff loss = 0.04508180171251297, per = 20.013555209845112
Epoch 38
-----------------
best loss = 0.27033814042806625, last loss = 0.22525633871555328, loss = 0.22416064888238907, diff loss = 0.046177491545677185, per = 20.600177495874956
Epoch 39
-----------------
best loss = 0.27033814042806625, last loss = 0.22416064888238907, loss = 0.2230554223060608, diff loss = 0.04728271812200546, per = 21.197744324335446
Epoch 40
-----------------
best loss = 0.27033814042806625, last loss = 0.2230554223060608, loss = 0.22197191417217255, diff loss = 0.04836622625589371, per = 21.789345033254268
Epoch 41
-----------------
best loss = 0.27033814042806625, last loss = 0.22197191417217255, loss = 0.22088365256786346, diff loss = 0.04945448786020279, per = 22.389383408538382
Epoch 42
-----------------
best loss = 0.27033814042806625, last loss = 0.22088365256786346, loss = 0.21980977803468704, diff loss = 0.05052836239337921, per = 22.987313323889346
Epoch 43
-----------------
best loss = 0.27033814042806625, last loss = 0.21980977803468704, loss = 0.21872275322675705, diff loss = 0.051615387201309204, per = 23.59854493409647
Epoch 44
-----------------
best loss = 0.27033814042806625, last loss = 0.21872275322675705, loss = 0.2176591008901596, diff loss = 0.05267903953790665, per = 24.202543942553
Epoch 45
-----------------
best loss = 0.27033814042806625, last loss = 0.2176591008901596, loss = 0.21660114079713821, diff loss = 0.05373699963092804, per = 24.809195110037034
Epoch 46
-----------------
best loss = 0.27033814042806625, last loss = 0.21660114079713821, loss = 0.21553084254264832, diff loss = 0.05480729788541794, per = 25.42898141112816
Epoch 47
-----------------
best loss = 0.27033814042806625, last loss = 0.21553084254264832, loss = 0.21449299156665802, diff loss = 0.055845148861408234, per = 26.035885113781553
Epoch 48
-----------------
best loss = 0.27033814042806625, last loss = 0.21449299156665802, loss = 0.21346252411603928, diff loss = 0.05687561631202698, per = 26.64430983731323
Epoch 49
-----------------
best loss = 0.27033814042806625, last loss = 0.21346252411603928, loss = 0.21243701875209808, diff loss = 0.05790112167596817, per = 27.255664768829902
Epoch 50
-----------------
best loss = 0.27033814042806625, last loss = 0.21243701875209808, loss = 0.2114160731434822, diff loss = 0.058922067284584045, per = 27.870192842242076
Epoch 51
-----------------
best loss = 0.27033814042806625, last loss = 0.2114160731434822, loss = 0.21039927005767822, diff loss = 0.05993887037038803, per = 28.488155093863476
Epoch 52
-----------------
best loss = 0.27033814042806625, last loss = 0.21039927005767822, loss = 0.20938833057880402, diff loss = 0.06094980984926224, per = 29.108503650027224
Epoch 53
-----------------
best loss = 0.27033814042806625, last loss = 0.20938833057880402, loss = 0.2083711251616478, diff loss = 0.06196701526641846, per = 29.73877269144004
Epoch 54
-----------------
best loss = 0.27033814042806625, last loss = 0.2083711251616478, loss = 0.20736795663833618, diff loss = 0.06297018378973007, per = 30.36640029180321
Epoch 55
-----------------
best loss = 0.27033814042806625, last loss = 0.20736795663833618, loss = 0.2063583955168724, diff loss = 0.06397974491119385, per = 31.004188005504574
Epoch 56
-----------------
best loss = 0.27033814042806625, last loss = 0.2063583955168724, loss = 0.20534533262252808, diff loss = 0.06499280780553818, per = 31.650491869230795
Epoch 57
-----------------
best loss = 0.27033814042806625, last loss = 0.20534533262252808, loss = 0.2043691873550415, diff loss = 0.06596895307302475, per = 32.279304882893044
Epoch 58
-----------------
best loss = 0.27033814042806625, last loss = 0.2043691873550415, loss = 0.2034081369638443, diff loss = 0.06693000346422195, per = 32.90429009539512
Epoch 59
-----------------
best loss = 0.27033814042806625, last loss = 0.2034081369638443, loss = 0.20245888829231262, diff loss = 0.06787925213575363, per = 33.52742510259601
Epoch 60
-----------------
best loss = 0.27033814042806625, last loss = 0.20245888829231262, loss = 0.20152006298303604, diff loss = 0.06881807744503021, per = 34.14949183041061
Epoch 61
-----------------
best loss = 0.27033814042806625, last loss = 0.20152006298303604, loss = 0.20062106847763062, diff loss = 0.06971707195043564, per = 34.7506233913858
Epoch 62
-----------------
best loss = 0.27033814042806625, last loss = 0.20062106847763062, loss = 0.19969913363456726, diff loss = 0.07063900679349899, per = 35.3727156987884
Epoch 63
-----------------
best loss = 0.27033814042806625, last loss = 0.19969913363456726, loss = 0.1987612545490265, diff loss = 0.07157688587903976, per = 36.01148827594293
Epoch 64
-----------------
best loss = 0.27033814042806625, last loss = 0.1987612545490265, loss = 0.19786104559898376, diff loss = 0.07247709482908249, per = 36.63030012283264
Epoch 65
-----------------
best loss = 0.27033814042806625, last loss = 0.19786104559898376, loss = 0.1969734951853752, diff loss = 0.07336464524269104, per = 37.24594782340958
Epoch 66
-----------------
best loss = 0.27033814042806625, last loss = 0.1969734951853752, loss = 0.19609292596578598, diff loss = 0.07424521446228027, per = 37.86226050563113
Epoch 67
-----------------
best loss = 0.27033814042806625, last loss = 0.19609292596578598, loss = 0.19523337483406067, diff loss = 0.07510476559400558, per = 38.46922466911262
Epoch 68
-----------------
best loss = 0.27033814042806625, last loss = 0.19523337483406067, loss = 0.1943860575556755, diff loss = 0.07595208287239075, per = 39.07280379439599
Epoch 69
-----------------
best loss = 0.27033814042806625, last loss = 0.1943860575556755, loss = 0.1935470849275589, diff loss = 0.07679105550050735, per = 39.675645608017724
Epoch 70
-----------------
best loss = 0.27033814042806625, last loss = 0.1935470849275589, loss = 0.1927213966846466, diff loss = 0.07761674374341965, per = 40.27406664680066
Epoch 71
-----------------
best loss = 0.27033814042806625, last loss = 0.1927213966846466, loss = 0.19192608445882797, diff loss = 0.07841205596923828, per = 40.85534084141609
Epoch 72
-----------------
best loss = 0.27033814042806625, last loss = 0.19192608445882797, loss = 0.19111988693475723, diff loss = 0.07921825349330902, per = 41.44950834988293
Epoch 73
-----------------
best loss = 0.27033814042806625, last loss = 0.19111988693475723, loss = 0.1903219223022461, diff loss = 0.08001621812582016, per = 42.04256512223965
Epoch 74
-----------------
best loss = 0.27033814042806625, last loss = 0.1903219223022461, loss = 0.18952269852161407, diff loss = 0.08081544190645218, per = 42.64156353664181
Epoch 75
-----------------
best loss = 0.27033814042806625, last loss = 0.18952269852161407, loss = 0.18873059377074242, diff loss = 0.08160754665732384, per = 43.240232029606894
Epoch 76
-----------------
best loss = 0.27033814042806625, last loss = 0.18873059377074242, loss = 0.1879485733807087, diff loss = 0.08238956704735756, per = 43.83622900955424
Epoch 77
-----------------
best loss = 0.27033814042806625, last loss = 0.1879485733807087, loss = 0.18717188015580177, diff loss = 0.08316626027226448, per = 44.4330955072081
Epoch 78
-----------------
best loss = 0.27033814042806625, last loss = 0.18717188015580177, loss = 0.18638835102319717, diff loss = 0.08394978940486908, per = 45.04025543657555
Epoch 79
-----------------
best loss = 0.27033814042806625, last loss = 0.18638835102319717, loss = 0.18561134859919548, diff loss = 0.08472679182887077, per = 45.64741998175321
Epoch 80
-----------------
best loss = 0.27033814042806625, last loss = 0.18561134859919548, loss = 0.18484792858362198, diff loss = 0.08549021184444427, per = 46.24894230598316
Epoch 81
-----------------
best loss = 0.27033814042806625, last loss = 0.18484792858362198, loss = 0.18408894166350365, diff loss = 0.0862491987645626, per = 46.85191733146992
Epoch 82
-----------------
best loss = 0.27033814042806625, last loss = 0.18408894166350365, loss = 0.1833345666527748, diff loss = 0.08700357377529144, per = 47.45617553948309
Epoch 83
-----------------
best loss = 0.27033814042806625, last loss = 0.1833345666527748, loss = 0.1825845167040825, diff loss = 0.08775362372398376, per = 48.06191965675129
Epoch 84
-----------------
best loss = 0.27033814042806625, last loss = 0.1825845167040825, loss = 0.18183545023202896, diff loss = 0.08850269019603729, per = 48.67185693609496
Epoch 85
-----------------
best loss = 0.27033814042806625, last loss = 0.18183545023202896, loss = 0.1810949258506298, diff loss = 0.08924321457743645, per = 49.279798513540776
Epoch 86
-----------------
best loss = 0.27033814042806625, last loss = 0.1810949258506298, loss = 0.18035032600164413, diff loss = 0.08998781442642212, per = 49.89611963640241
Epoch 87
-----------------
best loss = 0.27033814042806625, last loss = 0.18035032600164413, loss = 0.1796197071671486, diff loss = 0.09071843326091766, per = 50.50583518460915
Epoch 88
-----------------
best loss = 0.27033814042806625, last loss = 0.1796197071671486, loss = 0.17889443784952164, diff loss = 0.09144370257854462, per = 51.11601214536539
Epoch 89
-----------------
best loss = 0.27033814042806625, last loss = 0.17889443784952164, loss = 0.1781681552529335, diff loss = 0.09216998517513275, per = 51.73201970031352
Epoch 90
-----------------
best loss = 0.27033814042806625, last loss = 0.1781681552529335, loss = 0.17743520811200142, diff loss = 0.09290293231606483, per = 52.358792431670174
Epoch 91
-----------------
best loss = 0.27033814042806625, last loss = 0.17743520811200142, loss = 0.17672211676836014, diff loss = 0.09361602365970612, per = 52.97357533489373
Epoch 92
-----------------
best loss = 0.27033814042806625, last loss = 0.17672211676836014, loss = 0.17601300403475761, diff loss = 0.09432513639330864, per = 53.58986792514607
Epoch 93
-----------------
best loss = 0.27033814042806625, last loss = 0.17601300403475761, loss = 0.17531929165124893, diff loss = 0.09501884877681732, per = 54.19760020810034
Epoch 94
-----------------
best loss = 0.27033814042806625, last loss = 0.17531929165124893, loss = 0.1746227629482746, diff loss = 0.09571537747979164, per = 54.81265779086527
Epoch 95
-----------------
best loss = 0.27033814042806625, last loss = 0.1746227629482746, loss = 0.17393088713288307, diff loss = 0.09640725329518318, per = 55.428483626101496
Epoch 96
-----------------
best loss = 0.27033814042806625, last loss = 0.17393088713288307, loss = 0.1732267551124096, diff loss = 0.09711138531565666, per = 56.06026924226546
Epoch 97
-----------------
best loss = 0.27033814042806625, last loss = 0.1732267551124096, loss = 0.17253801599144936, diff loss = 0.0978001244366169, per = 56.683232315285046
Epoch 98
-----------------
best loss = 0.27033814042806625, last loss = 0.17253801599144936, loss = 0.17184877395629883, diff loss = 0.09848936647176743, per = 57.31164919268687
Epoch 99
-----------------
best loss = 0.27033814042806625, last loss = 0.17184877395629883, loss = 0.17116838321089745, diff loss = 0.09916975721716881, per = 57.93695971000745
Epoch 100
-----------------
best loss = 0.27033814042806625, last loss = 0.17116838321089745, loss = 0.17049318179488182, diff loss = 0.09984495863318443, per = 58.56243492089123
Epoch 101
-----------------
best loss = 0.27033814042806625, last loss = 0.17049318179488182, loss = 0.16981994360685349, diff loss = 0.10051819682121277, per = 59.191043576083324
Epoch 102
-----------------
best loss = 0.27033814042806625, last loss = 0.16981994360685349, loss = 0.16914991289377213, diff loss = 0.10118822753429413, per = 59.821625564679636
Epoch 103
-----------------
best loss = 0.27033814042806625, last loss = 0.16914991289377213, loss = 0.1684817634522915, diff loss = 0.10185637697577477, per = 60.45543142989309
Epoch 104
-----------------
best loss = 0.27033814042806625, last loss = 0.1684817634522915, loss = 0.16780540719628334, diff loss = 0.10253273323178291, per = 61.102162883136145
Epoch 105
-----------------
best loss = 0.27033814042806625, last loss = 0.16780540719628334, loss = 0.16714008152484894, diff loss = 0.10319805890321732, per = 61.74345373157828
Epoch 106
-----------------
best loss = 0.27033814042806625, last loss = 0.16714008152484894, loss = 0.16647622361779213, diff loss = 0.10386191681027412, per = 62.38843875310845
Epoch 107
-----------------
best loss = 0.27033814042806625, last loss = 0.16647622361779213, loss = 0.16581270471215248, diff loss = 0.10452543571591377, per = 63.038255058542006
Epoch 108
-----------------
best loss = 0.27033814042806625, last loss = 0.16581270471215248, loss = 0.16515086218714714, diff loss = 0.10518727824091911, per = 63.69163130478971
Epoch 109
-----------------
best loss = 0.27033814042806625, last loss = 0.16515086218714714, loss = 0.1644882597029209, diff loss = 0.10584988072514534, per = 64.35102475782696
Epoch 110
-----------------
best loss = 0.27033814042806625, last loss = 0.1644882597029209, loss = 0.1638321615755558, diff loss = 0.10650597885251045, per = 65.00920077489928
Epoch 111
-----------------
best loss = 0.27033814042806625, last loss = 0.1638321615755558, loss = 0.16317786648869514, diff loss = 0.10716027393937111, per = 65.6708389717763
Epoch 112
-----------------
best loss = 0.27033814042806625, last loss = 0.16317786648869514, loss = 0.16252746805548668, diff loss = 0.10781067237257957, per = 66.33381646957864
Epoch 113
-----------------
best loss = 0.27033814042806625, last loss = 0.16252746805548668, loss = 0.1618804931640625, diff loss = 0.10845764726400375, per = 66.9985896040508
Epoch 114
-----------------
best loss = 0.27033814042806625, last loss = 0.1618804931640625, loss = 0.16123567521572113, diff loss = 0.10910246521234512, per = 67.66645475101852
Epoch 115
-----------------
best loss = 0.27033814042806625, last loss = 0.16123567521572113, loss = 0.16059429571032524, diff loss = 0.10974384471774101, per = 68.33607895743282
Epoch 116
-----------------
best loss = 0.27033814042806625, last loss = 0.16059429571032524, loss = 0.15995579585433006, diff loss = 0.11038234457373619, per = 69.00803061507077
Epoch 117
-----------------
best loss = 0.27033814042806625, last loss = 0.15995579585433006, loss = 0.1593199521303177, diff loss = 0.11101818829774857, per = 69.68253932623574
Epoch 118
-----------------
best loss = 0.27033814042806625, last loss = 0.1593199521303177, loss = 0.15868019685149193, diff loss = 0.11165794357657433, per = 70.36665304938742
Epoch 119
-----------------
best loss = 0.27033814042806625, last loss = 0.15868019685149193, loss = 0.1580354869365692, diff loss = 0.11230265349149704, per = 71.06166827996803
Epoch 120
-----------------
best loss = 0.27033814042806625, last loss = 0.1580354869365692, loss = 0.15740828216075897, diff loss = 0.11292985826730728, per = 71.74327596814348
Epoch 121
-----------------
best loss = 0.27033814042806625, last loss = 0.15740828216075897, loss = 0.15677935257554054, diff loss = 0.11355878785252571, per = 72.43223421133213
Epoch 122
-----------------
best loss = 0.27033814042806625, last loss = 0.15677935257554054, loss = 0.1561553291976452, diff loss = 0.11418281123042107, per = 73.12130288291368
Epoch 123
-----------------
best loss = 0.27033814042806625, last loss = 0.1561553291976452, loss = 0.15553398430347443, diff loss = 0.11480415612459183, per = 73.81290760261663
Epoch 124
-----------------
best loss = 0.27033814042806625, last loss = 0.15553398430347443, loss = 0.15491411462426186, diff loss = 0.1154240258038044, per = 74.50839846566653
Epoch 125
-----------------
best loss = 0.27033814042806625, last loss = 0.15491411462426186, loss = 0.15434274077415466, diff loss = 0.11599539965391159, per = 75.1544251916871
Epoch 126
-----------------
best loss = 0.27033814042806625, last loss = 0.15434274077415466, loss = 0.15372546389698982, diff loss = 0.11661267653107643, per = 75.85774898634726
Epoch 127
-----------------
best loss = 0.27033814042806625, last loss = 0.15372546389698982, loss = 0.15311293676495552, diff loss = 0.11722520366311073, per = 76.5612665656487
Epoch 128
-----------------
best loss = 0.27033814042806625, last loss = 0.15311293676495552, loss = 0.15250179171562195, diff loss = 0.1178363487124443, per = 77.26882903263188
Epoch 129
-----------------
best loss = 0.27033814042806625, last loss = 0.15250179171562195, loss = 0.1518896222114563, diff loss = 0.11844851821660995, per = 77.98328581771662
Epoch 130
-----------------
best loss = 0.27033814042806625, last loss = 0.1518896222114563, loss = 0.1512814722955227, diff loss = 0.11905666813254356, per = 78.69877674112718
Epoch 131
-----------------
best loss = 0.27033814042806625, last loss = 0.1512814722955227, loss = 0.1506759412586689, diff loss = 0.11966219916939735, per = 79.41692493824908
Epoch 132
-----------------
best loss = 0.27033814042806625, last loss = 0.1506759412586689, loss = 0.15007266774773598, diff loss = 0.12026547268033028, per = 80.13815872353919
Epoch 133
-----------------
best loss = 0.27033814042806625, last loss = 0.15007266774773598, loss = 0.14947239309549332, diff loss = 0.12086574733257294, per = 80.86158576142923
Epoch 134
-----------------
best loss = 0.27033814042806625, last loss = 0.14947239309549332, loss = 0.14887409284710884, diff loss = 0.12146404758095741, per = 81.5884384301162
Epoch 135
-----------------
best loss = 0.27033814042806625, last loss = 0.14887409284710884, loss = 0.1483084112405777, diff loss = 0.12202972918748856, per = 82.28105753863055
Epoch 136
-----------------
best loss = 0.27033814042806625, last loss = 0.1483084112405777, loss = 0.14771635830402374, diff loss = 0.12262178212404251, per = 83.01164714043884
Epoch 137
-----------------
best loss = 0.27033814042806625, last loss = 0.14771635830402374, loss = 0.14712567254900932, diff loss = 0.12321246787905693, per = 83.74640927334649
Epoch 138
-----------------
best loss = 0.27033814042806625, last loss = 0.14712567254900932, loss = 0.14653991907835007, diff loss = 0.12379822134971619, per = 84.48088556915701
Epoch 139
-----------------
best loss = 0.27033814042806625, last loss = 0.14653991907835007, loss = 0.14595600962638855, diff loss = 0.1243821308016777, per = 85.21891706964676
Epoch 140
-----------------
best loss = 0.27033814042806625, last loss = 0.14595600962638855, loss = 0.14537882059812546, diff loss = 0.1249593198299408, per = 85.95428090269708
Epoch 141
-----------------
best loss = 0.27033814042806625, last loss = 0.14537882059812546, loss = 0.14480916038155556, diff loss = 0.1255289800465107, per = 86.68580061907424
Epoch 142
-----------------
best loss = 0.27033814042806625, last loss = 0.14480916038155556, loss = 0.1442374661564827, diff loss = 0.12610067427158356, per = 87.42574147467164
Epoch 143
-----------------
best loss = 0.27033814042806625, last loss = 0.1442374661564827, loss = 0.14367250353097916, diff loss = 0.1266656368970871, per = 88.16275472625492
Epoch 144
-----------------
best loss = 0.27033814042806625, last loss = 0.14367250353097916, loss = 0.1431185081601143, diff loss = 0.12721963226795197, per = 88.89111122205423
Epoch 145
-----------------
best loss = 0.27033814042806625, last loss = 0.1431185081601143, loss = 0.1425696238875389, diff loss = 0.12776851654052734, per = 89.61833036840518
Epoch 146
-----------------
best loss = 0.27033814042806625, last loss = 0.1425696238875389, loss = 0.14202619716525078, diff loss = 0.12831194326281548, per = 90.3438561503703
Epoch 147
-----------------
best loss = 0.27033814042806625, last loss = 0.14202619716525078, loss = 0.14148926362395287, diff loss = 0.1288488768041134, per = 91.0661865811707
Epoch 148
-----------------
best loss = 0.27033814042806625, last loss = 0.14148926362395287, loss = 0.14095867797732353, diff loss = 0.12937946245074272, per = 91.78538299824038
Epoch 149
-----------------
best loss = 0.27033814042806625, last loss = 0.14095867797732353, loss = 0.14043556153774261, diff loss = 0.12990257889032364, per = 92.49977531895425
Epoch 150
-----------------
best loss = 0.27033814042806625, last loss = 0.14043556153774261, loss = 0.13991867750883102, diff loss = 0.13041946291923523, per = 93.21090310548695
Epoch 151
-----------------
best loss = 0.27033814042806625, last loss = 0.13991867750883102, loss = 0.13941026106476784, diff loss = 0.13092787936329842, per = 93.9155255598233
Epoch 152
-----------------
best loss = 0.27033814042806625, last loss = 0.13941026106476784, loss = 0.1389075443148613, diff loss = 0.13143059611320496, per = 94.61732029132386
Epoch 153
-----------------
best loss = 0.27033814042806625, last loss = 0.1389075443148613, loss = 0.13840819150209427, diff loss = 0.13192994892597198, per = 95.31946591757594
Epoch 154
-----------------
best loss = 0.27033814042806625, last loss = 0.13840819150209427, loss = 0.13791343942284584, diff loss = 0.1324247010052204, per = 96.02015696179048
Epoch 155
-----------------
best loss = 0.27033814042806625, last loss = 0.13791343942284584, loss = 0.13742569088935852, diff loss = 0.13291244953870773, per = 96.71586781085612
Epoch 156
-----------------
best loss = 0.27033814042806625, last loss = 0.13742569088935852, loss = 0.1369442343711853, diff loss = 0.13339390605688095, per = 97.40746419109458
Epoch 157
-----------------
best loss = 0.27033814042806625, last loss = 0.1369442343711853, loss = 0.1364663690328598, diff loss = 0.13387177139520645, per = 98.09872743296292
Epoch 158
-----------------
best loss = 0.27033814042806625, last loss = 0.1364663690328598, loss = 0.13599379360675812, diff loss = 0.13434434682130814, per = 98.78711613103496
Epoch 159
-----------------
best loss = 0.27033814042806625, last loss = 0.13599379360675812, loss = 0.1354989893734455, diff loss = 0.13483915105462074, per = 99.5130308189929
Epoch 160
-----------------
best loss = 0.27033814042806625, last loss = 0.1354989893734455, loss = 0.13503091409802437, diff loss = 0.13530722633004189, per = 100.20462886877661
Epoch 161
-----------------
best loss = 0.27033814042806625, last loss = 0.13503091409802437, loss = 0.13456536084413528, diff loss = 0.13577277958393097, per = 100.89727306657635
Epoch 162
-----------------
best loss = 0.27033814042806625, last loss = 0.13456536084413528, loss = 0.13410238549113274, diff loss = 0.13623575493693352, per = 101.59085122758079
Epoch 163
-----------------
best loss = 0.27033814042806625, last loss = 0.13410238549113274, loss = 0.13364075869321823, diff loss = 0.13669738173484802, per = 102.28719372107614
Epoch 164
-----------------
best loss = 0.27033814042806625, last loss = 0.13364075869321823, loss = 0.13318170234560966, diff loss = 0.1371564380824566, per = 102.98444581113131
Epoch 165
-----------------
best loss = 0.27033814042806625, last loss = 0.13318170234560966, loss = 0.1327248550951481, diff loss = 0.13761328533291817, per = 103.68313096613717
Epoch 166
-----------------
best loss = 0.27033814042806625, last loss = 0.1327248550951481, loss = 0.132275503128767, diff loss = 0.13806263729929924, per = 104.37506116676691
Epoch 167
-----------------
best loss = 0.27033814042806625, last loss = 0.132275503128767, loss = 0.1318344585597515, diff loss = 0.13850368186831474, per = 105.0587861333238
Epoch 168
-----------------
best loss = 0.27033814042806625, last loss = 0.1318344585597515, loss = 0.13139933347702026, diff loss = 0.138938806951046, per = 105.73783235768413
Epoch 169
-----------------
best loss = 0.27033814042806625, last loss = 0.13139933347702026, loss = 0.1309674195945263, diff loss = 0.13937072083353996, per = 106.41632954595136
Epoch 170
-----------------
best loss = 0.27033814042806625, last loss = 0.1309674195945263, loss = 0.13053855299949646, diff loss = 0.1397995874285698, per = 107.09448221714932
Epoch 171
-----------------
best loss = 0.27033814042806625, last loss = 0.13053855299949646, loss = 0.13011367246508598, diff loss = 0.14022446796298027, per = 107.77074023531799
Epoch 172
-----------------
best loss = 0.27033814042806625, last loss = 0.13011367246508598, loss = 0.12969262525439262, diff loss = 0.14064551517367363, per = 108.445268108188
Epoch 173
-----------------
best loss = 0.27033814042806625, last loss = 0.12969262525439262, loss = 0.12927639111876488, diff loss = 0.14106174930930138, per = 109.11640407698991
Epoch 174
-----------------
best loss = 0.27033814042806625, last loss = 0.12927639111876488, loss = 0.1288604997098446, diff loss = 0.14147764071822166, per = 109.79131777137844
Epoch 175
-----------------
best loss = 0.27033814042806625, last loss = 0.1288604997098446, loss = 0.1284821406006813, diff loss = 0.14185599982738495, per = 110.409119247374
Epoch 176
-----------------
best loss = 0.27033814042806625, last loss = 0.1284821406006813, loss = 0.12811560928821564, diff loss = 0.14222253113985062, per = 111.01108750917253
Epoch 177
-----------------
best loss = 0.27033814042806625, last loss = 0.12811560928821564, loss = 0.12771205604076385, diff loss = 0.1426260843873024, per = 111.67785470604137
Epoch 178
-----------------
best loss = 0.27033814042806625, last loss = 0.12771205604076385, loss = 0.12732352316379547, diff loss = 0.14301461726427078, per = 112.32379823505943
Epoch 179
-----------------
best loss = 0.27033814042806625, last loss = 0.12732352316379547, loss = 0.12693917378783226, diff loss = 0.143398966640234, per = 112.96667715823709
Epoch 180
-----------------
best loss = 0.27033814042806625, last loss = 0.12693917378783226, loss = 0.12655815482139587, diff loss = 0.14377998560667038, per = 113.60783966041434
Epoch 181
-----------------
best loss = 0.27033814042806625, last loss = 0.12655815482139587, loss = 0.1261739395558834, diff loss = 0.14416420087218285, per = 114.25830197552911
Epoch 182
-----------------
best loss = 0.27033814042806625, last loss = 0.1261739395558834, loss = 0.12579651921987534, diff loss = 0.14454162120819092, per = 114.90112930354748
Epoch 183
-----------------
best loss = 0.27033814042806625, last loss = 0.12579651921987534, loss = 0.12542636692523956, diff loss = 0.1449117735028267, per = 115.53533523712873
Epoch 184
-----------------
best loss = 0.27033814042806625, last loss = 0.12542636692523956, loss = 0.12503884732723236, diff loss = 0.1452992931008339, per = 116.20332097318446
Epoch 185
-----------------
best loss = 0.27033814042806625, last loss = 0.12503884732723236, loss = 0.12466459348797798, diff loss = 0.14567354694008827, per = 116.8523819508835
Epoch 186
-----------------
best loss = 0.27033814042806625, last loss = 0.12466459348797798, loss = 0.12430378049612045, diff loss = 0.1460343599319458, per = 117.48183309396897
Epoch 187
-----------------
best loss = 0.27033814042806625, last loss = 0.12430378049612045, loss = 0.1239459216594696, diff loss = 0.14639221876859665, per = 118.10975045294047
Epoch 188
-----------------
best loss = 0.27033814042806625, last loss = 0.1239459216594696, loss = 0.12359093129634857, diff loss = 0.14674720913171768, per = 118.73622732063129
Epoch 189
-----------------
best loss = 0.27033814042806625, last loss = 0.12359093129634857, loss = 0.12323962897062302, diff loss = 0.14709851145744324, per = 119.35974871565666
Epoch 190
-----------------
best loss = 0.27033814042806625, last loss = 0.12323962897062302, loss = 0.12289130687713623, diff loss = 0.14744683355093002, per = 119.98150015472113
Epoch 191
-----------------
best loss = 0.27033814042806625, last loss = 0.12289130687713623, loss = 0.1225459836423397, diff loss = 0.14779215678572655, per = 120.60138765303792
Epoch 192
-----------------
best loss = 0.27033814042806625, last loss = 0.1225459836423397, loss = 0.1221969723701477, diff loss = 0.14814116805791855, per = 121.23145539906103
Epoch 193
-----------------
best loss = 0.27033814042806625, last loss = 0.1221969723701477, loss = 0.12191648036241531, diff loss = 0.14842166006565094, per = 121.74044036084781
Epoch 194
-----------------
best loss = 0.27033814042806625, last loss = 0.12191648036241531, loss = 0.12157702818512917, diff loss = 0.1487611122429371, per = 122.35955629414947
Epoch 195
-----------------
best loss = 0.27033814042806625, last loss = 0.12157702818512917, loss = 0.12123623862862587, diff loss = 0.14910190179944038, per = 122.98459890047675
Epoch 196
-----------------
best loss = 0.27033814042806625, last loss = 0.12123623862862587, loss = 0.12089727446436882, diff loss = 0.14944086596369743, per = 123.60978907571737
Epoch 197
-----------------
best loss = 0.27033814042806625, last loss = 0.12089727446436882, loss = 0.12055397778749466, diff loss = 0.1497841626405716, per = 124.24655360987104
Epoch 198
-----------------
best loss = 0.27033814042806625, last loss = 0.12055397778749466, loss = 0.12022348120808601, diff loss = 0.15011465921998024, per = 124.86301154444013
Epoch 199
-----------------
best loss = 0.27033814042806625, last loss = 0.12022348120808601, loss = 0.11989732459187508, diff loss = 0.15044081583619118, per = 125.4747062524412
Epoch 200
-----------------
best loss = 0.27033814042806625, last loss = 0.11989732459187508, loss = 0.1195741556584835, diff loss = 0.15076398476958275, per = 126.08408893990497
Epoch 201
-----------------
best loss = 0.27033814042806625, last loss = 0.1195741556584835, loss = 0.11925607547163963, diff loss = 0.15108206495642662, per = 126.6871011467718
Epoch 202
-----------------
best loss = 0.27033814042806625, last loss = 0.11925607547163963, loss = 0.11894170194864273, diff loss = 0.15139643847942352, per = 127.28625536634264
Epoch 203
-----------------
best loss = 0.27033814042806625, last loss = 0.11894170194864273, loss = 0.11863008886575699, diff loss = 0.15170805156230927, per = 127.88328240568347
Epoch 204
-----------------
best loss = 0.27033814042806625, last loss = 0.11863008886575699, loss = 0.11839668452739716, diff loss = 0.1519414559006691, per = 128.3325259547362
Epoch 205
-----------------
best loss = 0.27033814042806625, last loss = 0.11839668452739716, loss = 0.11808868870139122, diff loss = 0.15224945172667503, per = 128.92805687059962
Epoch 206
-----------------
best loss = 0.27033814042806625, last loss = 0.11808868870139122, loss = 0.11778309568762779, diff loss = 0.15255504474043846, per = 129.522019989209
Epoch 207
-----------------
best loss = 0.27033814042806625, last loss = 0.11778309568762779, loss = 0.11747966334223747, diff loss = 0.15285847708582878, per = 130.11484093253404
Epoch 208
-----------------
best loss = 0.27033814042806625, last loss = 0.11747966334223747, loss = 0.11717815324664116, diff loss = 0.1531599871814251, per = 130.70694744526992
Epoch 209
-----------------
best loss = 0.27033814042806625, last loss = 0.11717815324664116, loss = 0.11687850952148438, diff loss = 0.15345963090658188, per = 131.29841536726067
Epoch 210
-----------------
best loss = 0.27033814042806625, last loss = 0.11687850952148438, loss = 0.11658217012882233, diff loss = 0.15375597029924393, per = 131.88635117131963
Epoch 211
-----------------
best loss = 0.27033814042806625, last loss = 0.11658217012882233, loss = 0.11628755554556847, diff loss = 0.1540505848824978, per = 132.47383536420756
Epoch 212
-----------------
best loss = 0.27033814042806625, last loss = 0.11628755554556847, loss = 0.11598876118659973, diff loss = 0.15434937924146652, per = 133.07270261568982
Epoch 213
-----------------
best loss = 0.27033814042806625, last loss = 0.11598876118659973, loss = 0.11569732800126076, diff loss = 0.1546408124268055, per = 133.6597958641883
Epoch 214
-----------------
best loss = 0.27033814042806625, last loss = 0.11569732800126076, loss = 0.11540893465280533, diff loss = 0.15492920577526093, per = 134.2436842011824
Epoch 215
-----------------
best loss = 0.27033814042806625, last loss = 0.11540893465280533, loss = 0.1151229664683342, diff loss = 0.15521517395973206, per = 134.82555107926763
Epoch 216
-----------------
best loss = 0.27033814042806625, last loss = 0.1151229664683342, loss = 0.11483331397175789, diff loss = 0.15550482645630836, per = 135.4178688029096
Epoch 217
-----------------
best loss = 0.27033814042806625, last loss = 0.11483331397175789, loss = 0.11455223709344864, diff loss = 0.15578590333461761, per = 135.99551373888198
Epoch 218
-----------------
best loss = 0.27033814042806625, last loss = 0.11455223709344864, loss = 0.11427448689937592, diff loss = 0.15606365352869034, per = 136.5691133368306
Epoch 219
-----------------
best loss = 0.27033814042806625, last loss = 0.11427448689937592, loss = 0.11400005593895912, diff loss = 0.15633808448910713, per = 137.13860331157886
Epoch 220
-----------------
best loss = 0.27033814042806625, last loss = 0.11400005593895912, loss = 0.11372756585478783, diff loss = 0.15661057457327843, per = 137.70678497880226
Epoch 221
-----------------
best loss = 0.27033814042806625, last loss = 0.11372756585478783, loss = 0.11345669254660606, diff loss = 0.1568814478814602, per = 138.2743004049902
Epoch 222
-----------------
best loss = 0.27033814042806625, last loss = 0.11345669254660606, loss = 0.11318648234009743, diff loss = 0.15715165808796883, per = 138.84313288910852
Epoch 223
-----------------
best loss = 0.27033814042806625, last loss = 0.11318648234009743, loss = 0.11291881278157234, diff loss = 0.1574193276464939, per = 139.40930104446136
Epoch 224
-----------------
best loss = 0.27033814042806625, last loss = 0.11291881278157234, loss = 0.11265414953231812, diff loss = 0.15768399089574814, per = 139.97175563471978
Epoch 225
-----------------
best loss = 0.27033814042806625, last loss = 0.11265414953231812, loss = 0.11239169910550117, diff loss = 0.15794644132256508, per = 140.532123439385
Epoch 226
-----------------
best loss = 0.27033814042806625, last loss = 0.11239169910550117, loss = 0.1121256873011589, diff loss = 0.15821245312690735, per = 141.10277219702903
Epoch 227
-----------------
best loss = 0.27033814042806625, last loss = 0.1121256873011589, loss = 0.11187278851866722, diff loss = 0.15846535190939903, per = 141.6478073065617
Epoch 228
-----------------
best loss = 0.27033814042806625, last loss = 0.11187278851866722, loss = 0.11162341758608818, diff loss = 0.15871472284197807, per = 142.18765763874887
Epoch 229
-----------------
best loss = 0.27033814042806625, last loss = 0.11162341758608818, loss = 0.11137766763567924, diff loss = 0.158960472792387, per = 142.7220341086267
Epoch 230
-----------------
best loss = 0.27033814042806625, last loss = 0.11137766763567924, loss = 0.11113492399454117, diff loss = 0.15920321643352509, per = 143.25219356009546
Epoch 231
-----------------
best loss = 0.27033814042806625, last loss = 0.11113492399454117, loss = 0.11089489609003067, diff loss = 0.15944324433803558, per = 143.7787039437691
Epoch 232
-----------------
best loss = 0.27033814042806625, last loss = 0.11089489609003067, loss = 0.11078089475631714, diff loss = 0.15955724567174911, per = 144.0295693790202
Epoch 233
-----------------
best loss = 0.27033814042806625, last loss = 0.11078089475631714, loss = 0.11054971814155579, diff loss = 0.15978842228651047, per = 144.53987307494165
Epoch 234
-----------------
best loss = 0.27033814042806625, last loss = 0.11054971814155579, loss = 0.11032092198729515, diff loss = 0.1600172184407711, per = 145.04702785134364
Epoch 235
-----------------
best loss = 0.27033814042806625, last loss = 0.11032092198729515, loss = 0.1102367416024208, diff loss = 0.16010139882564545, per = 145.23415378428567
Epoch 236
-----------------
best loss = 0.27033814042806625, last loss = 0.1102367416024208, loss = 0.11001705005764961, diff loss = 0.16032109037041664, per = 145.7238585168457
Epoch 237
-----------------
best loss = 0.27033814042806625, last loss = 0.11001705005764961, loss = 0.10979998484253883, diff loss = 0.16053815558552742, per = 146.20963364954085
Epoch 238
-----------------
best loss = 0.27033814042806625, last loss = 0.10979998484253883, loss = 0.10970950499176979, diff loss = 0.16062863543629646, per = 146.41268816985962
Epoch 239
-----------------
best loss = 0.27033814042806625, last loss = 0.10970950499176979, loss = 0.1094595417380333, diff loss = 0.16087859869003296, per = 146.97539943576555
Epoch 240
-----------------
best loss = 0.27033814042806625, last loss = 0.1094595417380333, loss = 0.10926038771867752, diff loss = 0.16107775270938873, per = 147.42557304860568
Epoch 241
-----------------
best loss = 0.27033814042806625, last loss = 0.10926038771867752, loss = 0.10905709117650986, diff loss = 0.1612810492515564, per = 147.88680636137784
Epoch 242
-----------------
best loss = 0.27033814042806625, last loss = 0.10905709117650986, loss = 0.1088717170059681, diff loss = 0.16146642342209816, per = 148.30887935132588
Epoch 243
-----------------
best loss = 0.27033814042806625, last loss = 0.1088717170059681, loss = 0.10868621245026588, diff loss = 0.16165192797780037, per = 148.73269049813587
Epoch 244
-----------------
best loss = 0.27033814042806625, last loss = 0.10868621245026588, loss = 0.10851378366351128, diff loss = 0.16182435676455498, per = 149.12792762470954
Epoch 245
-----------------
best loss = 0.27033814042806625, last loss = 0.10851378366351128, loss = 0.10833568871021271, diff loss = 0.16200245171785355, per = 149.53747342779548
Epoch 246
-----------------
best loss = 0.27033814042806625, last loss = 0.10833568871021271, loss = 0.10816129297018051, diff loss = 0.16217684745788574, per = 149.93981950881175
Epoch 247
-----------------
best loss = 0.27033814042806625, last loss = 0.10816129297018051, loss = 0.10798973217606544, diff loss = 0.1623484082520008, per = 150.33689312916297
Epoch 248
-----------------
best loss = 0.27033814042806625, last loss = 0.10798973217606544, loss = 0.1078214943408966, diff loss = 0.16251664608716965, per = 150.727502972037
Epoch 249
-----------------
best loss = 0.27033814042806625, last loss = 0.1078214943408966, loss = 0.10764681547880173, diff loss = 0.16269132494926453, per = 151.1343593636566
Epoch 250
-----------------
best loss = 0.27033814042806625, last loss = 0.10764681547880173, loss = 0.10751467943191528, diff loss = 0.16282346099615097, per = 151.44300467292052
Epoch 251
-----------------
best loss = 0.27033814042806625, last loss = 0.10751467943191528, loss = 0.10735373571515083, diff loss = 0.16298440471291542, per = 151.81996567438821
Epoch 252
-----------------
best loss = 0.27033814042806625, last loss = 0.10735373571515083, loss = 0.10719482228159904, diff loss = 0.1631433181464672, per = 152.19328198324018
Epoch 253
-----------------
best loss = 0.27033814042806625, last loss = 0.10719482228159904, loss = 0.10703715309500694, diff loss = 0.1633009873330593, per = 152.56477084000187
Epoch 254
-----------------
best loss = 0.27033814042806625, last loss = 0.10703715309500694, loss = 0.10688117519021034, diff loss = 0.1634569652378559, per = 152.9333532747566
Epoch 255
-----------------
best loss = 0.27033814042806625, last loss = 0.10688117519021034, loss = 0.10672691091895103, diff loss = 0.16361122950911522, per = 153.29894597376892
Epoch 256
-----------------
best loss = 0.27033814042806625, last loss = 0.10672691091895103, loss = 0.10657525807619095, diff loss = 0.1637628823518753, per = 153.6593814624411
Epoch 257
-----------------
best loss = 0.27033814042806625, last loss = 0.10657525807619095, loss = 0.10642383620142937, diff loss = 0.1639143042266369, per = 154.02029289415464
Epoch 258
-----------------
best loss = 0.27033814042806625, last loss = 0.10642383620142937, loss = 0.10627495124936104, diff loss = 0.16406318917870522, per = 154.3761603745658
Epoch 259
-----------------
best loss = 0.27033814042806625, last loss = 0.10627495124936104, loss = 0.10612929984927177, diff loss = 0.16420884057879448, per = 154.72526513602665
Epoch 260
-----------------
best loss = 0.27033814042806625, last loss = 0.10612929984927177, loss = 0.10598668828606606, diff loss = 0.1643514521420002, per = 155.06801353996764
Epoch 261
-----------------
best loss = 0.27033814042806625, last loss = 0.10598668828606606, loss = 0.10584593564271927, diff loss = 0.16449220478534698, per = 155.4071998953148
Epoch 262
-----------------
best loss = 0.27033814042806625, last loss = 0.10584593564271927, loss = 0.10570813342928886, diff loss = 0.1646300069987774, per = 155.74015135637887
Epoch 263
-----------------
best loss = 0.27033814042806625, last loss = 0.10570813342928886, loss = 0.10557223856449127, diff loss = 0.16476590186357498, per = 156.06934560066554
Epoch 264
-----------------
best loss = 0.27033814042806625, last loss = 0.10557223856449127, loss = 0.10543784499168396, diff loss = 0.1649002954363823, per = 156.39573764940684
Epoch 265
-----------------
best loss = 0.27033814042806625, last loss = 0.10543784499168396, loss = 0.1053052581846714, diff loss = 0.16503288224339485, per = 156.71855811224592
Epoch 266
-----------------
best loss = 0.27033814042806625, last loss = 0.1053052581846714, loss = 0.10517421364784241, diff loss = 0.16516392678022385, per = 157.0384232519642
Epoch 267
-----------------
best loss = 0.27033814042806625, last loss = 0.10517421364784241, loss = 0.10504460707306862, diff loss = 0.16529353335499763, per = 157.35556347030752
Epoch 268
-----------------
best loss = 0.27033814042806625, last loss = 0.10504460707306862, loss = 0.10491666197776794, diff loss = 0.1654214784502983, per = 157.6694066814206
Epoch 269
-----------------
best loss = 0.27033814042806625, last loss = 0.10491666197776794, loss = 0.10478941351175308, diff loss = 0.16554872691631317, per = 157.98230123479541
Epoch 270
-----------------
best loss = 0.27033814042806625, last loss = 0.10478941351175308, loss = 0.10465209558606148, diff loss = 0.16568604484200478, per = 158.32080945359718
Epoch 271
-----------------
best loss = 0.27033814042806625, last loss = 0.10465209558606148, loss = 0.10452622547745705, diff loss = 0.1658119149506092, per = 158.63187845271378
Epoch 272
-----------------
best loss = 0.27033814042806625, last loss = 0.10452622547745705, loss = 0.10440205037593842, diff loss = 0.16593609005212784, per = 158.93949348179774
Epoch 273
-----------------
best loss = 0.27033814042806625, last loss = 0.10440205037593842, loss = 0.1042814664542675, diff loss = 0.16605667397379875, per = 159.2389133179506
Epoch 274
-----------------
best loss = 0.27033814042806625, last loss = 0.1042814664542675, loss = 0.10415872558951378, diff loss = 0.16617941483855247, per = 159.5444010072284
Epoch 275
-----------------
best loss = 0.27033814042806625, last loss = 0.10415872558951378, loss = 0.10403687879443169, diff loss = 0.16630126163363457, per = 159.8483764225878
Epoch 276
-----------------
best loss = 0.27033814042806625, last loss = 0.10403687879443169, loss = 0.10390600562095642, diff loss = 0.16643213480710983, per = 160.17566435403688
Epoch 277
-----------------
best loss = 0.27033814042806625, last loss = 0.10390600562095642, loss = 0.10377548262476921, diff loss = 0.16656265780329704, per = 160.50289874878573
Epoch 278
-----------------
best loss = 0.27033814042806625, last loss = 0.10377548262476921, loss = 0.10365579277276993, diff loss = 0.16668234765529633, per = 160.80369769655874
Epoch 279
-----------------
best loss = 0.27033814042806625, last loss = 0.10365579277276993, loss = 0.10353678464889526, diff loss = 0.166801355779171, per = 161.1034728814623
Epoch 280
-----------------
best loss = 0.27033814042806625, last loss = 0.10353678464889526, loss = 0.10344328358769417, diff loss = 0.16689485684037209, per = 161.3394809716058
Epoch 281
-----------------
best loss = 0.27033814042806625, last loss = 0.10344328358769417, loss = 0.10332535579800606, diff loss = 0.1670127846300602, per = 161.63775419903578
Epoch 282
-----------------
best loss = 0.27033814042806625, last loss = 0.10332535579800606, loss = 0.10320838540792465, diff loss = 0.1671297550201416, per = 161.93427923474607
Epoch 283
-----------------
best loss = 0.27033814042806625, last loss = 0.10320838540792465, loss = 0.10309204831719398, diff loss = 0.16724609211087227, per = 162.22986626115807
Epoch 284
-----------------
best loss = 0.27033814042806625, last loss = 0.10309204831719398, loss = 0.10297606885433197, diff loss = 0.16736207157373428, per = 162.52520943529274
Epoch 285
-----------------
best loss = 0.27033814042806625, last loss = 0.10297606885433197, loss = 0.10286074131727219, diff loss = 0.16747739911079407, per = 162.81955288870893
Epoch 286
-----------------
best loss = 0.27033814042806625, last loss = 0.10286074131727219, loss = 0.10274466127157211, diff loss = 0.16759347915649414, per = 163.11648418745114
Epoch 287
-----------------
best loss = 0.27033814042806625, last loss = 0.10274466127157211, loss = 0.1026301272213459, diff loss = 0.16770801320672035, per = 163.4101191797402
Epoch 288
-----------------
best loss = 0.27033814042806625, last loss = 0.1026301272213459, loss = 0.10251232609152794, diff loss = 0.16782581433653831, per = 163.7128145806538
Epoch 289
-----------------
best loss = 0.27033814042806625, last loss = 0.10251232609152794, loss = 0.1023985743522644, diff loss = 0.16793956607580185, per = 164.00576584012578
Epoch 290
-----------------
best loss = 0.27033814042806625, last loss = 0.1023985743522644, loss = 0.10228507965803146, diff loss = 0.1680530607700348, per = 164.29870449520564
Epoch 291
-----------------
best loss = 0.27033814042806625, last loss = 0.10228507965803146, loss = 0.10217190161347389, diff loss = 0.16816623881459236, per = 164.59147393652452
Epoch 292
-----------------
best loss = 0.27033814042806625, last loss = 0.10217190161347389, loss = 0.10205915197730064, diff loss = 0.1682789884507656, per = 164.88378081780766
Epoch 293
-----------------
best loss = 0.27033814042806625, last loss = 0.10205915197730064, loss = 0.10194685310125351, diff loss = 0.16839128732681274, per = 165.17556177979
Epoch 294
-----------------
best loss = 0.27033814042806625, last loss = 0.10194685310125351, loss = 0.10183501243591309, diff loss = 0.16850312799215317, per = 165.46679178558134
Epoch 295
-----------------
best loss = 0.27033814042806625, last loss = 0.10183501243591309, loss = 0.10172396153211594, diff loss = 0.16861417889595032, per = 165.7565988940728
Epoch 296
-----------------
best loss = 0.27033814042806625, last loss = 0.10172396153211594, loss = 0.10161352902650833, diff loss = 0.16872461140155792, per = 166.04542034707018
Epoch 297
-----------------
best loss = 0.27033814042806625, last loss = 0.10161352902650833, loss = 0.10150666534900665, diff loss = 0.1688314750790596, per = 166.3255063089429
Epoch 298
-----------------
best loss = 0.27033814042806625, last loss = 0.10150666534900665, loss = 0.10139836370944977, diff loss = 0.16893977671861649, per = 166.6099634533572
Epoch 299
-----------------
best loss = 0.27033814042806625, last loss = 0.10139836370944977, loss = 0.10129136592149734, diff loss = 0.1690467745065689, per = 166.891593344277
Epoch 300
-----------------
best loss = 0.27033814042806625, last loss = 0.10129136592149734, loss = 0.10118656605482101, diff loss = 0.16915157437324524, per = 167.1680154474281
Epoch 301
-----------------
best loss = 0.27033814042806625, last loss = 0.10118656605482101, loss = 0.10108258575201035, diff loss = 0.1692555546760559, per = 167.4428423223134
Epoch 302
-----------------
best loss = 0.27033814042806625, last loss = 0.10108258575201035, loss = 0.10098230466246605, diff loss = 0.1693558357656002, per = 167.70842805744343
Epoch 303
-----------------
best loss = 0.27033814042806625, last loss = 0.10098230466246605, loss = 0.10088489204645157, diff loss = 0.16945324838161469, per = 167.96692244423616
Epoch 304
-----------------
best loss = 0.27033814042806625, last loss = 0.10088489204645157, loss = 0.1007884070277214, diff loss = 0.16954973340034485, per = 168.22344791471002
Epoch 305
-----------------
best loss = 0.27033814042806625, last loss = 0.1007884070277214, loss = 0.10069333016872406, diff loss = 0.1696448102593422, per = 168.47671039887294
Epoch 306
-----------------
best loss = 0.27033814042806625, last loss = 0.10069333016872406, loss = 0.10059913992881775, diff loss = 0.1697390004992485, per = 168.72808318177766
Epoch 307
-----------------
best loss = 0.27033814042806625, last loss = 0.10059913992881775, loss = 0.10050566494464874, diff loss = 0.1698324754834175, per = 168.97801290797784
Epoch 308
-----------------
best loss = 0.27033814042806625, last loss = 0.10050566494464874, loss = 0.10041173547506332, diff loss = 0.16992640495300293, per = 169.22962654619508
Epoch 309
-----------------
best loss = 0.27033814042806625, last loss = 0.10041173547506332, loss = 0.1003187708556652, diff loss = 0.17001936957240105, per = 169.47911953289218
Epoch 310
-----------------
best loss = 0.27033814042806625, last loss = 0.1003187708556652, loss = 0.100226491689682, diff loss = 0.17011164873838425, per = 169.7272306657988
Epoch 311
-----------------
best loss = 0.27033814042806625, last loss = 0.100226491689682, loss = 0.10013464093208313, diff loss = 0.17020349949598312, per = 169.97464405092796
Epoch 312
-----------------
best loss = 0.27033814042806625, last loss = 0.10013464093208313, loss = 0.10004306957125664, diff loss = 0.17029507085680962, per = 170.2217570758515
Epoch 313
-----------------
best loss = 0.27033814042806625, last loss = 0.10004306957125664, loss = 0.09995517507195473, diff loss = 0.17038296535611153, per = 170.45937364769551
Epoch 314
-----------------
best loss = 0.27033814042806625, last loss = 0.09995517507195473, loss = 0.09993946552276611, diff loss = 0.17039867490530014, per = 170.50188733147016
Epoch 315
-----------------
best loss = 0.27033814042806625, last loss = 0.09993946552276611, loss = 0.09988947957754135, diff loss = 0.1704486608505249, per = 170.63724985994193
Epoch 316
-----------------
best loss = 0.27033814042806625, last loss = 0.09988947957754135, loss = 0.09979849681258202, diff loss = 0.17053964361548424, per = 170.88398028254028
Epoch 317
-----------------
best loss = 0.27033814042806625, last loss = 0.09979849681258202, loss = 0.09970798715949059, diff loss = 0.17063015326857567, per = 171.1298744759932
Epoch 318
-----------------
best loss = 0.27033814042806625, last loss = 0.09970798715949059, loss = 0.09961745142936707, diff loss = 0.1707206889986992, per = 171.37628653323588
Epoch 319
-----------------
best loss = 0.27033814042806625, last loss = 0.09961745142936707, loss = 0.09952738136053085, diff loss = 0.1708107590675354, per = 171.62187604312183
Epoch 320
-----------------
best loss = 0.27033814042806625, last loss = 0.09952738136053085, loss = 0.09943768382072449, diff loss = 0.17090045660734177, per = 171.86689194758097
Epoch 321
-----------------
best loss = 0.27033814042806625, last loss = 0.09943768382072449, loss = 0.09934796392917633, diff loss = 0.17099017649888992, per = 172.11241150426218
Epoch 322
-----------------
best loss = 0.27033814042806625, last loss = 0.09934796392917633, loss = 0.09925853088498116, diff loss = 0.1710796095430851, per = 172.35758782419296
Epoch 323
-----------------
best loss = 0.27033814042806625, last loss = 0.09925853088498116, loss = 0.09916890785098076, diff loss = 0.1711692325770855, per = 172.6037286145152
Epoch 324
-----------------
best loss = 0.27033814042806625, last loss = 0.09916890785098076, loss = 0.09907936677336693, diff loss = 0.17125877365469933, per = 172.85008900635668
Epoch 325
-----------------
best loss = 0.27033814042806625, last loss = 0.09907936677336693, loss = 0.09899020567536354, diff loss = 0.1713479347527027, per = 173.0958467897672
Epoch 326
-----------------
best loss = 0.27033814042806625, last loss = 0.09899020567536354, loss = 0.09890086203813553, diff loss = 0.17143727838993073, per = 173.34255218506146
Epoch 327
-----------------
best loss = 0.27033814042806625, last loss = 0.09890086203813553, loss = 0.09881166741251945, diff loss = 0.1715264730155468, per = 173.58929113042615
Epoch 328
-----------------
best loss = 0.27033814042806625, last loss = 0.09881166741251945, loss = 0.09872274100780487, diff loss = 0.17161539942026138, per = 173.83573193808883
Epoch 329
-----------------
best loss = 0.27033814042806625, last loss = 0.09872274100780487, loss = 0.09863390401005745, diff loss = 0.1717042364180088, per = 174.08236867568434
Epoch 330
-----------------
best loss = 0.27033814042806625, last loss = 0.09863390401005745, loss = 0.0985228531062603, diff loss = 0.17181528732180595, per = 174.39130303757773
Epoch 331
-----------------
best loss = 0.27033814042806625, last loss = 0.0985228531062603, loss = 0.09843400120735168, diff loss = 0.17190413922071457, per = 174.63898359531044
Epoch 332
-----------------
best loss = 0.27033814042806625, last loss = 0.09843400120735168, loss = 0.09834516420960426, diff loss = 0.171992976218462, per = 174.88707004636368
Epoch 333
-----------------
best loss = 0.27033814042806625, last loss = 0.09834516420960426, loss = 0.09825001284480095, diff loss = 0.1720881275832653, per = 175.15328761849787
Epoch 334
-----------------
best loss = 0.27033814042806625, last loss = 0.09825001284480095, loss = 0.09816131368279457, diff loss = 0.17217682674527168, per = 175.4019178081256
Epoch 335
-----------------
best loss = 0.27033814042806625, last loss = 0.09816131368279457, loss = 0.09807273373007774, diff loss = 0.1722654066979885, per = 175.6506626725719
Epoch 336
-----------------
best loss = 0.27033814042806625, last loss = 0.09807273373007774, loss = 0.0979820154607296, diff loss = 0.17235612496733665, per = 175.90587839705708
Epoch 337
-----------------
best loss = 0.27033814042806625, last loss = 0.0979820154607296, loss = 0.09789049252867699, diff loss = 0.17244764789938927, per = 176.16383720704113
Epoch 338
-----------------
best loss = 0.27033814042806625, last loss = 0.09789049252867699, loss = 0.09780212119221687, diff loss = 0.17253601923584938, per = 176.41337133859614
Epoch 339
-----------------
best loss = 0.27033814042806625, last loss = 0.09780212119221687, loss = 0.09771403297781944, diff loss = 0.1726241074502468, per = 176.6625552027226
Epoch 340
-----------------
best loss = 0.27033814042806625, last loss = 0.09771403297781944, loss = 0.09762579947710037, diff loss = 0.17271234095096588, per = 176.91260084531058
Epoch 341
-----------------
best loss = 0.27033814042806625, last loss = 0.09762579947710037, loss = 0.09753766283392906, diff loss = 0.1728004775941372, per = 177.16282364521402
Epoch 342
-----------------
best loss = 0.27033814042806625, last loss = 0.09753766283392906, loss = 0.09744961187243462, diff loss = 0.17288852855563164, per = 177.41325515174913
Epoch 343
-----------------
best loss = 0.27033814042806625, last loss = 0.09744961187243462, loss = 0.09736158326268196, diff loss = 0.1729765571653843, per = 177.6640758795929
Epoch 344
-----------------
best loss = 0.27033814042806625, last loss = 0.09736158326268196, loss = 0.09727383777499199, diff loss = 0.17306430265307426, per = 177.91454168118278
Epoch 345
-----------------
best loss = 0.27033814042806625, last loss = 0.09727383777499199, loss = 0.09718593209981918, diff loss = 0.17315220832824707, per = 178.16591824257372
Epoch 346
-----------------
best loss = 0.27033814042806625, last loss = 0.09718593209981918, loss = 0.09706232324242592, diff loss = 0.17327581718564034, per = 178.52016250719777
Epoch 347
-----------------
best loss = 0.27033814042806625, last loss = 0.09706232324242592, loss = 0.09697436168789864, diff loss = 0.17336377874016762, per = 178.77279697712262
Epoch 348
-----------------
best loss = 0.27033814042806625, last loss = 0.09697436168789864, loss = 0.09688640758395195, diff loss = 0.1734517328441143, per = 179.02586871519475
Epoch 349
-----------------
best loss = 0.27033814042806625, last loss = 0.09688640758395195, loss = 0.09679927304387093, diff loss = 0.17353886738419533, per = 179.27703579503623
Epoch 350
-----------------
best loss = 0.27033814042806625, last loss = 0.09679927304387093, loss = 0.09670906141400337, diff loss = 0.17362907901406288, per = 179.53754950714637
Epoch 351
-----------------
best loss = 0.27033814042806625, last loss = 0.09670906141400337, loss = 0.09662576019763947, diff loss = 0.1737123802304268, per = 179.77853925817863
Epoch 352
-----------------
best loss = 0.27033814042806625, last loss = 0.09662576019763947, loss = 0.09651819802820683, diff loss = 0.17381994239985943, per = 180.0903310990759
Epoch 353
-----------------
best loss = 0.27033814042806625, last loss = 0.09651819802820683, loss = 0.09643663093447685, diff loss = 0.1739015094935894, per = 180.32723438020713
Epoch 354
-----------------
best loss = 0.27033814042806625, last loss = 0.09643663093447685, loss = 0.0963557418435812, diff loss = 0.17398239858448505, per = 180.5625645713141
Epoch 355
-----------------
best loss = 0.27033814042806625, last loss = 0.0963557418435812, loss = 0.09627506509423256, diff loss = 0.1740630753338337, per = 180.79767088546078
Epoch 356
-----------------
best loss = 0.27033814042806625, last loss = 0.09627506509423256, loss = 0.09619714319705963, diff loss = 0.17414099723100662, per = 181.0251234532809
Epoch 357
-----------------
best loss = 0.27033814042806625, last loss = 0.09619714319705963, loss = 0.0961175374686718, diff loss = 0.17422060295939445, per = 181.25787192184285
Epoch 358
-----------------
best loss = 0.27033814042806625, last loss = 0.0961175374686718, loss = 0.09603650122880936, diff loss = 0.1743016391992569, per = 181.49519918887808
Epoch 359
-----------------
best loss = 0.27033814042806625, last loss = 0.09603650122880936, loss = 0.09595760889351368, diff loss = 0.17438053153455257, per = 181.72663277600694
Epoch 360
-----------------
best loss = 0.27033814042806625, last loss = 0.09595760889351368, loss = 0.09587186574935913, diff loss = 0.17446627467870712, per = 181.9785954044327
Epoch 361
-----------------
best loss = 0.27033814042806625, last loss = 0.09587186574935913, loss = 0.09579384885728359, diff loss = 0.17454429157078266, per = 182.2082457829038
Epoch 362
-----------------
best loss = 0.27033814042806625, last loss = 0.09579384885728359, loss = 0.09571612812578678, diff loss = 0.17462201230227947, per = 182.43739662431534
Epoch 363
-----------------
best loss = 0.27033814042806625, last loss = 0.09571612812578678, loss = 0.0956411249935627, diff loss = 0.17469701543450356, per = 182.65888805287668
Epoch 364
-----------------
best loss = 0.27033814042806625, last loss = 0.0956411249935627, loss = 0.09556433372199535, diff loss = 0.1747738067060709, per = 182.88602023271835
Epoch 365
-----------------
best loss = 0.27033814042806625, last loss = 0.09556433372199535, loss = 0.09548796713352203, diff loss = 0.17485017329454422, per = 183.11225858442353
Epoch 366
-----------------
best loss = 0.27033814042806625, last loss = 0.09548796713352203, loss = 0.09541206620633602, diff loss = 0.17492607422173023, per = 183.33747625110536
Epoch 367
-----------------
best loss = 0.27033814042806625, last loss = 0.09541206620633602, loss = 0.09533651545643806, diff loss = 0.1750016249716282, per = 183.5620109816069
Epoch 368
-----------------
best loss = 0.27033814042806625, last loss = 0.09533651545643806, loss = 0.09523434937000275, diff loss = 0.1751037910580635, per = 183.86621236603767
Epoch 369
-----------------
best loss = 0.27033814042806625, last loss = 0.09523434937000275, loss = 0.09515858441591263, diff loss = 0.17517955601215363, per = 184.09222571711535
Epoch 370
-----------------
best loss = 0.27033814042806625, last loss = 0.09515858441591263, loss = 0.09508305229246616, diff loss = 0.1752550881356001, per = 184.31790304389114
Epoch 371
-----------------
best loss = 0.27033814042806625, last loss = 0.09508305229246616, loss = 0.09500770270824432, diff loss = 0.17533043771982193, per = 184.5433925060137
Epoch 372
-----------------
best loss = 0.27033814042806625, last loss = 0.09500770270824432, loss = 0.0949191227555275, diff loss = 0.17541901767253876, per = 184.80893267876672
Epoch 373
-----------------
best loss = 0.27033814042806625, last loss = 0.0949191227555275, loss = 0.09484482184052467, diff loss = 0.17549331858754158, per = 185.03205043984588
Epoch 374
-----------------
best loss = 0.27033814042806625, last loss = 0.09484482184052467, loss = 0.09477127715945244, diff loss = 0.17556686326861382, per = 185.2532418374219
Epoch 375
-----------------
best loss = 0.27033814042806625, last loss = 0.09477127715945244, loss = 0.09468497522175312, diff loss = 0.17565316520631313, per = 185.51323987246312
Epoch 376
-----------------
best loss = 0.27033814042806625, last loss = 0.09468497522175312, loss = 0.09461228549480438, diff loss = 0.17572585493326187, per = 185.73259700286155
Epoch 377
-----------------
best loss = 0.27033814042806625, last loss = 0.09461228549480438, loss = 0.09453994035720825, diff loss = 0.175798200070858, per = 185.95124918275258
Epoch 378
-----------------
best loss = 0.27033814042806625, last loss = 0.09453994035720825, loss = 0.09446903131902218, diff loss = 0.17586910910904408, per = 186.16588595593154
Epoch 379
-----------------
best loss = 0.27033814042806625, last loss = 0.09446903131902218, loss = 0.09439843334257603, diff loss = 0.17593970708549023, per = 186.37990150429442
Epoch 380
-----------------
best loss = 0.27033814042806625, last loss = 0.09439843334257603, loss = 0.094328373670578, diff loss = 0.17600976675748825, per = 186.5926018953378
Epoch 381
-----------------
best loss = 0.27033814042806625, last loss = 0.094328373670578, loss = 0.09425870515406132, diff loss = 0.17607943527400494, per = 186.8044282872458
Epoch 382
-----------------
best loss = 0.27033814042806625, last loss = 0.09425870515406132, loss = 0.09418908879160881, diff loss = 0.17614905163645744, per = 187.01640911526724
Epoch 383
-----------------
best loss = 0.27033814042806625, last loss = 0.09418908879160881, loss = 0.09411988966166973, diff loss = 0.17621825076639652, per = 187.2274302486367
Epoch 384
-----------------
best loss = 0.27033814042806625, last loss = 0.09411988966166973, loss = 0.09406022354960442, diff loss = 0.17627791687846184, per = 187.4096299436269
Epoch 385
-----------------
best loss = 0.27033814042806625, last loss = 0.09406022354960442, loss = 0.09399239346385002, diff loss = 0.17634574696421623, per = 187.61704055556342
Epoch 386
-----------------
best loss = 0.27033814042806625, last loss = 0.09399239346385002, loss = 0.09392574802041054, diff loss = 0.17641239240765572, per = 187.82112054015306
Epoch 387
-----------------
best loss = 0.27033814042806625, last loss = 0.09392574802041054, loss = 0.09386122412979603, diff loss = 0.17647691629827023, per = 188.01898007874803
Epoch 388
-----------------
best loss = 0.27033814042806625, last loss = 0.09386122412979603, loss = 0.09379813820123672, diff loss = 0.17654000222682953, per = 188.21269335653176
Epoch 389
-----------------
best loss = 0.27033814042806625, last loss = 0.09379813820123672, loss = 0.09373676590621471, diff loss = 0.17660137452185154, per = 188.40139492175817
Epoch 390
-----------------
best loss = 0.27033814042806625, last loss = 0.09373676590621471, loss = 0.09367658384144306, diff loss = 0.1766615565866232, per = 188.5866769924493
Epoch 391
-----------------
best loss = 0.27033814042806625, last loss = 0.09367658384144306, loss = 0.09361748211085796, diff loss = 0.1767206583172083, per = 188.76886488780264
Epoch 392
-----------------
best loss = 0.27033814042806625, last loss = 0.09361748211085796, loss = 0.0935606025159359, diff loss = 0.17677753791213036, per = 188.94442014951792
Epoch 393
-----------------
best loss = 0.27033814042806625, last loss = 0.0935606025159359, loss = 0.0935044139623642, diff loss = 0.17683372646570206, per = 189.11805226315644
Epoch 394
-----------------
best loss = 0.27033814042806625, last loss = 0.0935044139623642, loss = 0.09344954416155815, diff loss = 0.1768885962665081, per = 189.2878107149439
Epoch 395
-----------------
best loss = 0.27033814042806625, last loss = 0.09344954416155815, loss = 0.0933957826346159, diff loss = 0.17694235779345036, per = 189.4543338061488
Epoch 396
-----------------
best loss = 0.27033814042806625, last loss = 0.0933957826346159, loss = 0.09334278851747513, diff loss = 0.17699535191059113, per = 189.61866762471428
Epoch 397
-----------------
best loss = 0.27033814042806625, last loss = 0.09334278851747513, loss = 0.09329061955213547, diff loss = 0.1770475208759308, per = 189.78062502520714
Epoch 398
-----------------
best loss = 0.27033814042806625, last loss = 0.09329061955213547, loss = 0.09323966316878796, diff loss = 0.1770984772592783, per = 189.93899295698242
Epoch 399
-----------------
best loss = 0.27033814042806625, last loss = 0.09323966316878796, loss = 0.0931890569627285, diff loss = 0.17714908346533775, per = 190.09644398074502
Epoch 400
-----------------
best loss = 0.27033814042806625, last loss = 0.0931890569627285, loss = 0.09313876368105412, diff loss = 0.17719937674701214, per = 190.2530909190684
Epoch 401
-----------------
best loss = 0.27033814042806625, last loss = 0.09313876368105412, loss = 0.09311573766171932, diff loss = 0.17722240276634693, per = 190.3248658247
Epoch 402
-----------------
best loss = 0.27033814042806625, last loss = 0.09311573766171932, loss = 0.09306656010448933, diff loss = 0.17727158032357693, per = 190.47827718629276
Epoch 403
-----------------
best loss = 0.27033814042806625, last loss = 0.09306656010448933, loss = 0.09305561520159245, diff loss = 0.1772825252264738, per = 190.512442309274
Epoch 404
-----------------
best loss = 0.27033814042806625, last loss = 0.09305561520159245, loss = 0.09300699457526207, diff loss = 0.17733114585280418, per = 190.6643114989661
Epoch 405
-----------------
best loss = 0.27033814042806625, last loss = 0.09300699457526207, loss = 0.0929588433355093, diff loss = 0.17737929709255695, per = 190.81487110629735
Epoch 406
-----------------
best loss = 0.27033814042806625, last loss = 0.0929588433355093, loss = 0.0929108839482069, diff loss = 0.17742725647985935, per = 190.96498595230892
Epoch 407
-----------------
best loss = 0.27033814042806625, last loss = 0.0929108839482069, loss = 0.09286333434283733, diff loss = 0.17747480608522892, per = 191.11397123650426
Epoch 408
-----------------
best loss = 0.27033814042806625, last loss = 0.09286333434283733, loss = 0.09281590394675732, diff loss = 0.17752223648130894, per = 191.2627350837873
Epoch 409
-----------------
best loss = 0.27033814042806625, last loss = 0.09281590394675732, loss = 0.09276846796274185, diff loss = 0.1775696724653244, per = 191.41166860343196
Epoch 410
-----------------
best loss = 0.27033814042806625, last loss = 0.09276846796274185, loss = 0.09272122010588646, diff loss = 0.1776169203221798, per = 191.5601629479676
Epoch 411
-----------------
best loss = 0.27033814042806625, last loss = 0.09272122010588646, loss = 0.0926743745803833, diff loss = 0.17766376584768295, per = 191.70754229755508
Epoch 412
-----------------
best loss = 0.27033814042806625, last loss = 0.0926743745803833, loss = 0.09263117238879204, diff loss = 0.17770696803927422, per = 191.84359158642798
Epoch 413
-----------------
best loss = 0.27033814042806625, last loss = 0.09263117238879204, loss = 0.0925863217562437, diff loss = 0.17775181867182255, per = 191.98496635366723
Epoch 414
-----------------
best loss = 0.27033814042806625, last loss = 0.0925863217562437, loss = 0.09254116006195545, diff loss = 0.1777969803661108, per = 192.12746009135543
Epoch 415
-----------------
best loss = 0.27033814042806625, last loss = 0.09254116006195545, loss = 0.09249620325863361, diff loss = 0.17784193716943264, per = 192.2694455600077
Epoch 416
-----------------
best loss = 0.27033814042806625, last loss = 0.09249620325863361, loss = 0.09245176427066326, diff loss = 0.177886376157403, per = 192.40993134173186
Epoch 417
-----------------
best loss = 0.27033814042806625, last loss = 0.09245176427066326, loss = 0.09240766055881977, diff loss = 0.17793047986924648, per = 192.5494908032969
Epoch 418
-----------------
best loss = 0.27033814042806625, last loss = 0.09240766055881977, loss = 0.09236377850174904, diff loss = 0.17797436192631721, per = 192.68848114842663
Epoch 419
-----------------
best loss = 0.27033814042806625, last loss = 0.09236377850174904, loss = 0.09232037328183651, diff loss = 0.17801776714622974, per = 192.82609116275495
Epoch 420
-----------------
best loss = 0.27033814042806625, last loss = 0.09232037328183651, loss = 0.09227710217237473, diff loss = 0.17806103825569153, per = 192.96340485754678
Epoch 421
-----------------
best loss = 0.27033814042806625, last loss = 0.09227710217237473, loss = 0.09223446808755398, diff loss = 0.17810367234051228, per = 193.09882306845049
Epoch 422
-----------------
best loss = 0.27033814042806625, last loss = 0.09223446808755398, loss = 0.09219221770763397, diff loss = 0.17814592272043228, per = 193.23314608330645
Epoch 423
-----------------
best loss = 0.27033814042806625, last loss = 0.09219221770763397, loss = 0.0921507403254509, diff loss = 0.17818740010261536, per = 193.36513138506191
Epoch 424
-----------------
best loss = 0.27033814042806625, last loss = 0.0921507403254509, loss = 0.09210946969687939, diff loss = 0.17822867073118687, per = 193.49657675558754
Epoch 425
-----------------
best loss = 0.27033814042806625, last loss = 0.09210946969687939, loss = 0.09206860326230526, diff loss = 0.178269537165761, per = 193.6268509014605
Epoch 426
-----------------
best loss = 0.27033814042806625, last loss = 0.09206860326230526, loss = 0.09202868677675724, diff loss = 0.178309453651309, per = 193.75420849354427
Epoch 427
-----------------
best loss = 0.27033814042806625, last loss = 0.09202868677675724, loss = 0.09198953583836555, diff loss = 0.1783486045897007, per = 193.87923089760594
Epoch 428
-----------------
best loss = 0.27033814042806625, last loss = 0.09198953583836555, loss = 0.09195113554596901, diff loss = 0.17838700488209724, per = 194.00195965270757
Epoch 429
-----------------
best loss = 0.27033814042806625, last loss = 0.09195113554596901, loss = 0.09191287867724895, diff loss = 0.1784252617508173, per = 194.12433199634145
Epoch 430
-----------------
best loss = 0.27033814042806625, last loss = 0.09191287867724895, loss = 0.09187495335936546, diff loss = 0.1784631870687008, per = 194.245744398529
Epoch 431
-----------------
best loss = 0.27033814042806625, last loss = 0.09187495335936546, loss = 0.0918375514447689, diff loss = 0.17850058898329735, per = 194.36557941186788
Epoch 432
-----------------
best loss = 0.27033814042806625, last loss = 0.0918375514447689, loss = 0.09180107526481152, diff loss = 0.17853706516325474, per = 194.4825424410799
Epoch 433
-----------------
best loss = 0.27033814042806625, last loss = 0.09180107526481152, loss = 0.09176481887698174, diff loss = 0.17857332155108452, per = 194.59889283983298
Epoch 434
-----------------
best loss = 0.27033814042806625, last loss = 0.09176481887698174, loss = 0.09172923117876053, diff loss = 0.17860890924930573, per = 194.7131867934611
Epoch 435
-----------------
best loss = 0.27033814042806625, last loss = 0.09172923117876053, loss = 0.09169386886060238, diff loss = 0.17864427156746387, per = 194.82684479051468
Epoch 436
-----------------
best loss = 0.27033814042806625, last loss = 0.09169386886060238, loss = 0.0916588343679905, diff loss = 0.17867930606007576, per = 194.93953560735542
Epoch 437
-----------------
best loss = 0.27033814042806625, last loss = 0.0916588343679905, loss = 0.09162441454827785, diff loss = 0.1787137258797884, per = 195.05033321181253
Epoch 438
-----------------
best loss = 0.27033814042806625, last loss = 0.09162441454827785, loss = 0.09159106947481632, diff loss = 0.17874707095324993, per = 195.15775061715797
Epoch 439
-----------------
best loss = 0.27033814042806625, last loss = 0.09159106947481632, loss = 0.09155885688960552, diff loss = 0.17877928353846073, per = 195.26159413940562
Epoch 440
-----------------
best loss = 0.27033814042806625, last loss = 0.09155885688960552, loss = 0.09152805060148239, diff loss = 0.17881008982658386, per = 195.36097256690383
Epoch 441
-----------------
best loss = 0.27033814042806625, last loss = 0.09152805060148239, loss = 0.09149854257702827, diff loss = 0.17883959785103798, per = 195.4562256557053
Epoch 442
-----------------
best loss = 0.27033814042806625, last loss = 0.09149854257702827, loss = 0.09146996960043907, diff loss = 0.17886817082762718, per = 195.54851893901645
Epoch 443
-----------------
best loss = 0.27033814042806625, last loss = 0.09146996960043907, loss = 0.09144218638539314, diff loss = 0.1788959540426731, per = 195.6383165300712
Epoch 444
-----------------
best loss = 0.27033814042806625, last loss = 0.09144218638539314, loss = 0.09141520224511623, diff loss = 0.17892293818295002, per = 195.72558369798804
Epoch 445
-----------------
best loss = 0.27033814042806625, last loss = 0.09141520224511623, loss = 0.09138958342373371, diff loss = 0.17894855700433254, per = 195.80848309005415
Epoch 446
-----------------
best loss = 0.27033814042806625, last loss = 0.09138958342373371, loss = 0.09136535599827766, diff loss = 0.1789727844297886, per = 195.88692286512014
Epoch 447
-----------------
best loss = 0.27033814042806625, last loss = 0.09136535599827766, loss = 0.09134114719927311, diff loss = 0.17899699322879314, per = 195.96534389729845
Epoch 448
-----------------
best loss = 0.27033814042806625, last loss = 0.09134114719927311, loss = 0.09131759405136108, diff loss = 0.17902054637670517, per = 196.04168094487468
Epoch 449
-----------------
best loss = 0.27033814042806625, last loss = 0.09131759405136108, loss = 0.0912932213395834, diff loss = 0.17904491908848286, per = 196.12071571282326
Epoch 450
-----------------
best loss = 0.27033814042806625, last loss = 0.0912932213395834, loss = 0.09127085283398628, diff loss = 0.17906728759407997, per = 196.19328847489544
Epoch 451
-----------------
best loss = 0.27033814042806625, last loss = 0.09127085283398628, loss = 0.09124854020774364, diff loss = 0.1790896002203226, per = 196.2657153885345
Epoch 452
-----------------
best loss = 0.27033814042806625, last loss = 0.09124854020774364, loss = 0.09122555516660213, diff loss = 0.17911258526146412, per = 196.3403620118912
Epoch 453
-----------------
best loss = 0.27033814042806625, last loss = 0.09122555516660213, loss = 0.0912039652466774, diff loss = 0.17913417518138885, per = 196.41051208342589
Epoch 454
-----------------
best loss = 0.27033814042806625, last loss = 0.0912039652466774, loss = 0.09118274785578251, diff loss = 0.17915539257228374, per = 196.4794840967521
Epoch 455
-----------------
best loss = 0.27033814042806625, last loss = 0.09118274785578251, loss = 0.09116186574101448, diff loss = 0.17917627468705177, per = 196.54739756652313
Epoch 456
-----------------
best loss = 0.27033814042806625, last loss = 0.09116186574101448, loss = 0.09114101529121399, diff loss = 0.17919712513685226, per = 196.61523910423992
Epoch 457
-----------------
best loss = 0.27033814042806625, last loss = 0.09114101529121399, loss = 0.09112034738063812, diff loss = 0.17921779304742813, per = 196.68251735123386
Epoch 458
-----------------
best loss = 0.27033814042806625, last loss = 0.09112034738063812, loss = 0.09109983034431934, diff loss = 0.1792383100837469, per = 196.74933466538948
Epoch 459
-----------------
best loss = 0.27033814042806625, last loss = 0.09109983034431934, loss = 0.09107944928109646, diff loss = 0.1792586911469698, per = 196.81573896404197
Epoch 460
-----------------
best loss = 0.27033814042806625, last loss = 0.09107944928109646, loss = 0.09105958044528961, diff loss = 0.17927855998277664, per = 196.88050296969107
Epoch 461
-----------------
best loss = 0.27033814042806625, last loss = 0.09105958044528961, loss = 0.09104004316031933, diff loss = 0.17929809726774693, per = 196.94421382468732
Epoch 462
-----------------
best loss = 0.27033814042806625, last loss = 0.09104004316031933, loss = 0.09102085046470165, diff loss = 0.1793172899633646, per = 197.0068276091364
Epoch 463
-----------------
best loss = 0.27033814042806625, last loss = 0.09102085046470165, loss = 0.09100296720862389, diff loss = 0.17933517321944237, per = 197.0651932791568
Epoch 464
-----------------
best loss = 0.27033814042806625, last loss = 0.09100296720862389, loss = 0.0909848753362894, diff loss = 0.17935326509177685, per = 197.1242631578807
Epoch 465
-----------------
best loss = 0.27033814042806625, last loss = 0.0909848753362894, loss = 0.09096745401620865, diff loss = 0.1793706864118576, per = 197.18116589247094
Epoch 466
-----------------
best loss = 0.27033814042806625, last loss = 0.09096745401620865, loss = 0.0909509714692831, diff loss = 0.17938716895878315, per = 197.2350224091533
Epoch 467
-----------------
best loss = 0.27033814042806625, last loss = 0.0909509714692831, loss = 0.09093894809484482, diff loss = 0.17939919233322144, per = 197.2743209500477
Epoch 468
-----------------
best loss = 0.27033814042806625, last loss = 0.09093894809484482, loss = 0.09092297405004501, diff loss = 0.17941516637802124, per = 197.32654838068663
Epoch 469
-----------------
best loss = 0.27033814042806625, last loss = 0.09092297405004501, loss = 0.09090722166001797, diff loss = 0.1794309187680483, per = 197.37806908135224
Epoch 470
-----------------
best loss = 0.27033814042806625, last loss = 0.09090722166001797, loss = 0.09089120849967003, diff loss = 0.17944693192839622, per = 197.4304609769246
Epoch 471
-----------------
best loss = 0.27033814042806625, last loss = 0.09089120849967003, loss = 0.09087581746280193, diff loss = 0.17946232296526432, per = 197.48083480924214
Epoch 472
-----------------
best loss = 0.27033814042806625, last loss = 0.09087581746280193, loss = 0.09086032956838608, diff loss = 0.17947781085968018, per = 197.53154287713218
Epoch 473
-----------------
best loss = 0.27033814042806625, last loss = 0.09086032956838608, loss = 0.09084504097700119, diff loss = 0.17949309945106506, per = 197.58161537568844
Epoch 474
-----------------
best loss = 0.27033814042806625, last loss = 0.09084504097700119, loss = 0.09083265997469425, diff loss = 0.179505480453372, per = 197.6221774231667
Epoch 475
-----------------
best loss = 0.27033814042806625, last loss = 0.09083265997469425, loss = 0.09081769548356533, diff loss = 0.17952044494450092, per = 197.6712181350027
Epoch 476
-----------------
best loss = 0.27033814042806625, last loss = 0.09081769548356533, loss = 0.0908028781414032, diff loss = 0.17953526228666306, per = 197.71979254565142
Epoch 477
-----------------
best loss = 0.27033814042806625, last loss = 0.0908028781414032, loss = 0.09078666009008884, diff loss = 0.1795514803379774, per = 197.77297695477068
Epoch 478
-----------------
best loss = 0.27033814042806625, last loss = 0.09078666009008884, loss = 0.09077280946075916, diff loss = 0.1795653309673071, per = 197.81841284193445
Epoch 479
-----------------
best loss = 0.27033814042806625, last loss = 0.09077280946075916, loss = 0.09075959213078022, diff loss = 0.17957854829728603, per = 197.86178417210377
Epoch 480
-----------------
best loss = 0.27033814042806625, last loss = 0.09075959213078022, loss = 0.09074671380221844, diff loss = 0.17959142662584782, per = 197.9040552556708
Epoch 481
-----------------
best loss = 0.27033814042806625, last loss = 0.09074671380221844, loss = 0.09073479659855366, diff loss = 0.1796033438295126, per = 197.9431822877702
Epoch 482
-----------------
best loss = 0.27033814042806625, last loss = 0.09073479659855366, loss = 0.09072324074804783, diff loss = 0.17961489968001842, per = 197.98113272742998
Epoch 483
-----------------
best loss = 0.27033814042806625, last loss = 0.09072324074804783, loss = 0.09071216359734535, diff loss = 0.1796259768307209, per = 198.01752015093328
Epoch 484
-----------------
best loss = 0.27033814042806625, last loss = 0.09071216359734535, loss = 0.09070231579244137, diff loss = 0.17963582463562489, per = 198.0498767492271
Epoch 485
-----------------
best loss = 0.27033814042806625, last loss = 0.09070231579244137, loss = 0.0906885415315628, diff loss = 0.17964959889650345, per = 198.0951461590978
Epoch 486
-----------------
best loss = 0.27033814042806625, last loss = 0.0906885415315628, loss = 0.09067998826503754, diff loss = 0.17965815216302872, per = 198.12326357820837
Epoch 487
-----------------
best loss = 0.27033814042806625, last loss = 0.09067998826503754, loss = 0.09067209996283054, diff loss = 0.1796660404652357, per = 198.1491997415817
Epoch 488
-----------------
best loss = 0.27033814042806625, last loss = 0.09067209996283054, loss = 0.09065960720181465, diff loss = 0.1796785332262516, per = 198.19028426438533
Epoch 489
-----------------
best loss = 0.27033814042806625, last loss = 0.09065960720181465, loss = 0.09065211564302444, diff loss = 0.1796860247850418, per = 198.21492693300246
Epoch 490
-----------------
best loss = 0.27033814042806625, last loss = 0.09065211564302444, loss = 0.09064488671720028, diff loss = 0.17969325371086597, per = 198.23870956062254
Epoch 491
-----------------
best loss = 0.27033814042806625, last loss = 0.09064488671720028, loss = 0.09063820168375969, diff loss = 0.17969993874430656, per = 198.2607061990118
Epoch 492
-----------------
best loss = 0.27033814042806625, last loss = 0.09063820168375969, loss = 0.09063181839883327, diff loss = 0.17970632202923298, per = 198.28171298342437
Epoch 493
-----------------
best loss = 0.27033814042806625, last loss = 0.09063181839883327, loss = 0.09062559716403484, diff loss = 0.1797125432640314, per = 198.3021893237809
Epoch 494
-----------------
best loss = 0.27033814042806625, last loss = 0.09062559716403484, loss = 0.0906192772090435, diff loss = 0.17971886321902275, per = 198.32299346687728
Epoch 495
-----------------
best loss = 0.27033814042806625, last loss = 0.0906192772090435, loss = 0.0906132161617279, diff loss = 0.17972492426633835, per = 198.3429480591026
Epoch 496
-----------------
best loss = 0.27033814042806625, last loss = 0.0906132161617279, loss = 0.09060727059841156, diff loss = 0.1797308698296547, per = 198.362525040905
Epoch 497
-----------------
best loss = 0.27033814042806625, last loss = 0.09060727059841156, loss = 0.09056930057704449, diff loss = 0.17976883985102177, per = 198.4876097150579
Epoch 498
-----------------
best loss = 0.27033814042806625, last loss = 0.09056930057704449, loss = 0.09056389331817627, diff loss = 0.17977424710988998, per = 198.5054313845506
Epoch 499
-----------------
best loss = 0.27033814042806625, last loss = 0.09056389331817627, loss = 0.09055840596556664, diff loss = 0.17977973446249962, per = 198.52351920909246
Epoch 500
-----------------
best loss = 0.27033814042806625, last loss = 0.09055840596556664, loss = 0.09055333398282528, diff loss = 0.17978480644524097, per = 198.54023980976748
[(31, 24), (37, 65), (6, 78), (62, 84), (61, 95), (15, 101), (18, 119), (55, 123), (9, 138), (42, 153), (43, 184), (7, 199), (45, 209), (5, 213), (25, 218), (40, 236), (58, 331), (29, 340), (38, 371), (46, 410), (14, 435), (32, 465), (41, 470), (22, 500), (33, 500), (21, 500), (19, 500), (13, 500), (26, 500), (59, 500), (57, 500), (44, 549), (2, 596), (53, 609), (63, 651), (60, 661), (52, 716), (12, 826), (27, 866), (39, 903), (34, 917), (49, 927), (20, 1021), (47, 1043), (24, 1127), (54, 1146), (11, 1234), (35, 1308), (4, 1398), (51, 1404), (1, 1432), (56, 1550), (50, 1794), (48, 1923), (30, 2135), (16, 2188), (0, 2292), (17, 2596), (8, 4048), (3, 4372), (23, 4619), (36, 5031), (10, 5600), (28, 10457)]
Done!
Saved PyTorch Model State to model.pth
