Using cuda device
Find 9524 files.
Reading 9524 files...
Read 154 sequences.
VQVAE(
  (egru): GRU(89, 96)
  (gru): GRU(96, 96)
  (relu): LeakyReLU(negative_slope=0.01)
  (dgru): GRU(96, 96)
  (linear): Linear(in_features=96, out_features=96, bias=True)
  (vq_layer): VectorQuantizer()
)
Start trainning...
Epoch 1
-----------------
loss = 0.2576151639223099
Epoch 2
-----------------
best loss = 0.2576151639223099, last loss = 0.2576151639223099, loss = 0.2562103942036629, diff loss = 0.0014047697186470032, per = 0.5482875599224694
Epoch 3
-----------------
best loss = 0.2576151639223099, last loss = 0.2562103942036629, loss = 0.2548140063881874, diff loss = 0.002801157534122467, per = 1.0992949617750376
Epoch 4
-----------------
best loss = 0.2576151639223099, last loss = 0.2548140063881874, loss = 0.25342199951410294, diff loss = 0.00419316440820694, per = 1.6546173640199655
Epoch 5
-----------------
best loss = 0.2576151639223099, last loss = 0.25342199951410294, loss = 0.252038836479187, diff loss = 0.005576327443122864, per = 2.2124873773504143
Epoch 6
-----------------
best loss = 0.2576151639223099, last loss = 0.252038836479187, loss = 0.25066184997558594, diff loss = 0.006953313946723938, per = 2.7739817397027826
Epoch 7
-----------------
best loss = 0.2576151639223099, last loss = 0.25066184997558594, loss = 0.2492949515581131, diff loss = 0.008320212364196777, per = 3.3374973348616943
Epoch 8
-----------------
best loss = 0.2576151639223099, last loss = 0.2492949515581131, loss = 0.2479199320077896, diff loss = 0.009695231914520264, per = 3.91063027325114
Epoch 9
-----------------
best loss = 0.2576151639223099, last loss = 0.2479199320077896, loss = 0.246558278799057, diff loss = 0.011056885123252869, per = 4.4844915275646215
Epoch 10
-----------------
best loss = 0.2576151639223099, last loss = 0.246558278799057, loss = 0.24523377418518066, diff loss = 0.012381389737129211, per = 5.048810987910576
Epoch 11
-----------------
best loss = 0.2576151639223099, last loss = 0.24523377418518066, loss = 0.24390526860952377, diff loss = 0.013709895312786102, per = 5.620991867434704
Epoch 12
-----------------
best loss = 0.2576151639223099, last loss = 0.24390526860952377, loss = 0.2425869107246399, diff loss = 0.015028253197669983, per = 6.1949975589278745
Epoch 13
-----------------
best loss = 0.2576151639223099, last loss = 0.2425869107246399, loss = 0.24127570539712906, diff loss = 0.016339458525180817, per = 6.77211097498888
Epoch 14
-----------------
best loss = 0.2576151639223099, last loss = 0.24127570539712906, loss = 0.23997940123081207, diff loss = 0.017635762691497803, per = 7.3488651946988295
Epoch 15
-----------------
best loss = 0.2576151639223099, last loss = 0.23997940123081207, loss = 0.23868432641029358, diff loss = 0.018930837512016296, per = 7.931328293201191
Epoch 16
-----------------
best loss = 0.2576151639223099, last loss = 0.23868432641029358, loss = 0.23740550875663757, diff loss = 0.020209655165672302, per = 8.512715341575774
Epoch 17
-----------------
best loss = 0.2576151639223099, last loss = 0.23740550875663757, loss = 0.23612568527460098, diff loss = 0.021489478647708893, per = 9.10086449202586
Epoch 18
-----------------
best loss = 0.2576151639223099, last loss = 0.23612568527460098, loss = 0.23486121743917465, diff loss = 0.022753946483135223, per = 9.688251952039776
Epoch 19
-----------------
best loss = 0.2576151639223099, last loss = 0.23486121743917465, loss = 0.23361589014530182, diff loss = 0.023999273777008057, per = 10.272962923061977
Epoch 20
-----------------
best loss = 0.2576151639223099, last loss = 0.23361589014530182, loss = 0.23238104581832886, diff loss = 0.025234118103981018, per = 10.858939899818068
Epoch 21
-----------------
best loss = 0.2576151639223099, last loss = 0.23238104581832886, loss = 0.23116254806518555, diff loss = 0.02645261585712433, per = 11.443296536801002
Epoch 22
-----------------
best loss = 0.2576151639223099, last loss = 0.23116254806518555, loss = 0.22994613647460938, diff loss = 0.0276690274477005, per = 12.032829893080509
Epoch 23
-----------------
best loss = 0.2576151639223099, last loss = 0.22994613647460938, loss = 0.22875292599201202, diff loss = 0.02886223793029785, per = 12.6172103832699
Epoch 24
-----------------
best loss = 0.2576151639223099, last loss = 0.22875292599201202, loss = 0.22757336497306824, diff loss = 0.030041798949241638, per = 13.200929270785657
Epoch 25
-----------------
best loss = 0.2576151639223099, last loss = 0.22757336497306824, loss = 0.22640933841466904, diff loss = 0.03120582550764084, per = 13.782923322043953
Epoch 26
-----------------
best loss = 0.2576151639223099, last loss = 0.22640933841466904, loss = 0.22527027130126953, diff loss = 0.032344892621040344, per = 14.358260605893832
Epoch 27
-----------------
best loss = 0.2576151639223099, last loss = 0.22527027130126953, loss = 0.22416705638170242, diff loss = 0.03344810754060745, per = 14.921062925345014
Epoch 28
-----------------
best loss = 0.2576151639223099, last loss = 0.22416705638170242, loss = 0.22307024896144867, diff loss = 0.034544914960861206, per = 15.48611485471167
Epoch 29
-----------------
best loss = 0.2576151639223099, last loss = 0.22307024896144867, loss = 0.22199393808841705, diff loss = 0.03562122583389282, per = 16.046035374040436
Epoch 30
-----------------
best loss = 0.2576151639223099, last loss = 0.22199393808841705, loss = 0.22092418372631073, diff loss = 0.036690980195999146, per = 16.60795100705377
Epoch 31
-----------------
best loss = 0.2576151639223099, last loss = 0.22092418372631073, loss = 0.21986714005470276, diff loss = 0.03774802386760712, per = 17.16856091283829
Epoch 32
-----------------
best loss = 0.2576151639223099, last loss = 0.21986714005470276, loss = 0.21881035715341568, diff loss = 0.038804806768894196, per = 17.734446976697164
Epoch 33
-----------------
best loss = 0.2576151639223099, last loss = 0.21881035715341568, loss = 0.21776369214057922, diff loss = 0.03985147178173065, per = 18.300328851884178
Epoch 34
-----------------
best loss = 0.2576151639223099, last loss = 0.21776369214057922, loss = 0.2166699394583702, diff loss = 0.04094522446393967, per = 18.897510455900903
Epoch 35
-----------------
best loss = 0.2576151639223099, last loss = 0.2166699394583702, loss = 0.21564417332410812, diff loss = 0.04197099059820175, per = 19.46307658177267
Epoch 36
-----------------
best loss = 0.2576151639223099, last loss = 0.21564417332410812, loss = 0.21462873369455338, diff loss = 0.0429864302277565, per = 20.028273702127965
Epoch 37
-----------------
best loss = 0.2576151639223099, last loss = 0.21462873369455338, loss = 0.2136022076010704, diff loss = 0.04401295632123947, per = 20.60510367169956
Epoch 38
-----------------
best loss = 0.2576151639223099, last loss = 0.2136022076010704, loss = 0.21260565519332886, diff loss = 0.04500950872898102, per = 21.170419332473774
Epoch 39
-----------------
best loss = 0.2576151639223099, last loss = 0.21260565519332886, loss = 0.21161843836307526, diff loss = 0.04599672555923462, per = 21.735688966912097
Epoch 40
-----------------
best loss = 0.2576151639223099, last loss = 0.21161843836307526, loss = 0.2106396183371544, diff loss = 0.04697554558515549, per = 22.301381836898983
Epoch 41
-----------------
best loss = 0.2576151639223099, last loss = 0.2106396183371544, loss = 0.2096678540110588, diff loss = 0.04794730991125107, per = 22.868221806058127
Epoch 42
-----------------
best loss = 0.2576151639223099, last loss = 0.2096678540110588, loss = 0.20868845283985138, diff loss = 0.048926711082458496, per = 23.444857833128463
Epoch 43
-----------------
best loss = 0.2576151639223099, last loss = 0.20868845283985138, loss = 0.20772377401590347, diff loss = 0.0498913899064064, per = 24.018141468287922
Epoch 44
-----------------
best loss = 0.2576151639223099, last loss = 0.20772377401590347, loss = 0.20676439255475998, diff loss = 0.050850771367549896, per = 24.593582453556387
Epoch 45
-----------------
best loss = 0.2576151639223099, last loss = 0.20676439255475998, loss = 0.20581432431936264, diff loss = 0.051800839602947235, per = 25.16872417615002
Epoch 46
-----------------
best loss = 0.2576151639223099, last loss = 0.20581432431936264, loss = 0.2048662081360817, diff loss = 0.05274895578622818, per = 25.74800220404815
Epoch 47
-----------------
best loss = 0.2576151639223099, last loss = 0.2048662081360817, loss = 0.20392199605703354, diff loss = 0.05369316786527634, per = 26.330248282906794
Epoch 48
-----------------
best loss = 0.2576151639223099, last loss = 0.20392199605703354, loss = 0.20298860222101212, diff loss = 0.05462656170129776, per = 26.911147278023456
Epoch 49
-----------------
best loss = 0.2576151639223099, last loss = 0.20298860222101212, loss = 0.20205973088741302, diff loss = 0.05555543303489685, per = 27.494559549746278
Epoch 50
-----------------
best loss = 0.2576151639223099, last loss = 0.20205973088741302, loss = 0.20113925635814667, diff loss = 0.05647590756416321, per = 28.078013505032924
Epoch 51
-----------------
best loss = 0.2576151639223099, last loss = 0.20113925635814667, loss = 0.20019539445638657, diff loss = 0.05741976946592331, per = 28.681863347476984
Epoch 52
-----------------
best loss = 0.2576151639223099, last loss = 0.20019539445638657, loss = 0.19928497076034546, diff loss = 0.058330193161964417, per = 29.269740181315868
Epoch 53
-----------------
best loss = 0.2576151639223099, last loss = 0.19928497076034546, loss = 0.19837641716003418, diff loss = 0.059238746762275696, per = 29.861788820637198
Epoch 54
-----------------
best loss = 0.2576151639223099, last loss = 0.19837641716003418, loss = 0.19747404754161835, diff loss = 0.06014111638069153, per = 30.455200128521486
Epoch 55
-----------------
best loss = 0.2576151639223099, last loss = 0.19747404754161835, loss = 0.19657807052135468, diff loss = 0.0610370934009552, per = 31.049797792335447
Epoch 56
-----------------
best loss = 0.2576151639223099, last loss = 0.19657807052135468, loss = 0.19568798691034317, diff loss = 0.061927177011966705, per = 31.645875656301474
Epoch 57
-----------------
best loss = 0.2576151639223099, last loss = 0.19568798691034317, loss = 0.1948043704032898, diff loss = 0.06281079351902008, per = 32.243010456586426
Epoch 58
-----------------
best loss = 0.2576151639223099, last loss = 0.1948043704032898, loss = 0.19392506778240204, diff loss = 0.06369009613990784, per = 32.8426318826263
Epoch 59
-----------------
best loss = 0.2576151639223099, last loss = 0.19392506778240204, loss = 0.19305268675088882, diff loss = 0.06456247717142105, per = 33.4429311800934
Epoch 60
-----------------
best loss = 0.2576151639223099, last loss = 0.19305268675088882, loss = 0.19218776375055313, diff loss = 0.06542740017175674, per = 34.043478572692656
Epoch 61
-----------------
best loss = 0.2576151639223099, last loss = 0.19218776375055313, loss = 0.19131983816623688, diff loss = 0.066295325756073, per = 34.651569012132086
Epoch 62
-----------------
best loss = 0.2576151639223099, last loss = 0.19131983816623688, loss = 0.1904657483100891, diff loss = 0.06714941561222076, per = 35.255375944496684
Epoch 63
-----------------
best loss = 0.2576151639223099, last loss = 0.1904657483100891, loss = 0.18961887061595917, diff loss = 0.06799629330635071, per = 35.859454855664474
Epoch 64
-----------------
best loss = 0.2576151639223099, last loss = 0.18961887061595917, loss = 0.18878670036792755, diff loss = 0.06882846355438232, per = 36.45832223363305
Epoch 65
-----------------
best loss = 0.2576151639223099, last loss = 0.18878670036792755, loss = 0.18795745074748993, diff loss = 0.06965771317481995, per = 37.06036280966648
Epoch 66
-----------------
best loss = 0.2576151639223099, last loss = 0.18795745074748993, loss = 0.18712741509079933, diff loss = 0.07048774883151054, per = 37.668317492286185
Epoch 67
-----------------
best loss = 0.2576151639223099, last loss = 0.18712741509079933, loss = 0.18629895895719528, diff loss = 0.0713162049651146, per = 38.28051716676552
Epoch 68
-----------------
best loss = 0.2576151639223099, last loss = 0.18629895895719528, loss = 0.18548016622662544, diff loss = 0.07213499769568443, per = 38.89094945469676
Epoch 69
-----------------
best loss = 0.2576151639223099, last loss = 0.18548016622662544, loss = 0.18466896563768387, diff loss = 0.07294619828462601, per = 39.5010596570648
Epoch 70
-----------------
best loss = 0.2576151639223099, last loss = 0.18466896563768387, loss = 0.18385794013738632, diff loss = 0.07375722378492355, per = 40.11642017190505
Epoch 71
-----------------
best loss = 0.2576151639223099, last loss = 0.18385794013738632, loss = 0.1830502338707447, diff loss = 0.07456493005156517, per = 40.73468166351369
Epoch 72
-----------------
best loss = 0.2576151639223099, last loss = 0.1830502338707447, loss = 0.1822536252439022, diff loss = 0.07536153867840767, per = 41.349815992715946
Epoch 73
-----------------
best loss = 0.2576151639223099, last loss = 0.1822536252439022, loss = 0.18146008625626564, diff loss = 0.07615507766604424, per = 41.967949667176285
Epoch 74
-----------------
best loss = 0.2576151639223099, last loss = 0.18146008625626564, loss = 0.1806720681488514, diff loss = 0.07694309577345848, per = 42.58715614528025
Epoch 75
-----------------
best loss = 0.2576151639223099, last loss = 0.1806720681488514, loss = 0.17986134812235832, diff loss = 0.07775381579995155, per = 43.22986378766394
Epoch 76
-----------------
best loss = 0.2576151639223099, last loss = 0.17986134812235832, loss = 0.17909034341573715, diff loss = 0.07852482050657272, per = 43.84648496892242
Epoch 77
-----------------
best loss = 0.2576151639223099, last loss = 0.17909034341573715, loss = 0.17832348868250847, diff loss = 0.0792916752398014, per = 44.46507626427961
Epoch 78
-----------------
best loss = 0.2576151639223099, last loss = 0.17832348868250847, loss = 0.17756519094109535, diff loss = 0.08004997298121452, per = 45.0820189232753
Epoch 79
-----------------
best loss = 0.2576151639223099, last loss = 0.17756519094109535, loss = 0.17681441828608513, diff loss = 0.08080074563622475, per = 45.69805246622445
Epoch 80
-----------------
best loss = 0.2576151639223099, last loss = 0.17681441828608513, loss = 0.17607185989618301, diff loss = 0.08154330402612686, per = 46.31251358065231
Epoch 81
-----------------
best loss = 0.2576151639223099, last loss = 0.17607185989618301, loss = 0.17533104866743088, diff loss = 0.082284115254879, per = 46.93071528417996
Epoch 82
-----------------
best loss = 0.2576151639223099, last loss = 0.17533104866743088, loss = 0.17458445578813553, diff loss = 0.08303070813417435, per = 47.55904972143401
Epoch 83
-----------------
best loss = 0.2576151639223099, last loss = 0.17458445578813553, loss = 0.17385690286755562, diff loss = 0.08375826105475426, per = 48.176551907496815
Epoch 84
-----------------
best loss = 0.2576151639223099, last loss = 0.17385690286755562, loss = 0.17314333468675613, diff loss = 0.08447182923555374, per = 48.78722555989622
Epoch 85
-----------------
best loss = 0.2576151639223099, last loss = 0.17314333468675613, loss = 0.17242137342691422, diff loss = 0.08519379049539566, per = 49.41022612344955
Epoch 86
-----------------
best loss = 0.2576151639223099, last loss = 0.17242137342691422, loss = 0.17170388624072075, diff loss = 0.08591127768158913, per = 50.03455632981164
Epoch 87
-----------------
best loss = 0.2576151639223099, last loss = 0.17170388624072075, loss = 0.1709955371916294, diff loss = 0.08661962673068047, per = 50.65607451123624
Epoch 88
-----------------
best loss = 0.2576151639223099, last loss = 0.1709955371916294, loss = 0.17029833793640137, diff loss = 0.08731682598590851, per = 51.27285858686263
Epoch 89
-----------------
best loss = 0.2576151639223099, last loss = 0.17029833793640137, loss = 0.16960471868515015, diff loss = 0.08801044523715973, per = 51.891507453009055
Epoch 90
-----------------
best loss = 0.2576151639223099, last loss = 0.16960471868515015, loss = 0.16892101615667343, diff loss = 0.08869414776563644, per = 52.50628357774798
Epoch 91
-----------------
best loss = 0.2576151639223099, last loss = 0.16892101615667343, loss = 0.1682439260184765, diff loss = 0.08937123790383339, per = 53.12003827943166
Epoch 92
-----------------
best loss = 0.2576151639223099, last loss = 0.1682439260184765, loss = 0.1675720401108265, diff loss = 0.09004312381148338, per = 53.733978384420155
Epoch 93
-----------------
best loss = 0.2576151639223099, last loss = 0.1675720401108265, loss = 0.1668829619884491, diff loss = 0.09073220193386078, per = 54.368762905910586
Epoch 94
-----------------
best loss = 0.2576151639223099, last loss = 0.1668829619884491, loss = 0.16621243581175804, diff loss = 0.09140272811055183, per = 54.99150990968506
Epoch 95
-----------------
best loss = 0.2576151639223099, last loss = 0.16621243581175804, loss = 0.16554443538188934, diff loss = 0.09207072854042053, per = 55.61692746000517
Epoch 96
-----------------
best loss = 0.2576151639223099, last loss = 0.16554443538188934, loss = 0.1648889146745205, diff loss = 0.09272624924778938, per = 56.235587110767696
Epoch 97
-----------------
best loss = 0.2576151639223099, last loss = 0.1648889146745205, loss = 0.16423700004816055, diff loss = 0.09337816387414932, per = 56.85574130480177
Epoch 98
-----------------
best loss = 0.2576151639223099, last loss = 0.16423700004816055, loss = 0.1635892502963543, diff loss = 0.09402591362595558, per = 57.476828982112536
Epoch 99
-----------------
best loss = 0.2576151639223099, last loss = 0.1635892502963543, loss = 0.1629510372877121, diff loss = 0.09466412663459778, per = 58.093601740905434
Epoch 100
-----------------
best loss = 0.2576151639223099, last loss = 0.1629510372877121, loss = 0.16231798753142357, diff loss = 0.0952971763908863, per = 58.71017614263945
Epoch 101
-----------------
best loss = 0.2576151639223099, last loss = 0.16231798753142357, loss = 0.1616988703608513, diff loss = 0.09591629356145859, per = 59.31785011695466
Epoch 102
-----------------
best loss = 0.2576151639223099, last loss = 0.1616988703608513, loss = 0.16107768192887306, diff loss = 0.09653748199343681, per = 59.93225184111154
Epoch 103
-----------------
best loss = 0.2576151639223099, last loss = 0.16107768192887306, loss = 0.1604619286954403, diff loss = 0.09715323522686958, per = 60.545972503713465
Epoch 104
-----------------
best loss = 0.2576151639223099, last loss = 0.1604619286954403, loss = 0.15985199064016342, diff loss = 0.09776317328214645, per = 61.15855854570952
Epoch 105
-----------------
best loss = 0.2576151639223099, last loss = 0.15985199064016342, loss = 0.15924639627337456, diff loss = 0.09836876764893532, per = 61.77142462933225
Epoch 106
-----------------
best loss = 0.2576151639223099, last loss = 0.15924639627337456, loss = 0.1586333066225052, diff loss = 0.09898185729980469, per = 62.39664255082873
Epoch 107
-----------------
best loss = 0.2576151639223099, last loss = 0.1586333066225052, loss = 0.15803434327244759, diff loss = 0.09958082064986229, per = 63.012139379215334
Epoch 108
-----------------
best loss = 0.2576151639223099, last loss = 0.15803434327244759, loss = 0.1574396826326847, diff loss = 0.10017548128962517, per = 63.62784757597611
Epoch 109
-----------------
best loss = 0.2576151639223099, last loss = 0.1574396826326847, loss = 0.1568494662642479, diff loss = 0.10076569765806198, per = 64.24357064008092
Epoch 110
-----------------
best loss = 0.2576151639223099, last loss = 0.1568494662642479, loss = 0.15626482293009758, diff loss = 0.1013503409922123, per = 64.85806536097355
Epoch 111
-----------------
best loss = 0.2576151639223099, last loss = 0.15626482293009758, loss = 0.15568292140960693, diff loss = 0.10193224251270294, per = 65.47426113909812
Epoch 112
-----------------
best loss = 0.2576151639223099, last loss = 0.15568292140960693, loss = 0.15510427951812744, diff loss = 0.10251088440418243, per = 66.09158994365576
Epoch 113
-----------------
best loss = 0.2576151639223099, last loss = 0.15510427951812744, loss = 0.15452929586172104, diff loss = 0.10308586806058884, per = 66.70959541084959
Epoch 114
-----------------
best loss = 0.2576151639223099, last loss = 0.15452929586172104, loss = 0.15395784750580788, diff loss = 0.103657316416502, per = 67.32837467904432
Epoch 115
-----------------
best loss = 0.2576151639223099, last loss = 0.15395784750580788, loss = 0.1533915400505066, diff loss = 0.10422362387180328, per = 67.9461356457377
Epoch 116
-----------------
best loss = 0.2576151639223099, last loss = 0.1533915400505066, loss = 0.15282940864562988, diff loss = 0.10478575527667999, per = 68.56386882949332
Epoch 117
-----------------
best loss = 0.2576151639223099, last loss = 0.15282940864562988, loss = 0.1522744819521904, diff loss = 0.10534068197011948, per = 69.17815816519624
Epoch 118
-----------------
best loss = 0.2576151639223099, last loss = 0.1522744819521904, loss = 0.15173009037971497, diff loss = 0.10588507354259491, per = 69.78515156592225
Epoch 119
-----------------
best loss = 0.2576151639223099, last loss = 0.15173009037971497, loss = 0.15118778124451637, diff loss = 0.1064273826777935, per = 70.39416929180821
Epoch 120
-----------------
best loss = 0.2576151639223099, last loss = 0.15118778124451637, loss = 0.15065306797623634, diff loss = 0.10696209594607353, per = 70.99894969476857
Epoch 121
-----------------
best loss = 0.2576151639223099, last loss = 0.15065306797623634, loss = 0.15012236684560776, diff loss = 0.10749279707670212, per = 71.6034521273251
Epoch 122
-----------------
best loss = 0.2576151639223099, last loss = 0.15012236684560776, loss = 0.14959953725337982, diff loss = 0.10801562666893005, per = 72.2031823440615
Epoch 123
-----------------
best loss = 0.2576151639223099, last loss = 0.14959953725337982, loss = 0.14908145740628242, diff loss = 0.10853370651602745, per = 72.80161356368237
Epoch 124
-----------------
best loss = 0.2576151639223099, last loss = 0.14908145740628242, loss = 0.1485682874917984, diff loss = 0.10904687643051147, per = 73.39848784117629
Epoch 125
-----------------
best loss = 0.2576151639223099, last loss = 0.1485682874917984, loss = 0.14805933833122253, diff loss = 0.10955582559108734, per = 73.99453950415526
Epoch 126
-----------------
best loss = 0.2576151639223099, last loss = 0.14805933833122253, loss = 0.14755771681666374, diff loss = 0.11005744710564613, per = 74.5860328283538
Epoch 127
-----------------
best loss = 0.2576151639223099, last loss = 0.14755771681666374, loss = 0.14706168323755264, diff loss = 0.11055348068475723, per = 75.1749050132775
Epoch 128
-----------------
best loss = 0.2576151639223099, last loss = 0.14706168323755264, loss = 0.14657197892665863, diff loss = 0.11104318499565125, per = 75.76017313051003
Epoch 129
-----------------
best loss = 0.2576151639223099, last loss = 0.14657197892665863, loss = 0.14608978852629662, diff loss = 0.11152537539601326, per = 76.3402949111247
Epoch 130
-----------------
best loss = 0.2576151639223099, last loss = 0.14608978852629662, loss = 0.14561718329787254, diff loss = 0.11199798062443733, per = 76.91261298148844
Epoch 131
-----------------
best loss = 0.2576151639223099, last loss = 0.14561718329787254, loss = 0.14513495936989784, diff loss = 0.11248020455241203, per = 77.50042101554571
Epoch 132
-----------------
best loss = 0.2576151639223099, last loss = 0.14513495936989784, loss = 0.1446630395948887, diff loss = 0.11295212432742119, per = 78.07946289786936
Epoch 133
-----------------
best loss = 0.2576151639223099, last loss = 0.1446630395948887, loss = 0.14419936761260033, diff loss = 0.11341579630970955, per = 78.65207607179488
Epoch 134
-----------------
best loss = 0.2576151639223099, last loss = 0.14419936761260033, loss = 0.14372959733009338, diff loss = 0.11388556659221649, per = 79.23598806908485
Epoch 135
-----------------
best loss = 0.2576151639223099, last loss = 0.14372959733009338, loss = 0.14326860010623932, diff loss = 0.11434656381607056, per = 79.81271802144927
Epoch 136
-----------------
best loss = 0.2576151639223099, last loss = 0.14326860010623932, loss = 0.14281785115599632, diff loss = 0.11479731276631355, per = 80.38022686738464
Epoch 137
-----------------
best loss = 0.2576151639223099, last loss = 0.14281785115599632, loss = 0.14237534999847412, diff loss = 0.11523981392383575, per = 80.94084680042634
Epoch 138
-----------------
best loss = 0.2576151639223099, last loss = 0.14237534999847412, loss = 0.1419360600411892, diff loss = 0.11567910388112068, per = 81.50085598230015
Epoch 139
-----------------
best loss = 0.2576151639223099, last loss = 0.1419360600411892, loss = 0.14150722697377205, diff loss = 0.11610793694853783, per = 82.05088844689048
Epoch 140
-----------------
best loss = 0.2576151639223099, last loss = 0.14150722697377205, loss = 0.14106231555342674, diff loss = 0.11655284836888313, per = 82.62507808099836
Epoch 141
-----------------
best loss = 0.2576151639223099, last loss = 0.14106231555342674, loss = 0.14063430950045586, diff loss = 0.11698085442185402, per = 83.1808787182724
Epoch 142
-----------------
best loss = 0.2576151639223099, last loss = 0.14063430950045586, loss = 0.14021405205130577, diff loss = 0.1174011118710041, per = 83.72991875881729
Epoch 143
-----------------
best loss = 0.2576151639223099, last loss = 0.14021405205130577, loss = 0.13980023562908173, diff loss = 0.11781492829322815, per = 84.2737694704714
Epoch 144
-----------------
best loss = 0.2576151639223099, last loss = 0.13980023562908173, loss = 0.1393916942179203, diff loss = 0.11822346970438957, per = 84.81385520686976
Epoch 145
-----------------
best loss = 0.2576151639223099, last loss = 0.1393916942179203, loss = 0.13898829370737076, diff loss = 0.11862687021493912, per = 85.35026011953131
Epoch 146
-----------------
best loss = 0.2576151639223099, last loss = 0.13898829370737076, loss = 0.13859042525291443, diff loss = 0.11902473866939545, per = 85.88236774090745
Epoch 147
-----------------
best loss = 0.2576151639223099, last loss = 0.13859042525291443, loss = 0.1381986364722252, diff loss = 0.11941652745008469, per = 86.40933839754976
Epoch 148
-----------------
best loss = 0.2576151639223099, last loss = 0.1381986364722252, loss = 0.13779066875576973, diff loss = 0.11982449516654015, per = 86.96125524938547
Epoch 149
-----------------
best loss = 0.2576151639223099, last loss = 0.13779066875576973, loss = 0.1374654322862625, diff loss = 0.12014973163604736, per = 87.40359640803634
Epoch 150
-----------------
best loss = 0.2576151639223099, last loss = 0.1374654322862625, loss = 0.13708454370498657, diff loss = 0.1205306202173233, per = 87.92429617500261
Epoch 151
-----------------
best loss = 0.2576151639223099, last loss = 0.13708454370498657, loss = 0.13670942559838295, diff loss = 0.12090573832392693, per = 88.4399431822037
Epoch 152
-----------------
best loss = 0.2576151639223099, last loss = 0.13670942559838295, loss = 0.136335339397192, diff loss = 0.12127982452511787, per = 88.95699754836697
Epoch 153
-----------------
best loss = 0.2576151639223099, last loss = 0.136335339397192, loss = 0.13595331460237503, diff loss = 0.12166184931993484, per = 89.48796112530344
Epoch 154
-----------------
best loss = 0.2576151639223099, last loss = 0.13595331460237503, loss = 0.13558831438422203, diff loss = 0.12202684953808784, per = 89.99805779154056
Epoch 155
-----------------
best loss = 0.2576151639223099, last loss = 0.13558831438422203, loss = 0.13522181659936905, diff loss = 0.12239334732294083, per = 90.5130180920169
Epoch 156
-----------------
best loss = 0.2576151639223099, last loss = 0.13522181659936905, loss = 0.1348571665585041, diff loss = 0.12275799736380577, per = 91.02816001295012
Epoch 157
-----------------
best loss = 0.2576151639223099, last loss = 0.1348571665585041, loss = 0.13449611887335777, diff loss = 0.1231190450489521, per = 91.5409649589083
Epoch 158
-----------------
best loss = 0.2576151639223099, last loss = 0.13449611887335777, loss = 0.13413437828421593, diff loss = 0.12348078563809395, per = 92.05752262589371
Epoch 159
-----------------
best loss = 0.2576151639223099, last loss = 0.13413437828421593, loss = 0.13377735391259193, diff loss = 0.12383781000971794, per = 92.57008483710304
Epoch 160
-----------------
best loss = 0.2576151639223099, last loss = 0.13377735391259193, loss = 0.13342111557722092, diff loss = 0.12419404834508896, per = 93.08425267453894
Epoch 161
-----------------
best loss = 0.2576151639223099, last loss = 0.13342111557722092, loss = 0.13306604325771332, diff loss = 0.12454912066459656, per = 93.59947708325424
Epoch 162
-----------------
best loss = 0.2576151639223099, last loss = 0.13306604325771332, loss = 0.13271250575780869, diff loss = 0.12490265816450119, per = 94.11521352210775
Epoch 163
-----------------
best loss = 0.2576151639223099, last loss = 0.13271250575780869, loss = 0.13236157596111298, diff loss = 0.1252535879611969, per = 94.62987052828356
Epoch 164
-----------------
best loss = 0.2576151639223099, last loss = 0.13236157596111298, loss = 0.1320059560239315, diff loss = 0.12560920789837837, per = 95.15419734213094
Epoch 165
-----------------
best loss = 0.2576151639223099, last loss = 0.1320059560239315, loss = 0.13165634125471115, diff loss = 0.12595882266759872, per = 95.67243132171687
Epoch 166
-----------------
best loss = 0.2576151639223099, last loss = 0.13165634125471115, loss = 0.1313081756234169, diff loss = 0.12630698829889297, per = 96.19125975912802
Epoch 167
-----------------
best loss = 0.2576151639223099, last loss = 0.1313081756234169, loss = 0.1309618279337883, diff loss = 0.12665333598852158, per = 96.71011621230194
Epoch 168
-----------------
best loss = 0.2576151639223099, last loss = 0.1309618279337883, loss = 0.13061374053359032, diff loss = 0.12700142338871956, per = 97.23435135529115
Epoch 169
-----------------
best loss = 0.2576151639223099, last loss = 0.13061374053359032, loss = 0.13026971369981766, diff loss = 0.12734545022249222, per = 97.75522383962257
Epoch 170
-----------------
best loss = 0.2576151639223099, last loss = 0.13026971369981766, loss = 0.1299111358821392, diff loss = 0.12770402804017067, per = 98.30106339461852
Epoch 171
-----------------
best loss = 0.2576151639223099, last loss = 0.1299111358821392, loss = 0.12954220548272133, diff loss = 0.12807295843958855, per = 98.86581594187174
Epoch 172
-----------------
best loss = 0.2576151639223099, last loss = 0.12954220548272133, loss = 0.12919709831476212, diff loss = 0.12841806560754776, per = 99.39701996610141
Epoch 173
-----------------
best loss = 0.2576151639223099, last loss = 0.12919709831476212, loss = 0.1288585029542446, diff loss = 0.12875666096806526, per = 99.92096603340525
Epoch 174
-----------------
best loss = 0.2576151639223099, last loss = 0.1288585029542446, loss = 0.1285213604569435, diff loss = 0.12909380346536636, per = 100.44540690075765
Epoch 175
-----------------
best loss = 0.2576151639223099, last loss = 0.1285213604569435, loss = 0.12818890810012817, diff loss = 0.1294262558221817, per = 100.96525334398436
Epoch 176
-----------------
best loss = 0.2576151639223099, last loss = 0.12818890810012817, loss = 0.12784964218735695, diff loss = 0.12976552173495293, per = 101.49854118855363
Epoch 177
-----------------
best loss = 0.2576151639223099, last loss = 0.12784964218735695, loss = 0.12752940505743027, diff loss = 0.1300857588648796, per = 102.00452107990164
Epoch 178
-----------------
best loss = 0.2576151639223099, last loss = 0.12752940505743027, loss = 0.12720003351569176, diff loss = 0.13041513040661812, per = 102.52759122939203
Epoch 179
-----------------
best loss = 0.2576151639223099, last loss = 0.12720003351569176, loss = 0.12687582522630692, diff loss = 0.13073933869600296, per = 103.04511396304594
Epoch 180
-----------------
best loss = 0.2576151639223099, last loss = 0.12687582522630692, loss = 0.12655384838581085, diff loss = 0.13106131553649902, per = 103.5616989986324
Epoch 181
-----------------
best loss = 0.2576151639223099, last loss = 0.12655384838581085, loss = 0.12620801851153374, diff loss = 0.13140714541077614, per = 104.11949015645727
Epoch 182
-----------------
best loss = 0.2576151639223099, last loss = 0.12620801851153374, loss = 0.12588877230882645, diff loss = 0.13172639161348343, per = 104.6371246598039
Epoch 183
-----------------
best loss = 0.2576151639223099, last loss = 0.12588877230882645, loss = 0.1255536749958992, diff loss = 0.13206148892641068, per = 105.18329226979937
Epoch 184
-----------------
best loss = 0.2576151639223099, last loss = 0.1255536749958992, loss = 0.1252426542341709, diff loss = 0.13237250968813896, per = 105.69283324244876
Epoch 185
-----------------
best loss = 0.2576151639223099, last loss = 0.1252426542341709, loss = 0.12493418902158737, diff loss = 0.1326809749007225, per = 106.20069329284763
Epoch 186
-----------------
best loss = 0.2576151639223099, last loss = 0.12493418902158737, loss = 0.12462969496846199, diff loss = 0.13298546895384789, per = 106.70448081213739
Epoch 187
-----------------
best loss = 0.2576151639223099, last loss = 0.12462969496846199, loss = 0.12432018294930458, diff loss = 0.1332949809730053, per = 107.21909975579787
Epoch 188
-----------------
best loss = 0.2576151639223099, last loss = 0.12432018294930458, loss = 0.12402212619781494, diff loss = 0.13359303772449493, per = 107.7171000208579
Epoch 189
-----------------
best loss = 0.2576151639223099, last loss = 0.12402212619781494, loss = 0.12372604385018349, diff loss = 0.1338891200721264, per = 108.21417698786935
Epoch 190
-----------------
best loss = 0.2576151639223099, last loss = 0.12372604385018349, loss = 0.12343249842524529, diff loss = 0.1341826654970646, per = 108.70934900368232
Epoch 191
-----------------
best loss = 0.2576151639223099, last loss = 0.12343249842524529, loss = 0.12314038723707199, diff loss = 0.13447477668523788, per = 109.20444518851863
Epoch 192
-----------------
best loss = 0.2576151639223099, last loss = 0.12314038723707199, loss = 0.12283812835812569, diff loss = 0.1347770355641842, per = 109.71921940332035
Epoch 193
-----------------
best loss = 0.2576151639223099, last loss = 0.12283812835812569, loss = 0.12253493070602417, diff loss = 0.1350802332162857, per = 110.23814388107765
Epoch 194
-----------------
best loss = 0.2576151639223099, last loss = 0.12253493070602417, loss = 0.12225687876343727, diff loss = 0.1353582851588726, per = 110.71629386252049
Epoch 195
-----------------
best loss = 0.2576151639223099, last loss = 0.12225687876343727, loss = 0.12196501344442368, diff loss = 0.1356501504778862, per = 111.22054320905602
Epoch 196
-----------------
best loss = 0.2576151639223099, last loss = 0.12196501344442368, loss = 0.12168027088046074, diff loss = 0.13593489304184914, per = 111.71481790617659
Epoch 197
-----------------
best loss = 0.2576151639223099, last loss = 0.12168027088046074, loss = 0.1213887371122837, diff loss = 0.13622642681002617, per = 112.22328368406839
Epoch 198
-----------------
best loss = 0.2576151639223099, last loss = 0.1213887371122837, loss = 0.1211034543812275, diff loss = 0.13651170954108238, per = 112.72321688805877
Epoch 199
-----------------
best loss = 0.2576151639223099, last loss = 0.1211034543812275, loss = 0.12080487981438637, diff loss = 0.1368102841079235, per = 113.24897166250987
Epoch 200
-----------------
best loss = 0.2576151639223099, last loss = 0.12080487981438637, loss = 0.120490163564682, diff loss = 0.13712500035762787, per = 113.80597079529724
[(97, 1), (249, 1), (216, 1), (85, 1), (170, 1), (102, 2), (167, 2), (246, 2), (138, 2), (16, 2), (56, 2), (252, 3), (176, 3), (65, 3), (119, 3), (209, 3), (78, 3), (213, 3), (181, 3), (94, 4), (137, 4), (147, 4), (31, 4), (104, 5), (124, 5), (107, 5), (177, 6), (185, 6), (228, 6), (23, 6), (187, 7), (149, 8), (27, 9), (59, 9), (48, 11), (106, 11), (130, 11), (66, 11), (55, 11), (120, 12), (19, 13), (118, 13), (139, 13), (1, 13), (173, 13), (184, 14), (211, 15), (18, 15), (210, 18), (51, 20), (43, 22), (53, 23), (225, 24), (39, 26), (116, 26), (200, 28), (156, 28), (37, 28), (238, 31), (178, 32), (250, 34), (230, 38), (169, 38), (241, 39), (197, 40), (115, 40), (100, 44), (194, 47), (145, 47), (132, 47), (127, 48), (141, 48), (205, 49), (68, 49), (58, 52), (54, 55), (186, 55), (20, 57), (188, 59), (101, 63), (240, 63), (182, 65), (208, 65), (229, 69), (191, 73), (174, 74), (133, 80), (57, 83), (108, 84), (215, 86), (220, 91), (243, 97), (155, 97), (50, 99), (5, 102), (128, 105), (32, 106), (49, 114), (81, 117), (253, 121), (222, 128), (60, 133), (95, 134), (92, 152), (239, 152), (206, 153), (44, 155), (22, 160), (214, 169), (231, 182), (234, 185), (7, 190), (21, 195), (105, 197), (153, 209), (88, 214), (146, 214), (143, 224), (110, 225), (179, 227), (63, 227), (45, 228), (123, 233), (221, 237), (13, 266), (237, 292), (30, 301), (193, 306), (162, 314), (17, 344), (180, 415), (114, 438), (24, 456), (33, 463), (40, 484), (62, 488), (219, 548), (41, 557), (144, 610), (158, 621), (71, 633), (251, 792), (245, 873), (75, 958), (165, 968), (218, 1124), (8, 1156), (112, 1180), (83, 1225), (154, 1591), (26, 1645), (203, 1896), (254, 1982)]
Done!
Saved PyTorch Model State to model.pth
