Using cuda device
Find 9524 files.
Reading 9524 files...
Read 989 sequences.
VQVAE(
  (egru): GRU(89, 96)
  (gru): GRU(96, 96)
  (relu): LeakyReLU(negative_slope=0.01)
  (dgru): GRU(96, 96)
  (linear): Linear(in_features=96, out_features=96, bias=True)
  (vq_layer): VectorQuantizer()
)
Start trainning...
Epoch 1
-----------------
loss = 307.5919877560809
Epoch 2
-----------------
best loss = 307.5919877560809, last loss = 307.5919877560809, loss = 273.81503741722554, diff loss = 33.776950338855386, per = 12.335681289624635
Epoch 3
-----------------
best loss = 307.5919877560809, last loss = 273.81503741722554, loss = 269.36807242408395, diff loss = 38.22391533199698, per = 14.190217492375467
Epoch 4
-----------------
best loss = 307.5919877560809, last loss = 269.36807242408395, loss = 266.22093538567424, diff loss = 41.37105237040669, per = 15.540119829596591
Epoch 5
-----------------
best loss = 307.5919877560809, last loss = 266.22093538567424, loss = 263.9413236202672, diff loss = 43.65066413581371, per = 16.538018199307807
Epoch 6
-----------------
best loss = 307.5919877560809, last loss = 263.9413236202672, loss = 262.2776520745829, diff loss = 45.31433568149805, per = 17.277238576396968
Epoch 7
-----------------
best loss = 307.5919877560809, last loss = 262.2776520745829, loss = 261.0720002623275, diff loss = 46.51998749375343, per = 17.818834439162273
Epoch 8
-----------------
best loss = 307.5919877560809, last loss = 261.0720002623275, loss = 260.2133110277355, diff loss = 47.378676728345454, per = 18.2076299406895
Epoch 9
-----------------
best loss = 307.5919877560809, last loss = 260.2133110277355, loss = 259.6118699098006, diff loss = 47.980117846280336, per = 18.481480782427447
Epoch 10
-----------------
best loss = 307.5919877560809, last loss = 259.6118699098006, loss = 259.17017702851444, diff loss = 48.42181072756648, per = 18.683403809319856
Epoch 11
-----------------
best loss = 307.5919877560809, last loss = 259.17017702851444, loss = 258.8227632744238, diff loss = 48.76922448165715, per = 18.842710689224916
Epoch 12
-----------------
best loss = 307.5919877560809, last loss = 258.8227632744238, loss = 258.5198664870113, diff loss = 49.07212126906961, per = 18.98195366410462
Epoch 13
-----------------
best loss = 307.5919877560809, last loss = 258.5198664870113, loss = 258.22757031489164, diff loss = 49.36441744118929, per = 19.116633201091815
Epoch 14
-----------------
best loss = 307.5919877560809, last loss = 258.22757031489164, loss = 257.93800246249884, diff loss = 49.65398529358208, per = 19.250356604898183
Epoch 15
-----------------
best loss = 307.5919877560809, last loss = 257.93800246249884, loss = 257.66463439073414, diff loss = 49.92735336534679, per = 19.3768747051389
Epoch 16
-----------------
best loss = 307.5919877560809, last loss = 257.66463439073414, loss = 257.4059432009235, diff loss = 50.18604455515742, per = 19.496847637268296
Epoch 17
-----------------
best loss = 307.5919877560809, last loss = 257.4059432009235, loss = 257.18048606906086, diff loss = 50.41150168702006, per = 19.60160448311892
Epoch 18
-----------------
best loss = 307.5919877560809, last loss = 257.18048606906086, loss = 256.96214779652655, diff loss = 50.629839959554374, per = 19.703228819384407
Epoch 19
-----------------
best loss = 307.5919877560809, last loss = 256.96214779652655, loss = 256.76623574085534, diff loss = 50.82575201522559, per = 19.794562111555095
Epoch 20
-----------------
best loss = 307.5919877560809, last loss = 256.76623574085534, loss = 256.59035358950496, diff loss = 51.00163416657597, per = 19.876676364914616
Epoch 21
-----------------
best loss = 307.5919877560809, last loss = 256.59035358950496, loss = 256.43566843494773, diff loss = 51.156319321133196, per = 19.948987453011227
Epoch 22
-----------------
best loss = 307.5919877560809, last loss = 256.43566843494773, loss = 256.314506335184, diff loss = 51.27748142089695, per = 20.00568838419199
Epoch 23
-----------------
best loss = 307.5919877560809, last loss = 256.314506335184, loss = 256.2050337353721, diff loss = 51.3869540207088, per = 20.056965029728932
Epoch 24
-----------------
best loss = 307.5919877560809, last loss = 256.2050337353721, loss = 256.1179607119411, diff loss = 51.4740270441398, per = 20.097781077537643
Epoch 25
-----------------
best loss = 307.5919877560809, last loss = 256.1179607119411, loss = 256.03663057275116, diff loss = 51.55535718332976, per = 20.135930186239754
Epoch 26
-----------------
best loss = 307.5919877560809, last loss = 256.03663057275116, loss = 255.97023481689394, diff loss = 51.62175293918699, per = 20.167092074636788
Epoch 27
-----------------
best loss = 307.5919877560809, last loss = 255.97023481689394, loss = 255.90732935722917, diff loss = 51.68465839885175, per = 20.196630760310697
Epoch 28
-----------------
best loss = 307.5919877560809, last loss = 255.90732935722917, loss = 255.85916686430573, diff loss = 51.73282089177519, per = 20.21925636895846
Epoch 29
-----------------
best loss = 307.5919877560809, last loss = 255.85916686430573, loss = 255.81682749837637, diff loss = 51.775160257704556, per = 20.23915344585108
Epoch 30
-----------------
best loss = 307.5919877560809, last loss = 255.81682749837637, loss = 255.77693184185773, diff loss = 51.815055914223194, per = 20.257908147189564
Epoch 31
-----------------
best loss = 307.5919877560809, last loss = 255.77693184185773, loss = 255.75330042280257, diff loss = 51.83868733327836, per = 20.269019890488384
Epoch 32
-----------------
best loss = 307.5919877560809, last loss = 255.75330042280257, loss = 255.7281150110066, diff loss = 51.86387274507433, per = 20.280864598263708
Epoch 33
-----------------
best loss = 307.5919877560809, last loss = 255.7281150110066, loss = 255.70672906562686, diff loss = 51.885258690454066, per = 20.290924247495173
Epoch 34
-----------------
best loss = 307.5919877560809, last loss = 255.70672906562686, loss = 255.69011314585805, diff loss = 51.901874610222876, per = 20.298741305110816
Epoch 35
-----------------
best loss = 307.5919877560809, last loss = 255.69011314585805, loss = 255.6685533579439, diff loss = 51.92343439813703, per = 20.308885749215555
Epoch 36
-----------------
best loss = 307.5919877560809, last loss = 255.6685533579439, loss = 255.6618370199576, diff loss = 51.93015073612332, per = 20.312046311420946
Epoch 37
-----------------
best loss = 307.5919877560809, last loss = 255.6618370199576, loss = 255.6325149340555, diff loss = 51.95947282202542, per = 20.32584659092729
Epoch 38
-----------------
best loss = 307.5919877560809, last loss = 255.6325149340555, loss = 255.62140968441963, diff loss = 51.97057807166129, per = 20.331074042593762
Epoch 39
-----------------
best loss = 307.5919877560809, last loss = 255.62140968441963, loss = 255.61024284083396, diff loss = 51.98174491524696, per = 20.33633094571077
Epoch 40
-----------------
best loss = 307.5919877560809, last loss = 255.61024284083396, loss = 255.60016110911965, diff loss = 51.99182664696127, per = 20.341077416130876
Epoch 41
-----------------
best loss = 307.5919877560809, last loss = 255.60016110911965, loss = 255.59621984511614, diff loss = 51.99576791096479, per = 20.34293306155807
Epoch 42
-----------------
best loss = 307.5919877560809, last loss = 255.59621984511614, loss = 255.59517228417099, diff loss = 51.99681547190994, per = 20.3434262890145
Epoch 43
-----------------
best loss = 307.5919877560809, last loss = 255.59517228417099, loss = 255.5938507448882, diff loss = 51.99813701119274, per = 20.344048520593248
Epoch 44
-----------------
best loss = 307.5919877560809, last loss = 255.5938507448882, loss = 255.59066477324814, diff loss = 52.00132298283279, per = 20.34554862516857
Epoch 45
-----------------
loss = 255.5931987883523
Epoch 46
-----------------
best loss = 255.5931987883523, last loss = 255.5931987883523, loss = 255.59227327536792, diff loss = 0.0009255129843950272, per = 0.00036210522819596564
Epoch 47
-----------------
loss = 255.60185279976577
Epoch 48
-----------------
best loss = 255.60185279976577, last loss = 255.60185279976577, loss = 255.59924142621458, diff loss = 0.0026113735511898994, per = 0.0010216671757782743
Epoch 49
-----------------
loss = 255.60135291144252
Epoch 50
-----------------
loss = 255.60650522075593
Epoch 51
-----------------
loss = 255.61659924127162
Epoch 52
-----------------
loss = 255.6297945389524
Epoch 53
-----------------
loss = 255.63273567985743
Epoch 54
-----------------
loss = 255.64922013226897
Epoch 55
-----------------
loss = 255.65046801790595
Epoch 56
-----------------
loss = 255.6672709453851
Epoch 57
-----------------
loss = 255.68625367991626
Epoch 58
-----------------
loss = 255.70556814502925
Epoch 59
-----------------
loss = 255.7289089653641
Epoch 60
-----------------
loss = 255.7360462564975
Epoch 61
-----------------
loss = 255.759661661461
Epoch 62
-----------------
loss = 255.7821584623307
Epoch 63
-----------------
loss = 255.8190302029252
Epoch 64
-----------------
loss = 255.84246574994177
Epoch 65
-----------------
loss = 255.87271089758724
Epoch 66
-----------------
loss = 255.90291938744485
Epoch 67
-----------------
loss = 255.93497734423727
Epoch 68
-----------------
loss = 255.974639181979
Epoch 69
-----------------
loss = 256.0170825617388
Epoch 70
-----------------
loss = 256.058332182467
Epoch 71
-----------------
loss = 256.1023641852662
Epoch 72
-----------------
loss = 256.1606321744621
Epoch 73
-----------------
loss = 256.21938553918153
Epoch 74
-----------------
loss = 256.2672844193876
Epoch 75
-----------------
loss = 256.33832670003176
Epoch 76
-----------------
loss = 256.4195909043774
Epoch 77
-----------------
loss = 256.49493177607656
Epoch 78
-----------------
loss = 256.5903375418857
Epoch 79
-----------------
loss = 256.68897720146924
Epoch 80
-----------------
loss = 256.77779026143253
Epoch 81
-----------------
loss = 256.8669766429812
Epoch 82
-----------------
loss = 256.9445344666019
Epoch 83
-----------------
loss = 257.0413287682459
Epoch 84
-----------------
loss = 257.14290003478527
Epoch 85
-----------------
loss = 257.22977338079363
Epoch 86
-----------------
loss = 257.29957698471844
Epoch 87
-----------------
loss = 257.3731351457536
Epoch 88
-----------------
loss = 257.4368753284216
Epoch 89
-----------------
loss = 257.499603215605
Epoch 90
-----------------
loss = 257.54686909075826
Epoch 91
-----------------
loss = 257.5946497572586
Epoch 92
-----------------
loss = 257.63669360615313
Epoch 93
-----------------
loss = 257.67536380607635
Epoch 94
-----------------
loss = 257.71230785455555
Epoch 95
-----------------
loss = 257.7410409413278
Epoch 96
-----------------
loss = 257.7737972261384
Epoch 97
-----------------
loss = 257.8120322180912
Epoch 98
-----------------
loss = 257.8546791244298
Epoch 99
-----------------
loss = 257.8998339259997
Epoch 100
-----------------
loss = 257.9410290326923
Epoch 101
-----------------
loss = 257.97971753496677
Epoch 102
-----------------
loss = 258.0132419569418
Epoch 103
-----------------
loss = 258.05141259357333
Epoch 104
-----------------
loss = 258.087190432474
Epoch 105
-----------------
loss = 258.12788133509457
Epoch 106
-----------------
loss = 258.16761764138937
Epoch 107
-----------------
loss = 258.2085428852588
Epoch 108
-----------------
loss = 258.24988220911473
Epoch 109
-----------------
loss = 258.2943961741403
Epoch 110
-----------------
loss = 258.33660642430186
Epoch 111
-----------------
loss = 258.3918439857662
Epoch 112
-----------------
loss = 258.4363618120551
Epoch 113
-----------------
loss = 258.4814137313515
Epoch 114
-----------------
loss = 258.5254603754729
Epoch 115
-----------------
loss = 258.57451158296317
Epoch 116
-----------------
loss = 258.63112983107567
Epoch 117
-----------------
loss = 258.69000231008977
Epoch 118
-----------------
loss = 258.7407721625641
Epoch 119
-----------------
loss = 258.79843437764794
Epoch 120
-----------------
loss = 258.85445901658386
Epoch 121
-----------------
loss = 258.90439544897527
Epoch 122
-----------------
loss = 258.95059203449637
Epoch 123
-----------------
loss = 259.0010687112808
Epoch 124
-----------------
loss = 259.0451708845794
Epoch 125
-----------------
loss = 259.0894374214113
Epoch 126
-----------------
loss = 259.1348515069112
Epoch 127
-----------------
loss = 259.17884046118706
Epoch 128
-----------------
loss = 259.22436014097184
Epoch 129
-----------------
loss = 259.27262059412897
Epoch 130
-----------------
loss = 259.324038120918
Epoch 131
-----------------
loss = 259.38113206159323
Epoch 132
-----------------
loss = 259.447197670117
Epoch 133
-----------------
loss = 259.5195933524519
Epoch 134
-----------------
loss = 259.60075848177075
Epoch 135
-----------------
loss = 259.68118585832417
Epoch 136
-----------------
loss = 259.76158382743597
Epoch 137
-----------------
loss = 259.8487451393157
Epoch 138
-----------------
loss = 259.93109493516386
Epoch 139
-----------------
loss = 260.0040052430704
Epoch 140
-----------------
loss = 260.0677807824686
Epoch 141
-----------------
loss = 260.12813562713563
Epoch 142
-----------------
loss = 260.17638163547963
Epoch 143
-----------------
loss = 260.2272049849853
Epoch 144
-----------------
loss = 260.26493838615716
Epoch 145
-----------------
loss = 260.3000598270446
Epoch 146
-----------------
loss = 260.31743830721825
Epoch 147
-----------------
loss = 260.3241501217708
Epoch 148
-----------------
loss = 260.3288176683709
Epoch 149
-----------------
loss = 260.3314744550735
Epoch 150
-----------------
loss = 260.3371286764741
Epoch 151
-----------------
best loss = 260.3371286764741, last loss = 260.3371286764741, loss = 260.33351652882993, diff loss = 0.003612147644162178, per = 0.001387507721758201
Epoch 152
-----------------
best loss = 260.3371286764741, last loss = 260.33351652882993, loss = 260.3289452055469, diff loss = 0.00818347092717886, per = 0.0031435117292537207
Epoch 153
-----------------
best loss = 260.3371286764741, last loss = 260.3289452055469, loss = 260.32266412489116, diff loss = 0.014464551582932472, per = 0.0055563934978757855
Epoch 154
-----------------
best loss = 260.3371286764741, last loss = 260.32266412489116, loss = 260.3182391701266, diff loss = 0.018889506347477436, per = 0.0072563130450235235
Epoch 155
-----------------
best loss = 260.3371286764741, last loss = 260.3182391701266, loss = 260.3120986549184, diff loss = 0.02503002155572176, per = 0.009615389252000422
Epoch 156
-----------------
best loss = 260.3371286764741, last loss = 260.3120986549184, loss = 260.29674885980785, diff loss = 0.04037981666624546, per = 0.015512993090817842
Epoch 157
-----------------
best loss = 260.3371286764741, last loss = 260.29674885980785, loss = 260.27341257967055, diff loss = 0.06371609680354595, per = 0.024480447761464012
Epoch 158
-----------------
best loss = 260.3371286764741, last loss = 260.27341257967055, loss = 260.26989328395575, diff loss = 0.06723539251834154, per = 0.02583295043080046
Epoch 159
-----------------
best loss = 260.3371286764741, last loss = 260.26989328395575, loss = 260.26016644760966, diff loss = 0.07696222886443138, per = 0.02957126705746723
Epoch 160
-----------------
loss = 260.26712485589087
Epoch 161
-----------------
best loss = 260.26712485589087, last loss = 260.26712485589087, loss = 260.2536924807355, diff loss = 0.013432375155389309, per = 0.005161262085218484
Epoch 162
-----------------
best loss = 260.26712485589087, last loss = 260.2536924807355, loss = 260.2468166286126, diff loss = 0.02030822727829218, per = 0.007803448872642007
Epoch 163
-----------------
best loss = 260.26712485589087, last loss = 260.2468166286126, loss = 260.22901734430343, diff loss = 0.03810751158744097, per = 0.014643836408536153
Epoch 164
-----------------
best loss = 260.26712485589087, last loss = 260.22901734430343, loss = 260.22170971147716, diff loss = 0.04541514441370964, per = 0.01745248098787147
Epoch 165
-----------------
best loss = 260.26712485589087, last loss = 260.22170971147716, loss = 260.2169253285974, diff loss = 0.05019952729344368, per = 0.019291415126073214
Epoch 166
-----------------
best loss = 260.26712485589087, last loss = 260.2169253285974, loss = 260.20628659054637, diff loss = 0.06083826534450054, per = 0.023380782279189896
Epoch 167
-----------------
best loss = 260.26712485589087, last loss = 260.20628659054637, loss = 260.2033908329904, diff loss = 0.06373402290046215, per = 0.024493924808754456
Epoch 168
-----------------
best loss = 260.26712485589087, last loss = 260.2033908329904, loss = 260.1932947281748, diff loss = 0.07383012771606445, per = 0.028375107741802165
Epoch 169
-----------------
loss = 260.19447004422545
Epoch 170
-----------------
loss = 260.19927898049355
Epoch 171
-----------------
best loss = 260.19927898049355, last loss = 260.19927898049355, loss = 260.193952312693, diff loss = 0.0053266678005456924, per = 0.002047191240688127
Epoch 172
-----------------
best loss = 260.19927898049355, last loss = 260.193952312693, loss = 260.1885775607079, diff loss = 0.010701419785618782, per = 0.00411294757285104
Epoch 173
-----------------
loss = 260.19419761933386
Epoch 174
-----------------
best loss = 260.19419761933386, last loss = 260.19419761933386, loss = 260.1938987756148, diff loss = 0.00029884371906518936, per = 0.00011485423773249398
Epoch 175
-----------------
loss = 260.20502719283104
Epoch 176
-----------------
loss = 260.2211501048878
Epoch 177
-----------------
loss = 260.23194130975753
Epoch 178
-----------------
loss = 260.23589315265417
Epoch 179
-----------------
loss = 260.2419116133824
Epoch 180
-----------------
loss = 260.26166822295636
Epoch 181
-----------------
loss = 260.27514547109604
Epoch 182
-----------------
loss = 260.29387090634555
Epoch 183
-----------------
loss = 260.3141645928845
Epoch 184
-----------------
loss = 260.3361267494038
Epoch 185
-----------------
loss = 260.357834299095
Epoch 186
-----------------
loss = 260.3876243783161
Epoch 187
-----------------
loss = 260.4147347509861
Epoch 188
-----------------
loss = 260.4516541650519
Epoch 189
-----------------
loss = 260.4870834639296
Epoch 190
-----------------
loss = 260.5233013536781
Epoch 191
-----------------
loss = 260.55862412881106
Epoch 192
-----------------
loss = 260.59049493726343
Epoch 193
-----------------
loss = 260.6325329290703
Epoch 194
-----------------
loss = 260.6812866758555
Epoch 195
-----------------
loss = 260.72323561180383
Epoch 196
-----------------
loss = 260.7681397246197
Epoch 197
-----------------
loss = 260.82093620300293
Epoch 198
-----------------
loss = 260.855750028044
Epoch 199
-----------------
loss = 260.88710196409374
Epoch 200
-----------------
loss = 260.91252034157515
[(381, 1), (746, 1), (830, 1), (724, 1), (243, 1), (734, 1), (521, 1), (325, 1), (833, 1), (52, 1), (747, 1), (645, 1), (271, 1), (735, 1), (139, 1), (503, 1), (125, 1), (971, 1), (164, 1), (534, 1), (847, 1), (86, 1), (302, 1), (317, 1), (277, 1), (733, 1), (134, 1), (623, 1), (128, 1), (487, 1), (852, 1), (697, 1), (342, 1), (98, 1), (273, 1), (152, 1), (671, 1), (245, 1), (252, 1), (261, 1), (238, 1), (657, 1), (28, 1), (140, 1), (11, 1), (0, 1), (65, 1), (633, 1), (1012, 1), (403, 1), (888, 1), (727, 1), (590, 1), (327, 1), (496, 1), (962, 1), (715, 1), (889, 1), (585, 1), (95, 1), (227, 1), (30, 1), (664, 1), (997, 1), (547, 2), (369, 2), (350, 2), (173, 2), (51, 2), (55, 2), (490, 2), (389, 2), (787, 2), (802, 2), (25, 2), (765, 2), (315, 2), (83, 2), (621, 2), (856, 2), (114, 2), (1018, 2), (391, 2), (382, 2), (270, 2), (690, 2), (450, 3), (527, 3), (479, 3), (307, 3), (106, 3), (339, 3), (586, 3), (185, 3), (7, 3), (797, 3), (66, 3), (377, 3), (417, 3), (1010, 3), (839, 3), (319, 4), (85, 4), (647, 4), (276, 4), (894, 4), (316, 4), (299, 4), (149, 5), (576, 5), (364, 5), (698, 5), (71, 5), (823, 5), (246, 5), (56, 5), (677, 5), (979, 5), (703, 5), (424, 5), (1006, 5), (827, 6), (97, 6), (367, 6), (240, 6), (959, 6), (684, 7), (552, 7), (91, 7), (211, 7), (955, 7), (956, 7), (413, 7), (933, 7), (815, 8), (181, 8), (234, 8), (961, 8), (492, 8), (720, 8), (205, 8), (996, 8), (837, 9), (810, 9), (675, 9), (941, 9), (807, 9), (474, 9), (90, 9), (825, 9), (984, 9), (571, 10), (411, 10), (1004, 10), (174, 10), (730, 10), (567, 10), (892, 10), (233, 10), (476, 11), (578, 11), (60, 11), (397, 11), (447, 11), (666, 11), (404, 11), (446, 11), (626, 12), (49, 12), (958, 12), (291, 12), (862, 13), (943, 13), (637, 13), (891, 14), (609, 14), (828, 14), (116, 14), (160, 14), (427, 14), (942, 14), (952, 14), (258, 15), (148, 15), (949, 15), (438, 15), (59, 15), (582, 15), (767, 15), (1005, 15), (84, 15), (425, 16), (540, 16), (190, 16), (426, 16), (340, 16), (14, 16), (388, 16), (820, 17), (63, 17), (42, 17), (662, 17), (778, 17), (583, 18), (3, 18), (460, 18), (887, 19), (595, 19), (992, 20), (566, 20), (54, 20), (180, 20), (688, 20), (483, 20), (265, 20), (368, 21), (963, 21), (1015, 21), (244, 21), (796, 21), (35, 22), (991, 22), (249, 22), (322, 23), (791, 23), (565, 23), (934, 24), (304, 24), (153, 24), (338, 24), (779, 24), (817, 24), (618, 25), (849, 25), (390, 25), (373, 26), (323, 27), (285, 27), (267, 28), (1003, 29), (39, 29), (192, 29), (456, 32), (378, 32), (603, 32), (489, 33), (857, 33), (217, 33), (370, 33), (548, 34), (257, 34), (20, 35), (186, 35), (442, 36), (305, 36), (200, 36), (544, 37), (620, 37), (904, 37), (19, 38), (721, 38), (775, 38), (135, 40), (9, 40), (794, 40), (535, 40), (673, 40), (829, 41), (343, 41), (81, 41), (236, 41), (329, 42), (399, 42), (292, 43), (241, 43), (530, 44), (196, 44), (935, 44), (418, 44), (538, 45), (964, 45), (873, 47), (110, 48), (445, 48), (766, 48), (638, 48), (401, 49), (517, 50), (564, 50), (415, 50), (977, 52), (1009, 52), (895, 52), (700, 53), (803, 53), (520, 53), (18, 53), (120, 54), (497, 54), (99, 54), (206, 55), (885, 55), (909, 55), (406, 55), (1008, 55), (363, 56), (354, 56), (841, 56), (950, 56), (213, 58), (405, 58), (407, 59), (599, 59), (158, 59), (82, 60), (561, 60), (432, 60), (554, 61), (989, 61), (875, 62), (44, 63), (635, 65), (124, 66), (622, 66), (865, 66), (510, 68), (293, 69), (422, 69), (330, 72), (13, 72), (222, 73), (229, 77), (916, 77), (33, 78), (374, 79), (854, 79), (579, 80), (699, 81), (687, 81), (493, 82), (886, 82), (972, 82), (223, 83), (115, 83), (630, 84), (255, 84), (911, 87), (351, 88), (613, 89), (890, 90), (349, 90), (133, 92), (27, 94), (256, 96), (470, 96), (434, 97), (771, 98), (366, 99), (988, 100), (278, 100), (507, 101), (846, 101), (435, 102), (500, 103), (353, 104), (141, 106), (231, 106), (639, 106), (159, 109), (154, 111), (383, 111), (482, 112), (462, 113), (294, 113), (289, 114), (631, 116), (358, 117), (157, 118), (12, 119), (88, 119), (331, 120), (102, 121), (845, 122), (598, 126), (644, 127), (1016, 133), (793, 137), (709, 139), (1011, 139), (569, 141), (21, 141), (902, 142), (112, 143), (939, 146), (674, 146), (899, 146), (913, 146), (523, 147), (840, 150), (408, 154), (726, 154), (501, 155), (884, 157), (838, 159), (877, 165), (1001, 170), (537, 170), (588, 171), (686, 175), (929, 177), (218, 177), (260, 177), (572, 179), (29, 182), (850, 183), (524, 184), (53, 191), (47, 192), (226, 193), (137, 194), (461, 194), (591, 197), (145, 197), (990, 199), (965, 201), (981, 207), (210, 209), (421, 210), (96, 211), (546, 214), (811, 215), (262, 216), (526, 219), (5, 226), (151, 234), (695, 237), (6, 238), (788, 239), (960, 241), (858, 241), (105, 245), (132, 248), (247, 251), (176, 254), (230, 254), (853, 256), (758, 269), (203, 270), (337, 273), (744, 276), (785, 277), (515, 283), (464, 285), (283, 288), (980, 293), (454, 294), (111, 303), (812, 310), (34, 310), (166, 311), (1017, 314), (898, 320), (224, 326), (94, 327), (643, 329), (755, 338), (376, 348), (761, 349), (683, 357), (824, 358), (801, 358), (800, 360), (189, 365), (334, 365), (976, 383), (921, 386), (900, 392), (109, 403), (832, 412), (250, 422), (178, 424), (136, 427), (251, 429), (619, 430), (908, 447), (248, 448), (311, 465), (784, 471), (605, 480), (484, 491), (731, 494), (332, 496), (912, 498), (449, 499), (798, 518), (556, 527), (130, 532), (1002, 533), (870, 534), (999, 535), (360, 536), (819, 538), (347, 544), (843, 555), (356, 564), (144, 565), (184, 589), (428, 595), (396, 599), (814, 607), (117, 615), (455, 618), (907, 630), (826, 631), (463, 647), (717, 647), (593, 647), (922, 657), (443, 668), (917, 672), (122, 677), (780, 680), (328, 692), (624, 715), (741, 716), (300, 719), (953, 721), (318, 732), (225, 735), (372, 753), (808, 759), (869, 762), (439, 768), (138, 775), (518, 776), (506, 795), (68, 798), (395, 798), (640, 807), (481, 814), (601, 816), (577, 830), (772, 877), (531, 891), (836, 915), (560, 918), (437, 928), (607, 935), (216, 944), (867, 947), (920, 953), (835, 1014), (344, 1068), (187, 1085), (385, 1091), (600, 1100), (897, 1116), (1021, 1133), (790, 1153), (614, 1159), (355, 1162), (616, 1215), (594, 1215), (78, 1220), (706, 1226), (770, 1275), (610, 1290), (310, 1319), (940, 1339), (968, 1430), (754, 1458), (465, 1470), (400, 1473), (502, 1498), (64, 1510), (994, 1516), (67, 1522), (156, 1614), (705, 1615), (750, 1640), (1000, 1663), (745, 1676), (722, 1694), (568, 1730), (341, 1767), (751, 1825), (661, 1828), (685, 1838), (451, 1841), (380, 1859), (668, 1872), (290, 1892), (1013, 1980), (215, 2045), (693, 2086), (436, 2095), (16, 2106), (494, 2143), (718, 2161), (925, 2166), (477, 2192), (738, 2318), (781, 2329), (488, 2339), (24, 2505), (584, 2513), (466, 2664), (37, 2679), (459, 2934), (714, 2971), (281, 2999), (592, 3063), (259, 3063), (92, 3151), (126, 3167), (763, 3267), (930, 3482), (2, 3514), (410, 3669), (471, 3691), (893, 3836), (275, 3840), (901, 3882), (881, 3926), (876, 3929), (606, 3987), (660, 4032), (563, 4114), (274, 4163), (924, 4250), (108, 4294), (944, 4317), (103, 4390), (646, 4462), (280, 4463), (172, 4483), (931, 4524), (1, 4627), (732, 4658), (574, 4669), (279, 4778), (617, 4844), (191, 5005), (969, 5019), (296, 5041), (237, 5163), (776, 5169), (844, 5302), (170, 5349), (627, 5508), (936, 5802), (104, 5886), (179, 6138), (15, 6342), (863, 6358), (386, 6389), (760, 6521), (805, 6527), (444, 6574), (816, 6664), (36, 6838), (107, 6937), (799, 6947), (288, 7056), (17, 7220), (448, 7275), (806, 7279), (786, 7579), (536, 7624), (667, 7762), (851, 8194), (352, 8421), (818, 8436), (414, 8513), (648, 8568), (541, 8600), (469, 9305), (973, 9364), (412, 9365), (519, 9555), (268, 9821), (431, 9834), (678, 9921), (379, 10267), (742, 10268), (550, 10279), (398, 10280), (728, 11476), (737, 11629), (336, 11702), (8, 11759), (740, 11877), (914, 12067), (919, 12645), (759, 13804), (529, 14072), (878, 14784), (72, 15153), (512, 15856), (871, 16095), (951, 16099), (101, 16576), (938, 16918), (642, 17627), (998, 17902), (433, 18039), (202, 18693), (485, 18712), (171, 19601), (923, 19804), (121, 19812), (239, 20562), (704, 20773), (587, 21285), (774, 21704), (882, 21758), (409, 22195), (539, 22940), (430, 23344), (777, 23867), (945, 23877), (10, 25257), (948, 25278), (864, 25886), (486, 26006), (628, 26584), (906, 26827), (511, 27226), (129, 28184), (266, 28277), (954, 28554), (313, 29390), (50, 29512), (62, 29692), (768, 29750), (795, 30167), (879, 30323), (40, 30555), (118, 30728), (309, 30897), (57, 31596), (652, 31668), (694, 31936), (883, 31977), (681, 32678), (689, 32913), (242, 34341), (335, 34564), (696, 35083), (842, 35099), (762, 35428), (995, 36091), (947, 37374), (558, 37658), (472, 38253), (165, 38639), (986, 39153), (219, 39645), (253, 40383), (729, 41323), (284, 41827), (177, 42326), (61, 42770), (508, 43345), (286, 43702), (264, 44304), (175, 44463), (860, 45461), (813, 47405), (1020, 48113), (680, 48574), (155, 48899), (707, 48995), (423, 49229), (195, 49733), (131, 53035), (739, 53037), (394, 54868), (974, 55045), (77, 56245), (429, 60981), (915, 61120), (298, 62639), (615, 62759), (516, 66225), (542, 67665), (87, 68212), (559, 69015), (551, 69171), (362, 69707), (975, 71735), (712, 75386), (672, 75760), (896, 76973), (580, 78285), (146, 79112), (753, 79781), (504, 82693), (41, 84718), (928, 84766), (545, 85657), (308, 87560), (207, 88120), (804, 90340), (553, 90920), (691, 91120), (611, 95782), (416, 95919), (1007, 96807), (987, 98046), (199, 98050), (570, 99426), (978, 102881), (650, 105925), (653, 108083), (214, 108270), (629, 111249), (491, 111686), (198, 112134), (295, 112491), (142, 112808), (221, 116261), (649, 116906), (314, 118945), (809, 125255), (625, 128609), (371, 130217), (932, 130288), (993, 131284), (983, 131439), (848, 135164), (966, 136051), (453, 141198), (269, 142068), (232, 144565), (743, 147589), (209, 150370), (228, 155407), (522, 158003), (880, 158394), (636, 165755), 
(76, 175180), (375, 180145), (910, 181089), (73, 181151), (575, 193956), (167, 194415), (514, 194911), (197, 198584), (361, 198705), (676, 203138), (26, 203762), (357, 204394), (359, 217987), (525, 225658), (212, 225675), (499, 226091), (402, 231643), (665, 234159), (495, 235405), (874, 241455), (475, 247756), (301, 250830), (555, 255609), (1023, 256071), (701, 256952), (143, 260227), (855, 261395), (505, 266581), (80, 267848), (713, 273129), (557, 278065), (612, 283974), (596, 311554), (345, 321387), (641, 321907), (982, 340805), (194, 344509), (946, 348924), (533, 351136), (651, 352778), (183, 362649), (467, 370649), (663, 375010), (926, 375067), (773, 382089), (193, 388956), (957, 391407), (473, 397882), (692, 398525), (393, 413479), (719, 418369), (93, 426579), (32, 427660), (440, 435584), (127, 444555), (749, 445750), (970, 446551), (263, 446964), (452, 456774), (757, 468028), (562, 486832), (22, 495370), (113, 498813), (679, 525220), (549, 534370), (384, 539987), (937, 572180), (208, 578781), (632, 582362), (711, 599570), (682, 620998), (658, 624490), (659, 627783), (967, 629121), (792, 635617), (70, 650263), (543, 658405), (748, 678526), (306, 684084), (702, 687549), (182, 703229), (346, 704431), (162, 744630), (581, 762498), (872, 765897), (736, 788764), (710, 798893), (204, 799593), (324, 950944), (597, 954736), (868, 959168), (303, 972176), (918, 986072), (752, 999960), (708, 1045251), (764, 1064927), (282, 1144313), (608, 1152796), (297, 1235731), (822, 1238150), (333, 1316066), (903, 1362896), (79, 1374788), (254, 1399516), (716, 1436210), (147, 1487887), (58, 1501714), (75, 1553070), (927, 1566088), (365, 1575044), (725, 1588617), (43, 1624420), (4, 1678908), (528, 1715450), (387, 1718320), (866, 1763145), (789, 1834800), (821, 1923507), (831, 1974493), (419, 1997828), (656, 2045665), (670, 2045671), (392, 2091377), (769, 2126913), (985, 2275604), (478, 2335280), (100, 2348869), (905, 2484173), (272, 2540872), (287, 2615225), (161, 2815445), (654, 2833400), (168, 2859151), (46, 3153471), (119, 3205939), (783, 3240736), (45, 3266710), (420, 3377835), (31, 3438120), (321, 3613347), (573, 3801914), (348, 4035806), (756, 4129005), (589, 4142594), (498, 4147975), (532, 4280773), (441, 4447408), (163, 4643144), (859, 4742975), (123, 5101112), (669, 5121130), (468, 5145869), (326, 5723738), (1014, 6156166), (169, 6453328), (188, 6522875), (480, 6626994), (655, 6695873), (861, 6938223), (89, 7012102), (69, 7085532), (320, 7901653), (235, 8016534), (23, 8355138), (723, 8602136), (602, 9041432), (782, 9073971), (48, 9407768), (457, 10164585), (634, 11083042), (513, 14082680), (38, 15776357), (312, 17591784), (1019, 19704468), (74, 28967310), (604, 29459946), (201, 30030735), (1022, 30254485), (509, 64638117), (150, 83812501), (834, 954317357)]
Done!
Saved PyTorch Model State to model.pth
